<?xml version="1.0" encoding="utf-8" standalone="no"?>
<test-run id="2" testcasecount="185" result="Passed" total="185" passed="185" failed="0" inconclusive="0" skipped="0" asserts="1938" engine-version="3.10.0.0" clr-version="4.0.30319.42000" start-time="2020-05-03 00:09:23Z" end-time="2020-05-03 00:09:25Z" duration="2.673850">
  <command-line><![CDATA["C:\ProgramData\chocolatey\lib\nunit-console-runner\tools\nunit3-console.exe" ..\..\src\Testing\Specflow\bin\Debug\Testing.Specflow.dll --result=report.txt;transform=..\..\..\nunit-transforms\nunit3-summary\text-report.xslt --result=report.html;transform=..\..\..\nunit-transforms\nunit3-summary\html-report.xslt --result=readme.md;transform=..\md-report.xslt --result=TestResult.xml]]></command-line>
  <test-suite type="Assembly" id="0-1200" name="Testing.Specflow.dll" fullname="F:\src\BenedictionGame\src\Testing\Specflow\bin\Debug\Testing.Specflow.dll" runstate="Runnable" testcasecount="185" result="Passed" start-time="2020-05-03 00:09:23Z" end-time="2020-05-03 00:09:24Z" duration="1.226412" total="185" passed="185" failed="0" warnings="0" inconclusive="0" skipped="0" asserts="1938">
    <environment framework-version="3.12.0.0" clr-version="4.0.30319.42000" os-version="Microsoft Windows NT 10.0.17763.0" platform="Win32NT" cwd="F:\src\BenedictionGame\testruns\latest" machine-name="SPENCER-VR" user="Oculus Rift" user-domain="SPENCER-VR" culture="en-US" uiculture="en-US" os-architecture="x64" />
    <settings>
      <setting name="DisposeRunners" value="True" />
      <setting name="WorkDirectory" value="F:\src\BenedictionGame\testruns\latest" />
      <setting name="ImageRuntimeVersion" value="4.0.30319" />
      <setting name="ImageTargetFrameworkName" value=".NETFramework,Version=v4.7.1" />
      <setting name="ImageRequiresX86" value="False" />
      <setting name="ImageRequiresDefaultAppDomainAssemblyResolver" value="False" />
      <setting name="NumberOfTestWorkers" value="12" />
    </settings>
    <properties>
      <property name="_PID" value="18624" />
      <property name="_APPDOMAIN" value="domain-" />
    </properties>
    <test-suite type="SetUpFixture" id="0-1000" name="[default namespace]" fullname="Testing_Specflow_NUnitAssemblyHooks" classname="Testing_Specflow_NUnitAssemblyHooks" runstate="Runnable" testcasecount="185" result="Passed" start-time="2020-05-03 00:09:23Z" end-time="2020-05-03 00:09:24Z" duration="1.210171" total="185" passed="185" failed="0" warnings="0" inconclusive="0" skipped="0" asserts="1938">
      <output><![CDATA[-> Loading plugin F:\src\BenedictionGame\src\Testing\Specflow\bin\Debug\TechTalk.SpecFlow.NUnit.SpecFlowPlugin.dll
-> Using default config
]]></output>
      <test-suite type="TestSuite" id="0-1201" name="Testing" fullname="Testing" runstate="Runnable" testcasecount="185" result="Passed" start-time="2020-05-03 00:09:24Z" end-time="2020-05-03 00:09:24Z" duration="0.550830" total="185" passed="185" failed="0" warnings="0" inconclusive="0" skipped="0" asserts="1938">
        <test-suite type="TestSuite" id="0-1202" name="Specflow" fullname="Testing.Specflow" runstate="Runnable" testcasecount="185" result="Passed" start-time="2020-05-03 00:09:24Z" end-time="2020-05-03 00:09:24Z" duration="0.550808" total="185" passed="185" failed="0" warnings="0" inconclusive="0" skipped="0" asserts="1938">
          <test-suite type="TestSuite" id="0-1203" name="Features" fullname="Testing.Specflow.Features" runstate="Runnable" testcasecount="185" result="Passed" start-time="2020-05-03 00:09:24Z" end-time="2020-05-03 00:09:24Z" duration="0.550803" total="185" passed="185" failed="0" warnings="0" inconclusive="0" skipped="0" asserts="1938">
            <test-suite type="TestSuite" id="0-1205" name="ExampleGames" fullname="Testing.Specflow.Features.ExampleGames" runstate="Runnable" testcasecount="2" result="Passed" start-time="2020-05-03 00:09:24Z" end-time="2020-05-03 00:09:24Z" duration="0.274866" total="2" passed="2" failed="0" warnings="0" inconclusive="0" skipped="0" asserts="551">
              <test-suite type="TestFixture" id="0-1197" name="AlekSamplesFeature" fullname="Testing.Specflow.Features.ExampleGames.AlekSamplesFeature" classname="Testing.Specflow.Features.ExampleGames.AlekSamplesFeature" runstate="Runnable" testcasecount="2" result="Passed" start-time="2020-05-03 00:09:24Z" end-time="2020-05-03 00:09:24Z" duration="0.273970" total="2" passed="2" failed="0" warnings="0" inconclusive="0" skipped="0" asserts="551">
                <properties>
                  <property name="Description" value="Alek Samples" />
                  <property name="Category" value="scenario-image-only" />
                </properties>
                <test-case id="0-1198" name="AlekSampleGame1" fullname="Testing.Specflow.Features.ExampleGames.AlekSamplesFeature.AlekSampleGame1" methodname="AlekSampleGame1" classname="Testing.Specflow.Features.ExampleGames.AlekSamplesFeature" runstate="Runnable" seed="1950228558" result="Passed" start-time="2020-05-03 00:09:24Z" end-time="2020-05-03 00:09:24Z" duration="0.209141" asserts="261">
                  <properties>
                    <property name="Description" value="Alek Sample Game 1" />
                  </properties>
                  <output><![CDATA[Given I define board NewGame as:
  --- table step argument ---
  | New Game Board            |
  | Benediction v1: R-E2 B E8 |
  | R:D12E12k3F12             |
  | B:D78E78k9F78             |
-> done: SetupSteps.GivenIDefine("NewGame", <table>) (0.0s)
Given I have board NewGame
Loaded board NewGame.
-> done: SetupSteps.GivenIHaveNamedBoard("NewGame") (0.0s)
When the following moves are performed:
  --- table step argument ---
  | RedAction1 | RedAction2 | BlueAction1 | BlueAction2 |
  | e3e4       | @e3        | f8+f7       | @f8         |
  | d1+d2      | @d1        | d7d6        | @d7         |
  | f1+f2      | @f1        | f7f5        | @f7         |
  | f2f4       | f4-1-f5    | d7+d6       | d6b4        |
  | d2f3       | @f2        | b4b2        | Bc2         |
  | f3h3       | f1+f2      | b2i5        | e9+f8       |
  | h3h5       | h5-1-i5    | @e9         | @d7         |
  | f4g4       | f2f4       | f8h6        | h6-1-i5     |
  | e3+e4      | h5i5       | h6i5        | @f8         |
  | f4d5       | e4e5       | e8+e9       | Bc7         |
  | e1+e2      | e2e4       | f7+e7       | e7e5        |
  | e4e5       | d5e6       | Be7         | @f7         |
  | e5c5       | Ba5        | d8+d7       | @d8         |
  | e6c6       | c6-1-d7    | d8d7        | @d8         |
  | c5b4       | c6d7       |             |             |
Accepted: e3e4
Accepted: @e3
Accepted: f8+f7
Accepted: @f8
Accepted: d1+d2
Accepted: @d1
Accepted: d7d6
Accepted: @d7
Accepted: f1+f2
Accepted: @f1
Accepted: f7f5
Accepted: @f7
Accepted: f2f4
Accepted: f4-1-f5
Accepted: d7+d6
Accepted: d6b4
Accepted: d2f3
Accepted: @f2
Accepted: b4b2
Accepted: Bc2
Accepted: f3h3
Accepted: f1+f2
Accepted: b2i5
Accepted: e9+f8
Accepted: h3h5
Accepted: h5-1-i5
Accepted: @e9
Accepted: @d7
Accepted: f4g4
Accepted: f2f4
Accepted: f8h6
Accepted: h6-1-i5
Accepted: e3+e4
Accepted: h5i5
Accepted: h6i5
Accepted: @f8
Accepted: f4d5
Accepted: e4e5
Accepted: e8+e9
Accepted: Bc7
Accepted: e1+e2
Accepted: e2e4
Accepted: f7+e7
Accepted: e7e5
Accepted: e4e5
Accepted: d5e6
Accepted: Be7
Accepted: @f7
Accepted: e5c5
Accepted: Ba5
Accepted: d8+d7
Accepted: @d8
Accepted: e6c6
Accepted: c6-1-d7
Accepted: d8d7
Accepted: @d8
Accepted: c5b4
Accepted: c6d7
-> done: ActionSteps.WhenTheFollowingMoves(<table>) (0.1s)
Then the following locations match:
  --- table step argument ---
  | Location | Contents | Size | Type   |
  | A5       | Block    |      |        |
  | C7       | Block    |      |        |
  | C2       | Block    |      |        |
  | E7       | Block    |      |        |
  | D1       | Red      | 1    | Normal |
  | B4       | Red      | 2    | King   |
  | D7       | Red      | 1    | Cursed |
  | F5       | Red      | 1    | Cursed |
  | G4       | Red      | 1    | Cursed |
  | D8       | Blue     | 1    | Normal |
  | E9       | Blue     | 2    | King   |
  | F7       | Blue     | 1    | Normal |
  | F8       | Blue     | 1    | Normal |
  | I5       | Blue     | 1    | Cursed |
A5 OK
C7 OK
C2 OK
E7 OK
D1 OK
B4 OK
D7 OK
F5 OK
G4 OK
D8 OK
E9 OK
F7 OK
F8 OK
I5 OK
-> done: ValidationSteps.ThenTheFollowingLocationsMatch(<table>) (0.0s)
![Board Snapshot](https://raw.githubusercontent.com/MichaelSpencerJr/BenedictionGame/master/testruns/images/cbfbe4fe-269a-d5b9-20fa-1a0f44a4c1c8.png?raw=true)
]]></output>
                </test-case>
                <test-case id="0-1199" name="AlekSampleGame2" fullname="Testing.Specflow.Features.ExampleGames.AlekSamplesFeature.AlekSampleGame2" methodname="AlekSampleGame2" classname="Testing.Specflow.Features.ExampleGames.AlekSamplesFeature" runstate="Runnable" seed="1480417793" result="Passed" start-time="2020-05-03 00:09:24Z" end-time="2020-05-03 00:09:24Z" duration="0.009169" asserts="290">
                  <properties>
                    <property name="Description" value="Alek Sample Game 2" />
                  </properties>
                  <output><![CDATA[Given I define board NewGame as:
  --- table step argument ---
  | New Game Board            |
  | Benediction v1: R-E2 B E8 |
  | R:D12E12k3F12             |
  | B:D78E78k9F78             |
-> done: SetupSteps.GivenIDefine("NewGame", <table>) (0.0s)
Given I have board NewGame
Loaded board NewGame.
-> done: SetupSteps.GivenIHaveNamedBoard("NewGame") (0.0s)
When the following moves are performed:
  --- table step argument ---
  | RedAction1 | RedAction2 | BlueAction1 | BlueAction2 |
  | f1+f2      | @f1        | f8+f7       | @f8         |
  | d2+e3      | @d2        | d7+e7       | @d7         |
  | d1+d2      | @d1        | d8+d7       | @d8         |
  | e1+d1      | @e1        | e9+d8       | @e9         |
  | e1+f1      | @e1        | f8+e9       | @f8         |
  | e1+e2      | @e1        | f8+e8       | @f8         |
  | d1d3       | @d1        | d7b5        | @d7         |
  | f2h2       | @f2        | f7f5        | @f7         |
  | h2f4       | f4-1-f5    | e7e6        | e6-1-f5     |
  | Be7        | f4f5       | e6f5        | b5d5        |
  | d3d5       | d2d4       | d8-1-d7     | d7d5        |
  | d4d5       | f1f3       | f8+f7       | e8f8        |
  | d5f6       | f6-1-f7    | f5f6        | f8f7        |
  | f3f4       | e3e5       | f7e8        | @f7         |
  | e5d5       | f4f6       | f7f6        | e8f8        |
  | d5f6       | e2e4       | f8f6        | Be5         |
  | e4d3       | @e3        | f6h4        | Bh2         |
  | f2+e3      | e3g3       |             |             |
Accepted: f1+f2
Accepted: @f1
Accepted: f8+f7
Accepted: @f8
Accepted: d2+e3
Accepted: @d2
Accepted: d7+e7
Accepted: @d7
Accepted: d1+d2
Accepted: @d1
Accepted: d8+d7
Accepted: @d8
Accepted: e1+d1
Accepted: @e1
Accepted: e9+d8
Accepted: @e9
Accepted: e1+f1
Accepted: @e1
Accepted: f8+e9
Accepted: @f8
Accepted: e1+e2
Accepted: @e1
Accepted: f8+e8
Accepted: @f8
Accepted: d1d3
Accepted: @d1
Accepted: d7b5
Accepted: @d7
Accepted: f2h2
Accepted: @f2
Accepted: f7f5
Accepted: @f7
Accepted: h2f4
Accepted: f4-1-f5
Accepted: e7e6
Accepted: e6-1-f5
Accepted: Be7
Accepted: f4f5
Accepted: e6f5
Accepted: b5d5
Accepted: d3d5
Accepted: d2d4
Accepted: d8-1-d7
Accepted: d7d5
Accepted: d4d5
Accepted: f1f3
Accepted: f8+f7
Accepted: e8f8
Accepted: d5f6
Accepted: f6-1-f7
Accepted: f5f6
Accepted: f8f7
Accepted: f3f4
Accepted: e3e5
Accepted: f7e8
Accepted: @f7
Accepted: e5d5
Accepted: f4f6
Accepted: f7f6
Accepted: e8f8
Accepted: d5f6
Accepted: e2e4
Accepted: f8f6
Accepted: Be5
Accepted: e4d3
Accepted: @e3
Accepted: f6h4
Accepted: Bh2
Accepted: f2+e3
Accepted: e3g3
-> done: ActionSteps.WhenTheFollowingMoves(<table>) (0.0s)
Then the following locations match:
  --- table step argument ---
  | Location | Contents | Size | Type   |
  | E5       | Block    |      |        |
  | E7       | Block    |      |        |
  | H2       | Block    |      |        |
  | D1       | Red      | 1    | Normal |
  | D3       | Red      | 2    | King   |
  | E1       | Red      | 1    | Normal |
  | G3       | Red      | 2    | Normal |
  | D8       | Blue     | 1    | Normal |
  | H4       | Blue     | 2    | King   |
E5 OK
E7 OK
H2 OK
D1 OK
D3 OK
E1 OK
G3 OK
D8 OK
H4 OK
-> done: ValidationSteps.ThenTheFollowingLocationsMatch(<table>) (0.0s)
![Board Snapshot](https://raw.githubusercontent.com/MichaelSpencerJr/BenedictionGame/master/testruns/images/18d1edce-a867-a82c-a5b7-fc11081a6f77.png?raw=true)
]]></output>
                </test-case>
              </test-suite>
            </test-suite>
            <test-suite type="TestSuite" id="0-1204" name="GameRules" fullname="Testing.Specflow.Features.GameRules" runstate="Runnable" testcasecount="183" result="Passed" start-time="2020-05-03 00:09:24Z" end-time="2020-05-03 00:09:24Z" duration="0.550794" total="183" passed="183" failed="0" warnings="0" inconclusive="0" skipped="0" asserts="1387">
              <test-suite type="TestFixture" id="0-1001" name="BlockRulesFeature" fullname="Testing.Specflow.Features.GameRules.BlockRulesFeature" classname="Testing.Specflow.Features.GameRules.BlockRulesFeature" runstate="Runnable" testcasecount="7" result="Passed" start-time="2020-05-03 00:09:24Z" end-time="2020-05-03 00:09:24Z" duration="0.017674" total="7" passed="7" failed="0" warnings="0" inconclusive="0" skipped="0" asserts="105">
                <properties>
                  <property name="Description" value="Block Rules" />
                  <property name="Category" value="every-change" />
                </properties>
                <test-case id="0-1002" name="BlockHappyPath" fullname="Testing.Specflow.Features.GameRules.BlockRulesFeature.BlockHappyPath" methodname="BlockHappyPath" classname="Testing.Specflow.Features.GameRules.BlockRulesFeature" runstate="Runnable" seed="1836747516" result="Passed" start-time="2020-05-03 00:09:24Z" end-time="2020-05-03 00:09:24Z" duration="0.005031" asserts="5">
                  <properties>
                    <property name="Description" value="Block Happy Path" />
                  </properties>
                  <output><![CDATA[Given I define board NewGame as:
  --- table step argument ---
  | New Game Board            |
  | Benediction v1: R-E2 B E8 |
  | R:D12E12k3F12             |
  | B:D78E78k9F78             |
-> done: SetupSteps.GivenIDefine("NewGame", <table>) (0.0s)
Given I have board NewGame
![Board Snapshot](https://raw.githubusercontent.com/MichaelSpencerJr/BenedictionGame/master/testruns/images/4c42702c-34cb-0ba7-c11c-9e2272422602.png?raw=true)
Loaded board NewGame.
-> done: SetupSteps.GivenIHaveNamedBoard("NewGame") (0.0s)
When the red player blockades A1
Accepted: Ba1
-> done: ActionSteps.WhenIBlockade(Red, A1) (0.0s)
Then the action succeeds
-> done: ValidationSteps.ThenTheActionSucceeds() (0.0s)
And the board has blocks matching: A1
Successfully validated 1 block.
-> done: ValidationSteps.ThenTheBoardHasBlocksMatching("A1") (0.0s)
]]></output>
                </test-case>
                <test-case id="0-1003" name="BlockMaximum" fullname="Testing.Specflow.Features.GameRules.BlockRulesFeature.BlockMaximum" methodname="BlockMaximum" classname="Testing.Specflow.Features.GameRules.BlockRulesFeature" runstate="Runnable" seed="1129078785" result="Passed" start-time="2020-05-03 00:09:24Z" end-time="2020-05-03 00:09:24Z" duration="0.004598" asserts="65">
                  <properties>
                    <property name="Description" value="Block Maximum" />
                    <property name="Category" value="scenario-image-only" />
                  </properties>
                  <output><![CDATA[Given I define board NewGame as:
  --- table step argument ---
  | New Game Board            |
  | Benediction v1: R-E2 B E8 |
  | R:D12E12k3F12             |
  | B:D78E78k9F78             |
-> done: SetupSteps.GivenIDefine("NewGame", <table>) (0.0s)
Given I have an empty E2 E8 board
Loaded empty game board with Red Home at E2 and Blue Home at E8
-> done: SetupSteps.GivenIHaveAnEmptyBoard(E2, E8) (0.0s)
When the following moves are performed:
  --- table step argument ---
  | RedAction1 | RedAction2 | BlueAction1 | BlueAction2 |
  | Be9        | Bb6        | Bd7         | Bf7         |
  | Bh6        | Ba4        | Bc5         | Be6         |
  | Bg5        | Bi4        | Bb3         | Bd4         |
  | Bf4        | Bh3        | Ba1         | Bc2         |
  | Be3        | Bg2        | Bi1         | Bd1         |
  | Bf1        |            |             |             |
Accepted: Be9
Accepted: Bb6
Accepted: Bd7
Accepted: Bf7
Accepted: Bh6
Accepted: Ba4
Accepted: Bc5
Accepted: Be6
Accepted: Bg5
Accepted: Bi4
Accepted: Bb3
Accepted: Bd4
Accepted: Bf4
Accepted: Bh3
Accepted: Ba1
Accepted: Bc2
Accepted: Be3
Accepted: Bg2
Accepted: Bi1
Accepted: Bd1
Accepted: Bf1
-> done: ActionSteps.WhenTheFollowingMoves(<table>) (0.0s)
Then the board has blocks matching: A14B36C25D147E369F147G25H36I14
Successfully validated 21 blocks.
-> done: ValidationSteps.ThenTheBoardHasBlocksMatching("A14B36C25D147E369...") (0.0s)
![Board Snapshot](https://raw.githubusercontent.com/MichaelSpencerJr/BenedictionGame/master/testruns/images/bc5dab43-1e58-4c80-a904-8567f18be91f.png?raw=true)
]]></output>
                </test-case>
                <test-case id="0-1005" name="CannotBlockAdjacentAnotherBlock" fullname="Testing.Specflow.Features.GameRules.BlockRulesFeature.CannotBlockAdjacentAnotherBlock" methodname="CannotBlockAdjacentAnotherBlock" classname="Testing.Specflow.Features.GameRules.BlockRulesFeature" runstate="Runnable" seed="1339445895" result="Passed" start-time="2020-05-03 00:09:24Z" end-time="2020-05-03 00:09:24Z" duration="0.002523" asserts="7">
                  <properties>
                    <property name="Description" value="Cannot Block Adjacent Another Block" />
                  </properties>
                  <output><![CDATA[Given I define board NewGame as:
  --- table step argument ---
  | New Game Board            |
  | Benediction v1: R-E2 B E8 |
  | R:D12E12k3F12             |
  | B:D78E78k9F78             |
-> done: SetupSteps.GivenIDefine("NewGame", <table>) (0.0s)
Given I have an empty E2 E8 board
Loaded empty game board with Red Home at E2 and Blue Home at E8
-> done: SetupSteps.GivenIHaveAnEmptyBoard(E2, E8) (0.0s)
When the red player blocks e3
Accepted: Be3
-> done: ActionSteps.WhenIBlockade(Red, E3) (0.0s)
Then the action succeeds
-> done: ValidationSteps.ThenTheActionSucceeds() (0.0s)
When the red player blocks e4
Rejected: Be4: Cannot Block Adjacent Existing Block E3
-> done: ActionSteps.WhenIBlockade(Red, E4) (0.0s)
Then the action fails
Failed with: Cannot Block Adjacent Existing Block E3
-> done: ValidationSteps.ThenTheActionFails() (0.0s)
And the board has blocks matching: E3
Successfully validated 1 block.
-> done: ValidationSteps.ThenTheBoardHasBlocksMatching("E3") (0.0s)
]]></output>
                </test-case>
                <test-case id="0-1004" name="CannotBlockHomeSpace" fullname="Testing.Specflow.Features.GameRules.BlockRulesFeature.CannotBlockHomeSpace" methodname="CannotBlockHomeSpace" classname="Testing.Specflow.Features.GameRules.BlockRulesFeature" runstate="Runnable" seed="1822710666" result="Passed" start-time="2020-05-03 00:09:24Z" end-time="2020-05-03 00:09:24Z" duration="0.001395" asserts="8">
                  <properties>
                    <property name="Description" value="Cannot Block Home Space" />
                  </properties>
                  <output><![CDATA[Given I define board NewGame as:
  --- table step argument ---
  | New Game Board            |
  | Benediction v1: R-E2 B E8 |
  | R:D12E12k3F12             |
  | B:D78E78k9F78             |
-> done: SetupSteps.GivenIDefine("NewGame", <table>) (0.0s)
Given I have an empty E2 E8 board
Loaded empty game board with Red Home at E2 and Blue Home at E8
-> done: SetupSteps.GivenIHaveAnEmptyBoard(E2, E8) (0.0s)
When the red player blocks e2
Rejected: Be2: Cannot Block Red Home at Location E2
-> done: ActionSteps.WhenIBlockade(Red, E2) (0.0s)
Then the action fails
Failed with: Cannot Block Red Home at Location E2
-> done: ValidationSteps.ThenTheActionFails() (0.0s)
When the red player blocks e8
Rejected: Be8: Cannot Block Blue Home at Location E8
-> done: ActionSteps.WhenIBlockade(Red, E8) (0.0s)
Then the action fails
Failed with: Cannot Block Blue Home at Location E8
-> done: ValidationSteps.ThenTheActionFails() (0.0s)
]]></output>
                </test-case>
                <test-case id="0-1006" name="CannotBlockOccupiedSpace" fullname="Testing.Specflow.Features.GameRules.BlockRulesFeature.CannotBlockOccupiedSpace" methodname="CannotBlockOccupiedSpace" classname="Testing.Specflow.Features.GameRules.BlockRulesFeature" runstate="Runnable" seed="995354967" result="Passed" start-time="2020-05-03 00:09:24Z" end-time="2020-05-03 00:09:24Z" duration="0.001331" asserts="6">
                  <properties>
                    <property name="Description" value="Cannot Block Occupied Space" />
                  </properties>
                  <output><![CDATA[Given I define board NewGame as:
  --- table step argument ---
  | New Game Board            |
  | Benediction v1: R-E2 B E8 |
  | R:D12E12k3F12             |
  | B:D78E78k9F78             |
-> done: SetupSteps.GivenIDefine("NewGame", <table>) (0.0s)
Given I have board NewGame
![Board Snapshot](https://raw.githubusercontent.com/MichaelSpencerJr/BenedictionGame/master/testruns/images/4c42702c-34cb-0ba7-c11c-9e2272422602.png?raw=true)
Loaded board NewGame.
-> done: SetupSteps.GivenIHaveNamedBoard("NewGame") (0.0s)
When the red player blockades e3
Rejected: Be3: Location E3 Not Empty
-> done: ActionSteps.WhenIBlockade(Red, E3) (0.0s)
Then the action fails
Failed with: Location E3 Not Empty
-> done: ValidationSteps.ThenTheActionFails() (0.0s)
]]></output>
                </test-case>
                <test-suite type="ParameterizedMethod" id="0-1009" name="Wrap_AroundBlock" fullname="Testing.Specflow.Features.GameRules.BlockRulesFeature.Wrap_AroundBlock" classname="Testing.Specflow.Features.GameRules.BlockRulesFeature" runstate="Runnable" testcasecount="2" result="Passed" start-time="2020-05-03 00:09:24Z" end-time="2020-05-03 00:09:24Z" duration="0.002057" total="2" passed="2" failed="0" warnings="0" inconclusive="0" skipped="0" asserts="14">
                  <properties>
                    <property name="Description" value="Wrap-Around Block" />
                  </properties>
                  <test-case id="0-1007" name="Wrap_AroundBlock(&quot;H6&quot;,&quot;A2&quot;,null)" fullname="Testing.Specflow.Features.GameRules.BlockRulesFeature.Wrap_AroundBlock(&quot;H6&quot;,&quot;A2&quot;,null)" methodname="Wrap_AroundBlock" classname="Testing.Specflow.Features.GameRules.BlockRulesFeature" runstate="Runnable" seed="599808290" result="Passed" start-time="2020-05-03 00:09:24Z" end-time="2020-05-03 00:09:24Z" duration="0.001280" asserts="7">
                    <output><![CDATA[Given I define board NewGame as:
  --- table step argument ---
  | New Game Board            |
  | Benediction v1: R-E2 B E8 |
  | R:D12E12k3F12             |
  | B:D78E78k9F78             |
-> done: SetupSteps.GivenIDefine("NewGame", <table>) (0.0s)
Given I have an empty E2 E8 board
Loaded empty game board with Red Home at E2 and Blue Home at E8
-> done: SetupSteps.GivenIHaveAnEmptyBoard(E2, E8) (0.0s)
When the red player blocks H6
Accepted: Bh6
-> done: ActionSteps.WhenIBlockade(Red, H6) (0.0s)
Then the action succeeds
-> done: ValidationSteps.ThenTheActionSucceeds() (0.0s)
When the red player blocks A2
Rejected: Ba2: Cannot Block Adjacent Existing Block H6
-> done: ActionSteps.WhenIBlockade(Red, A2) (0.0s)
Then the action fails
Failed with: Cannot Block Adjacent Existing Block H6
-> done: ValidationSteps.ThenTheActionFails() (0.0s)
And the board has blocks matching: H6
Successfully validated 1 block.
-> done: ValidationSteps.ThenTheBoardHasBlocksMatching("H6") (0.0s)
]]></output>
                  </test-case>
                  <test-case id="0-1008" name="Wrap_AroundBlock(&quot;A2&quot;,&quot;H6&quot;,null)" fullname="Testing.Specflow.Features.GameRules.BlockRulesFeature.Wrap_AroundBlock(&quot;A2&quot;,&quot;H6&quot;,null)" methodname="Wrap_AroundBlock" classname="Testing.Specflow.Features.GameRules.BlockRulesFeature" runstate="Runnable" seed="601008111" result="Passed" start-time="2020-05-03 00:09:24Z" end-time="2020-05-03 00:09:24Z" duration="0.000561" asserts="7">
                    <output><![CDATA[Given I define board NewGame as:
  --- table step argument ---
  | New Game Board            |
  | Benediction v1: R-E2 B E8 |
  | R:D12E12k3F12             |
  | B:D78E78k9F78             |
-> done: SetupSteps.GivenIDefine("NewGame", <table>) (0.0s)
Given I have an empty E2 E8 board
Loaded empty game board with Red Home at E2 and Blue Home at E8
-> done: SetupSteps.GivenIHaveAnEmptyBoard(E2, E8) (0.0s)
When the red player blocks A2
Accepted: Ba2
-> done: ActionSteps.WhenIBlockade(Red, A2) (0.0s)
Then the action succeeds
-> done: ValidationSteps.ThenTheActionSucceeds() (0.0s)
When the red player blocks H6
Rejected: Bh6: Cannot Block Adjacent Existing Block A2
-> done: ActionSteps.WhenIBlockade(Red, H6) (0.0s)
Then the action fails
Failed with: Cannot Block Adjacent Existing Block A2
-> done: ValidationSteps.ThenTheActionFails() (0.0s)
And the board has blocks matching: A2
Successfully validated 1 block.
-> done: ValidationSteps.ThenTheBoardHasBlocksMatching("A2") (0.0s)
]]></output>
                  </test-case>
                </test-suite>
              </test-suite>
              <test-suite type="TestFixture" id="0-1010" name="BridgeRulesFeature" fullname="Testing.Specflow.Features.GameRules.BridgeRulesFeature" classname="Testing.Specflow.Features.GameRules.BridgeRulesFeature" runstate="Runnable" testcasecount="7" result="Passed" start-time="2020-05-03 00:09:24Z" end-time="2020-05-03 00:09:24Z" duration="0.030203" total="7" passed="7" failed="0" warnings="0" inconclusive="0" skipped="0" asserts="25">
                <properties>
                  <property name="Description" value="Bridge Rules" />
                  <property name="Category" value="every-change" />
                </properties>
                <test-case id="0-1016" name="BridgeCannotBlessCursedPieces" fullname="Testing.Specflow.Features.GameRules.BridgeRulesFeature.BridgeCannotBlessCursedPieces" methodname="BridgeCannotBlessCursedPieces" classname="Testing.Specflow.Features.GameRules.BridgeRulesFeature" runstate="Runnable" seed="758319945" result="Passed" start-time="2020-05-03 00:09:24Z" end-time="2020-05-03 00:09:24Z" duration="0.004681" asserts="3">
                  <properties>
                    <property name="Description" value="Bridge Cannot Bless Cursed Pieces" />
                  </properties>
                  <output><![CDATA[Given I define board NewGame as:
  --- table step argument ---
  | New Game Board            |
  | Benediction v1: R-E2 B E8 |
  | R:D12E12k3F12             |
  | B:D78E78k9F78             |
-> done: SetupSteps.GivenIDefine("NewGame", <table>) (0.0s)
Given I load this board:
  --- table step argument ---
  | Board                         |
  | Benediction v1: R-E2 B E8     |
  | R:D12E12k3F6++G1c+2cH2c3c5c6c |
  | B:E8k                         |
![Board Snapshot](https://raw.githubusercontent.com/MichaelSpencerJr/BenedictionGame/master/testruns/images/158a65d4-0647-72cd-9742-bd0974db56c7.png?raw=true)
-> done: SetupSteps.GivenILoad(<table>) (0.0s)
When the red player splits 2 pieces from f6 to h4
Accepted: f6-2-h4
-> done: ActionSteps.WhenISplit(Red, "2", F6, H4) (0.0s)
Then the action succeeds
-> done: ValidationSteps.ThenTheActionSucceeds() (0.0s)
And the board has red pieces matching: D12E12k3F6cG1c+2cH2c3c4b+5c6c
Successfully validated 13 Red pieces.
-> done: ValidationSteps.ThenTheBoardHasPiecesMatching(Red, "D12E12k3F6cG1c+2c...") (0.0s)
]]></output>
                </test-case>
                <test-case id="0-1011" name="BridgeHappyPath" fullname="Testing.Specflow.Features.GameRules.BridgeRulesFeature.BridgeHappyPath" methodname="BridgeHappyPath" classname="Testing.Specflow.Features.GameRules.BridgeRulesFeature" runstate="Runnable" seed="1566837227" result="Passed" start-time="2020-05-03 00:09:24Z" end-time="2020-05-03 00:09:24Z" duration="0.001947" asserts="2">
                  <properties>
                    <property name="Description" value="Bridge Happy Path" />
                  </properties>
                  <output><![CDATA[Given I define board NewGame as:
  --- table step argument ---
  | New Game Board            |
  | Benediction v1: R-E2 B E8 |
  | R:D12E12k3F12             |
  | B:D78E78k9F78             |
-> done: SetupSteps.GivenIDefine("NewGame", <table>) (0.0s)
Given I load this board:
  --- table step argument ---
  | Board                     |
  | Benediction v1: R-E2 B E8 |
  | R:C2D13E12k4F124G4H4I45   |
  | B:A12B3C4D578E68k9F68G6   |
![Board Snapshot](https://raw.githubusercontent.com/MichaelSpencerJr/BenedictionGame/master/testruns/images/c9492abe-3358-0d32-63b9-0aa9dc29c560.png?raw=true)
-> done: SetupSteps.GivenILoad(<table>) (0.0s)
When the red player moves the piece at d1 to c1
Accepted: d1c1
-> done: ActionSteps.WhenIMove(Red, D1, C1) (0.0s)
Then the board has red pieces matching: C1b2bD3bE12k4bF124bG4bH4bI4b5b
Successfully validated 13 Red pieces.
-> done: ValidationSteps.ThenTheBoardHasPiecesMatching(Red, "C1b2bD3bE12k4bF12...") (0.0s)
]]></output>
                </test-case>
                <test-case id="0-1012" name="BridgeMaximum" fullname="Testing.Specflow.Features.GameRules.BridgeRulesFeature.BridgeMaximum" methodname="BridgeMaximum" classname="Testing.Specflow.Features.GameRules.BridgeRulesFeature" runstate="Runnable" seed="2117869431" result="Passed" start-time="2020-05-03 00:09:24Z" end-time="2020-05-03 00:09:24Z" duration="0.008393" asserts="5">
                  <properties>
                    <property name="Description" value="Bridge Maximum" />
                  </properties>
                  <output><![CDATA[Given I define board NewGame as:
  --- table step argument ---
  | New Game Board            |
  | Benediction v1: R-E2 B E8 |
  | R:D12E12k3F12             |
  | B:D78E78k9F78             |
-> done: SetupSteps.GivenIDefine("NewGame", <table>) (0.0s)
Given I load this board:
  --- table step argument ---
  | Board                                   |
  | Benediction v1: R-E2 B E8               |
  | R:A14B245C246D468E2k468kF2467G246H24I23 |
  | B:E7k                                   |
![Board Snapshot](https://raw.githubusercontent.com/MichaelSpencerJr/BenedictionGame/master/testruns/images/13d4a81a-dba4-1eed-9ef3-7b2bfec8217c.png?raw=true)
-> done: SetupSteps.GivenILoad(<table>) (0.0s)
When the red player drops a new piece at d2
Accepted: @d2
-> done: ActionSteps.WhenIDrop(Red, D2) (0.0s)
Then the action succeeds
-> done: ValidationSteps.ThenTheActionSucceeds() (0.0s)
And the game is over and red has won
-> done: ValidationSteps.GameOver(Red) (0.0s)
And the board has red pieces matching: A1b4bB2b4b5bC2b4b6bD2b4b6b8bE2kb4b6b8kbF2b4b6b7bG2b4b6bH2b4bI2b3b
Successfully validated 27 Red pieces.
-> done: ValidationSteps.ThenTheBoardHasPiecesMatching(Red, "A1b4bB2b4b5bC2b4b...") (0.0s)
]]></output>
                </test-case>
                <test-case id="0-1013" name="BridgeWithWrongColorCriticalPiece" fullname="Testing.Specflow.Features.GameRules.BridgeRulesFeature.BridgeWithWrongColorCriticalPiece" methodname="BridgeWithWrongColorCriticalPiece" classname="Testing.Specflow.Features.GameRules.BridgeRulesFeature" runstate="Runnable" seed="494788330" result="Passed" start-time="2020-05-03 00:09:24Z" end-time="2020-05-03 00:09:24Z" duration="0.005807" asserts="4">
                  <properties>
                    <property name="Description" value="Bridge With Wrong Color Critical Piece" />
                  </properties>
                  <output><![CDATA[Given I define board NewGame as:
  --- table step argument ---
  | New Game Board            |
  | Benediction v1: R-E2 B E8 |
  | R:D12E12k3F12             |
  | B:D78E78k9F78             |
-> done: SetupSteps.GivenIDefine("NewGame", <table>) (0.0s)
Given I load this board:
  --- table step argument ---
  | Board                     |
  | Benediction v1: R E2 B-E8 |
  | R:D12E12k3F12G2H2356      |
  | B:E8kG4                   |
![Board Snapshot](https://raw.githubusercontent.com/MichaelSpencerJr/BenedictionGame/master/testruns/images/158a65d4-0647-72cd-d273-340ac98e5453.png?raw=true)
-> done: SetupSteps.GivenILoad(<table>) (0.0s)
When the blue player moves the piece at g4 to h4
Accepted: g4h4
-> done: ActionSteps.WhenIMove(Blue, G4, H4) (0.0s)
Then the action succeeds
-> done: ValidationSteps.ThenTheActionSucceeds() (0.0s)
And the board has blue pieces matching: E8kH4
Successfully validated 2 Blue pieces.
-> done: ValidationSteps.ThenTheBoardHasPiecesMatching(Blue, "E8kH4") (0.0s)
And the board has red pieces matching: D12E12k3F12G2H2356
Successfully validated 12 Red pieces.
-> done: ValidationSteps.ThenTheBoardHasPiecesMatching(Red, "D12E12k3F12G2H2356") (0.0s)
]]></output>
                </test-case>
                <test-case id="0-1017" name="HomeDropCompletingBridgeWinsGame" fullname="Testing.Specflow.Features.GameRules.BridgeRulesFeature.HomeDropCompletingBridgeWinsGame" methodname="HomeDropCompletingBridgeWinsGame" classname="Testing.Specflow.Features.GameRules.BridgeRulesFeature" runstate="Runnable" seed="385367752" result="Passed" start-time="2020-05-03 00:09:24Z" end-time="2020-05-03 00:09:24Z" duration="0.002261" asserts="5">
                  <properties>
                    <property name="Description" value="Home Drop Completing Bridge Wins Game" />
                  </properties>
                  <output><![CDATA[Given I define board NewGame as:
  --- table step argument ---
  | New Game Board            |
  | Benediction v1: R-E2 B E8 |
  | R:D12E12k3F12             |
  | B:D78E78k9F78             |
-> done: SetupSteps.GivenIDefine("NewGame", <table>) (0.0s)
Given I load this board:
  --- table step argument ---
  | Board                     |
  | Benediction v1: R-E2 B E8 |
  | R:A1kE1345F5G5H5I5        |
  | B:D78E78k9F78             |
![Board Snapshot](https://raw.githubusercontent.com/MichaelSpencerJr/BenedictionGame/master/testruns/images/24b180f6-670c-6fab-3977-843ea82dc40d.png?raw=true)
-> done: SetupSteps.GivenILoad(<table>) (0.0s)
When the red player drops a new piece at e2
Accepted: @e2
-> done: ActionSteps.WhenIDrop(Red, E2) (0.0s)
Then the action succeeds
-> done: ValidationSteps.ThenTheActionSucceeds() (0.0s)
And the board has red pieces matching: A1kE1b2kb3b4b5bF5bG5bH5bI5b
Successfully validated 10 Red pieces.
-> done: ValidationSteps.ThenTheBoardHasPiecesMatching(Red, "A1kE1b2kb3b4b5bF5...") (0.0s)
And the game is over and red has won
-> done: ValidationSteps.GameOver(Red) (0.0s)
]]></output>
                </test-case>
                <test-case id="0-1014" name="SplitIntoBridgeAvoidsAllCursesIfSplitPiecesAdjacent" fullname="Testing.Specflow.Features.GameRules.BridgeRulesFeature.SplitIntoBridgeAvoidsAllCursesIfSplitPiecesAdjacent" methodname="SplitIntoBridgeAvoidsAllCursesIfSplitPiecesAdjacent" classname="Testing.Specflow.Features.GameRules.BridgeRulesFeature" runstate="Runnable" seed="1879734973" result="Passed" start-time="2020-05-03 00:09:24Z" end-time="2020-05-03 00:09:24Z" duration="0.001767" asserts="3">
                  <properties>
                    <property name="Description" value="Split Into Bridge Avoids All Curses If Split Pieces Adjacent" />
                  </properties>
                  <output><![CDATA[Given I define board NewGame as:
  --- table step argument ---
  | New Game Board            |
  | Benediction v1: R-E2 B E8 |
  | R:D12E12k3F12             |
  | B:D78E78k9F78             |
-> done: SetupSteps.GivenIDefine("NewGame", <table>) (0.0s)
Given I load this board:
  --- table step argument ---
  | Board                     |
  | Benediction v1: R-E2 B E8 |
  | R:D12E12k3F12G25+H2356    |
  | B:E8k                     |
![Board Snapshot](https://raw.githubusercontent.com/MichaelSpencerJr/BenedictionGame/master/testruns/images/158a65d4-0647-72cd-5aeb-3fdc78ac6537.png?raw=true)
-> done: SetupSteps.GivenILoad(<table>) (0.0s)
When the red player splits 1 piece from g5 to h4
Accepted: g5-1-h4
-> done: ActionSteps.WhenISplit(Red, "1", G5, H4) (0.0s)
Then the action succeeds
-> done: ValidationSteps.ThenTheActionSucceeds() (0.0s)
And the board has red pieces matching: D1b2bE1b2kb3bF1b2bG2b5bH2b3b4b5b6b
Successfully validated 14 Red pieces.
-> done: ValidationSteps.ThenTheBoardHasPiecesMatching(Red, "D1b2bE1b2kb3bF1b2...") (0.0s)
]]></output>
                </test-case>
                <test-case id="0-1015" name="SplitIntoBridgeAvoidsTargetCurseIfTargetPieceAdjacent" fullname="Testing.Specflow.Features.GameRules.BridgeRulesFeature.SplitIntoBridgeAvoidsTargetCurseIfTargetPieceAdjacent" methodname="SplitIntoBridgeAvoidsTargetCurseIfTargetPieceAdjacent" classname="Testing.Specflow.Features.GameRules.BridgeRulesFeature" runstate="Runnable" seed="1637591922" result="Passed" start-time="2020-05-03 00:09:24Z" end-time="2020-05-03 00:09:24Z" duration="0.004795" asserts="3">
                  <properties>
                    <property name="Description" value="Split Into Bridge Avoids Target Curse If Target Piece Adjacent" />
                  </properties>
                  <output><![CDATA[Given I define board NewGame as:
  --- table step argument ---
  | New Game Board            |
  | Benediction v1: R-E2 B E8 |
  | R:D12E12k3F12             |
  | B:D78E78k9F78             |
-> done: SetupSteps.GivenIDefine("NewGame", <table>) (0.0s)
Given I load this board:
  --- table step argument ---
  | Board                     |
  | Benediction v1: R-E2 B E8 |
  | R:D12E12k3F126++G2H2356   |
  | B:E8k                     |
![Board Snapshot](https://raw.githubusercontent.com/MichaelSpencerJr/BenedictionGame/master/testruns/images/158a65d4-0647-72cd-81dc-9bfa73b5405c.png?raw=true)
-> done: SetupSteps.GivenILoad(<table>) (0.0s)
When the red player splits 2 pieces from f6 to h4
Accepted: f6-2-h4
-> done: ActionSteps.WhenISplit(Red, "2", F6, H4) (0.0s)
Then the action succeeds
-> done: ValidationSteps.ThenTheActionSucceeds() (0.0s)
And the board has red pieces matching: D1b2bE1b2kb3bF1b2b6cG2bH2b3b4b+5b6b
Successfully validated 14 Red pieces.
-> done: ValidationSteps.ThenTheBoardHasPiecesMatching(Red, "D1b2bE1b2kb3bF1b2...") (0.0s)
]]></output>
                </test-case>
              </test-suite>
              <test-suite type="TestFixture" id="0-1018" name="DropRulesFeature" fullname="Testing.Specflow.Features.GameRules.DropRulesFeature" classname="Testing.Specflow.Features.GameRules.DropRulesFeature" runstate="Runnable" testcasecount="5" result="Passed" start-time="2020-05-03 00:09:24Z" end-time="2020-05-03 00:09:24Z" duration="0.007935" total="5" passed="5" failed="0" warnings="0" inconclusive="0" skipped="0" asserts="25">
                <properties>
                  <property name="Description" value="Drop Rules" />
                  <property name="Category" value="every-change" />
                </properties>
                <test-case id="0-1021" name="CannotDropOntoBlock" fullname="Testing.Specflow.Features.GameRules.DropRulesFeature.CannotDropOntoBlock" methodname="CannotDropOntoBlock" classname="Testing.Specflow.Features.GameRules.DropRulesFeature" runstate="Runnable" seed="1993188036" result="Passed" start-time="2020-05-03 00:09:24Z" end-time="2020-05-03 00:09:24Z" duration="0.002075" asserts="4">
                  <properties>
                    <property name="Description" value="Cannot Drop Onto Block" />
                  </properties>
                  <output><![CDATA[Given I define board NewGame as:
  --- table step argument ---
  | New Game Board            |
  | Benediction v1: R-E2 B E8 |
  | R:D12E12k3F12             |
  | B:D78E78k9F78             |
-> done: SetupSteps.GivenIDefine("NewGame", <table>) (0.0s)
Given I load this board:
  --- table step argument ---
  | Board                     |
  | Benediction v1: R-E2 B E8 |
  | R:D12E12kF12              |
  | B:D78E78k9F78             |
  | X:E3                      |
![Board Snapshot](https://raw.githubusercontent.com/MichaelSpencerJr/BenedictionGame/master/testruns/images/b69b9a3b-1ea6-087e-c11c-9e2272422602.png?raw=true)
-> done: SetupSteps.GivenILoad(<table>) (0.0s)
When the red player drops a new piece at e3
Rejected: @e3: Location E3 Not Empty
-> done: ActionSteps.WhenIDrop(Red, E3) (0.0s)
Then the action fails
Failed with: Location E3 Not Empty
-> done: ValidationSteps.ThenTheActionFails() (0.0s)
]]></output>
                </test-case>
                <test-case id="0-1022" name="CannotDropOntoOccupiedSpace" fullname="Testing.Specflow.Features.GameRules.DropRulesFeature.CannotDropOntoOccupiedSpace" methodname="CannotDropOntoOccupiedSpace" classname="Testing.Specflow.Features.GameRules.DropRulesFeature" runstate="Runnable" seed="390306834" result="Passed" start-time="2020-05-03 00:09:24Z" end-time="2020-05-03 00:09:24Z" duration="0.001090" asserts="6">
                  <properties>
                    <property name="Description" value="Cannot Drop Onto Occupied Space" />
                  </properties>
                  <output><![CDATA[Given I define board NewGame as:
  --- table step argument ---
  | New Game Board            |
  | Benediction v1: R-E2 B E8 |
  | R:D12E12k3F12             |
  | B:D78E78k9F78             |
-> done: SetupSteps.GivenIDefine("NewGame", <table>) (0.0s)
Given I have board NewGame
![Board Snapshot](https://raw.githubusercontent.com/MichaelSpencerJr/BenedictionGame/master/testruns/images/4c42702c-34cb-0ba7-c11c-9e2272422602.png?raw=true)
Loaded board NewGame.
-> done: SetupSteps.GivenIHaveNamedBoard("NewGame") (0.0s)
When the red player drops a new piece at e3
Rejected: @e3: Location E3 Not Empty
-> done: ActionSteps.WhenIDrop(Red, E3) (0.0s)
Then the action fails
Failed with: Location E3 Not Empty
-> done: ValidationSteps.ThenTheActionFails() (0.0s)
]]></output>
                </test-case>
                <test-case id="0-1020" name="CannotDropOutsideZone" fullname="Testing.Specflow.Features.GameRules.DropRulesFeature.CannotDropOutsideZone" methodname="CannotDropOutsideZone" classname="Testing.Specflow.Features.GameRules.DropRulesFeature" runstate="Runnable" seed="1352412065" result="Passed" start-time="2020-05-03 00:09:24Z" end-time="2020-05-03 00:09:24Z" duration="0.001032" asserts="6">
                  <properties>
                    <property name="Description" value="Cannot Drop Outside Zone" />
                  </properties>
                  <output><![CDATA[Given I define board NewGame as:
  --- table step argument ---
  | New Game Board            |
  | Benediction v1: R-E2 B E8 |
  | R:D12E12k3F12             |
  | B:D78E78k9F78             |
-> done: SetupSteps.GivenIDefine("NewGame", <table>) (0.0s)
Given I have board NewGame
![Board Snapshot](https://raw.githubusercontent.com/MichaelSpencerJr/BenedictionGame/master/testruns/images/4c42702c-34cb-0ba7-c11c-9e2272422602.png?raw=true)
Loaded board NewGame.
-> done: SetupSteps.GivenIHaveNamedBoard("NewGame") (0.0s)
When the red player drops a new piece at e5
Rejected: @e5: Drop Must Be Adjacent Your Home At E2
-> done: ActionSteps.WhenIDrop(Red, E5) (0.0s)
Then the action fails
Failed with: Drop Must Be Adjacent Your Home At E2
-> done: ValidationSteps.ThenTheActionFails() (0.0s)
]]></output>
                </test-case>
                <test-case id="0-1019" name="DropHappyPath" fullname="Testing.Specflow.Features.GameRules.DropRulesFeature.DropHappyPath" methodname="DropHappyPath" classname="Testing.Specflow.Features.GameRules.DropRulesFeature" runstate="Runnable" seed="657588791" result="Passed" start-time="2020-05-03 00:09:24Z" end-time="2020-05-03 00:09:24Z" duration="0.001791" asserts="6">
                  <properties>
                    <property name="Description" value="Drop Happy Path" />
                  </properties>
                  <output><![CDATA[Given I define board NewGame as:
  --- table step argument ---
  | New Game Board            |
  | Benediction v1: R-E2 B E8 |
  | R:D12E12k3F12             |
  | B:D78E78k9F78             |
-> done: SetupSteps.GivenIDefine("NewGame", <table>) (0.0s)
Given I have board NewGame
![Board Snapshot](https://raw.githubusercontent.com/MichaelSpencerJr/BenedictionGame/master/testruns/images/4c42702c-34cb-0ba7-c11c-9e2272422602.png?raw=true)
Loaded board NewGame.
-> done: SetupSteps.GivenIHaveNamedBoard("NewGame") (0.0s)
When the red player merges the piece at e3 into f2
Accepted: e3+f2
-> done: ActionSteps.WhenIMerge(Red, E3, F2) (0.0s)
Then the action succeeds
-> done: ValidationSteps.ThenTheActionSucceeds() (0.0s)
When the red player drops a new piece at e3
Accepted: @e3
-> done: ActionSteps.WhenIDrop(Red, E3) (0.0s)
Then the action succeeds
-> done: ValidationSteps.ThenTheActionSucceeds() (0.0s)
]]></output>
                </test-case>
                <test-case id="0-1023" name="HomeDropBecomesKing" fullname="Testing.Specflow.Features.GameRules.DropRulesFeature.HomeDropBecomesKing" methodname="HomeDropBecomesKing" classname="Testing.Specflow.Features.GameRules.DropRulesFeature" runstate="Runnable" seed="1829505835" result="Passed" start-time="2020-05-03 00:09:24Z" end-time="2020-05-03 00:09:24Z" duration="0.001315" asserts="3">
                  <properties>
                    <property name="Description" value="Home Drop Becomes King" />
                  </properties>
                  <output><![CDATA[Given I define board NewGame as:
  --- table step argument ---
  | New Game Board            |
  | Benediction v1: R-E2 B E8 |
  | R:D12E12k3F12             |
  | B:D78E78k9F78             |
-> done: SetupSteps.GivenIDefine("NewGame", <table>) (0.0s)
Given I load this board:
  --- table step argument ---
  | Board                     |
  | Benediction v1: R-E2 B E8 |
  | R:D12E13kF12              |
  | B:D78E78k9F78             |
![Board Snapshot](https://raw.githubusercontent.com/MichaelSpencerJr/BenedictionGame/master/testruns/images/e318acc5-7959-e317-c11c-9e2272422602.png?raw=true)
-> done: SetupSteps.GivenILoad(<table>) (0.0s)
When the red player drops a new piece at e2
Accepted: @e2
-> done: ActionSteps.WhenIDrop(Red, E2) (0.0s)
Then the action succeeds
-> done: ValidationSteps.ThenTheActionSucceeds() (0.0s)
And the board has red pieces matching: D12E12k3kF12
Successfully validated 7 Red pieces.
-> done: ValidationSteps.ThenTheBoardHasPiecesMatching(Red, "D12E12k3kF12") (0.0s)
]]></output>
                </test-case>
              </test-suite>
              <test-suite type="TestFixture" id="0-1024" name="ExamplesFeature" fullname="Testing.Specflow.Features.GameRules.ExamplesFeature" classname="Testing.Specflow.Features.GameRules.ExamplesFeature" runstate="Runnable" testcasecount="22" result="Passed" start-time="2020-05-03 00:09:24Z" end-time="2020-05-03 00:09:24Z" duration="0.025383" total="22" passed="22" failed="0" warnings="0" inconclusive="0" skipped="0" asserts="238">
                <properties>
                  <property name="Description" value="Examples" />
                  <property name="Category" value="no-images" />
                </properties>
                <test-case id="0-1031" name="CannotBlockOwnKing" fullname="Testing.Specflow.Features.GameRules.ExamplesFeature.CannotBlockOwnKing" methodname="CannotBlockOwnKing" classname="Testing.Specflow.Features.GameRules.ExamplesFeature" runstate="Runnable" seed="1182799334" result="Passed" start-time="2020-05-03 00:09:24Z" end-time="2020-05-03 00:09:24Z" duration="0.002884" asserts="6">
                  <properties>
                    <property name="Description" value="Cannot Block Own King" />
                  </properties>
                  <output><![CDATA[Given I define board WeirdSituation1 as:
  --- table step argument ---
  | Any header here - the name doesn't matter |
  | Benediction v1: R E2 B-E8                 |
  | R:D1+2+E1k+2k+3k+F1k2G1k+2+               |
  | B:D6k+7k+8E7+8k+9k+F78k+H5+               |
  | X:B5C2D4E6F3H6I1                          |
-> done: SetupSteps.GivenIDefine("WeirdSituation1", <table>) (0.0s)
Given I have an empty E2 E8 board
Loaded empty game board with Red Home at E2 and Blue Home at E8
-> done: SetupSteps.GivenIHaveAnEmptyBoard(E2, E8) (0.0s)
When red does Be2
Rejected: Be2: Cannot Block Red Home at Location E2
-> done: ActionSteps.WhenDoes(Red, "Be2") (0.0s)
Then the action fails
Failed with: Cannot Block Red Home at Location E2
-> done: ValidationSteps.ThenTheActionFails() (0.0s)
]]></output>
                </test-case>
                <test-case id="0-1025" name="LoadAPreviouslyCreatedBoard" fullname="Testing.Specflow.Features.GameRules.ExamplesFeature.LoadAPreviouslyCreatedBoard" methodname="LoadAPreviouslyCreatedBoard" classname="Testing.Specflow.Features.GameRules.ExamplesFeature" runstate="Runnable" seed="907559214" result="Passed" start-time="2020-05-03 00:09:24Z" end-time="2020-05-03 00:09:24Z" duration="0.000864" asserts="2">
                  <properties>
                    <property name="Description" value="Load a Previously Created Board" />
                  </properties>
                  <output><![CDATA[Given I define board WeirdSituation1 as:
  --- table step argument ---
  | Any header here - the name doesn't matter |
  | Benediction v1: R E2 B-E8                 |
  | R:D1+2+E1k+2k+3k+F1k2G1k+2+               |
  | B:D6k+7k+8E7+8k+9k+F78k+H5+               |
  | X:B5C2D4E6F3H6I1                          |
-> done: SetupSteps.GivenIDefine("WeirdSituation1", <table>) (0.0s)
Given I have board WeirdSituation1
Loaded board WeirdSituation1.
-> done: SetupSteps.GivenIHaveNamedBoard("WeirdSituation1") (0.0s)
]]></output>
                </test-case>
                <test-case id="0-1027" name="LoadASavedBoard" fullname="Testing.Specflow.Features.GameRules.ExamplesFeature.LoadASavedBoard" methodname="LoadASavedBoard" classname="Testing.Specflow.Features.GameRules.ExamplesFeature" runstate="Runnable" seed="347417300" result="Passed" start-time="2020-05-03 00:09:24Z" end-time="2020-05-03 00:09:24Z" duration="0.000965" asserts="0">
                  <properties>
                    <property name="Description" value="Load a Saved Board" />
                  </properties>
                  <output><![CDATA[Given I define board WeirdSituation1 as:
  --- table step argument ---
  | Any header here - the name doesn't matter |
  | Benediction v1: R E2 B-E8                 |
  | R:D1+2+E1k+2k+3k+F1k2G1k+2+               |
  | B:D6k+7k+8E7+8k+9k+F78k+H5+               |
  | X:B5C2D4E6F3H6I1                          |
-> done: SetupSteps.GivenIDefine("WeirdSituation1", <table>) (0.0s)
Given I load this board:
  --- table step argument ---
  | Board                       |
  | Benediction v1: R E2 B-E8   |
  | R:D1+2+E1k+2k+3k+F1k2G1k+2+ |
  | B:D6k+7k+8E7+8k+9k+F78k+H5+ |
  | X:B5C2D4E6F3H6I1            |
-> done: SetupSteps.GivenILoad(<table>) (0.0s)
]]></output>
                </test-case>
                <test-case id="0-1032" name="MergeSplitMergeDoesntCreatePieces" fullname="Testing.Specflow.Features.GameRules.ExamplesFeature.MergeSplitMergeDoesntCreatePieces" methodname="MergeSplitMergeDoesntCreatePieces" classname="Testing.Specflow.Features.GameRules.ExamplesFeature" runstate="Runnable" seed="3153281" result="Passed" start-time="2020-05-03 00:09:24Z" end-time="2020-05-03 00:09:24Z" duration="0.001497" asserts="3">
                  <properties>
                    <property name="Description" value="Merge Split Merge Doesn't Create Pieces" />
                  </properties>
                  <output><![CDATA[Given I define board WeirdSituation1 as:
  --- table step argument ---
  | Any header here - the name doesn't matter |
  | Benediction v1: R E2 B-E8                 |
  | R:D1+2+E1k+2k+3k+F1k2G1k+2+               |
  | B:D6k+7k+8E7+8k+9k+F78k+H5+               |
  | X:B5C2D4E6F3H6I1                          |
-> done: SetupSteps.GivenIDefine("WeirdSituation1", <table>) (0.0s)
Given I load this board:
  --- table step argument ---
  | New Game Board            |
  | Benediction v1: R-E2 B E8 |
  | R:D12E12k3F12             |
  | B:D78E78k9F78             |
-> done: SetupSteps.GivenILoad(<table>) (0.0s)
When the red player merges the piece at f2 onto e3
Accepted: f2+e3
-> done: ActionSteps.WhenIMerge(Red, F2, E3) (0.0s)
And the red player splits 1 piece from e3 onto d2
Accepted: e3-1-d2
-> done: ActionSteps.WhenISplit(Red, "1", E3, D2) (0.0s)
Then the board has red pieces matching: D12+E12k3F1
Successfully validated 6 Red pieces.
-> done: ValidationSteps.ThenTheBoardHasPiecesMatching(Red, "D12+E12k3F1") (0.0s)
]]></output>
                </test-case>
                <test-suite type="ParameterizedMethod" id="0-1047" name="NoneOfTheseAreValidBlockLocations" fullname="Testing.Specflow.Features.GameRules.ExamplesFeature.NoneOfTheseAreValidBlockLocations" classname="Testing.Specflow.Features.GameRules.ExamplesFeature" runstate="Runnable" testcasecount="14" result="Passed" start-time="2020-05-03 00:09:24Z" end-time="2020-05-03 00:09:24Z" duration="0.006947" total="14" passed="14" failed="0" warnings="0" inconclusive="0" skipped="0" asserts="56">
                  <properties>
                    <property name="Description" value="None of These Are Valid Block Locations" />
                  </properties>
                  <test-case id="0-1033" name="NoneOfTheseAreValidBlockLocations(&quot;d1&quot;,null)" fullname="Testing.Specflow.Features.GameRules.ExamplesFeature.NoneOfTheseAreValidBlockLocations(&quot;d1&quot;,null)" methodname="NoneOfTheseAreValidBlockLocations" classname="Testing.Specflow.Features.GameRules.ExamplesFeature" runstate="Runnable" seed="1008226710" result="Passed" start-time="2020-05-03 00:09:24Z" end-time="2020-05-03 00:09:24Z" duration="0.001234" asserts="4">
                    <output><![CDATA[Given I define board WeirdSituation1 as:
  --- table step argument ---
  | Any header here - the name doesn't matter |
  | Benediction v1: R E2 B-E8                 |
  | R:D1+2+E1k+2k+3k+F1k2G1k+2+               |
  | B:D6k+7k+8E7+8k+9k+F78k+H5+               |
  | X:B5C2D4E6F3H6I1                          |
-> done: SetupSteps.GivenIDefine("WeirdSituation1", <table>) (0.0s)
Given I load this board:
  --- table step argument ---
  | New Game Board            |
  | Benediction v1: R-E2 B E8 |
  | R:D12E12k3F12             |
  | B:D78E78k9F78             |
-> done: SetupSteps.GivenILoad(<table>) (0.0s)
When the red player blockades d1
Rejected: Bd1: Location D1 Not Empty
-> done: ActionSteps.WhenIBlockade(Red, D1) (0.0s)
Then the action fails
Failed with: Location D1 Not Empty
-> done: ValidationSteps.ThenTheActionFails() (0.0s)
]]></output>
                  </test-case>
                  <test-case id="0-1034" name="NoneOfTheseAreValidBlockLocations(&quot;d2&quot;,null)" fullname="Testing.Specflow.Features.GameRules.ExamplesFeature.NoneOfTheseAreValidBlockLocations(&quot;d2&quot;,null)" methodname="NoneOfTheseAreValidBlockLocations" classname="Testing.Specflow.Features.GameRules.ExamplesFeature" runstate="Runnable" seed="1403502597" result="Passed" start-time="2020-05-03 00:09:24Z" end-time="2020-05-03 00:09:24Z" duration="0.000406" asserts="4">
                    <output><![CDATA[Given I define board WeirdSituation1 as:
  --- table step argument ---
  | Any header here - the name doesn't matter |
  | Benediction v1: R E2 B-E8                 |
  | R:D1+2+E1k+2k+3k+F1k2G1k+2+               |
  | B:D6k+7k+8E7+8k+9k+F78k+H5+               |
  | X:B5C2D4E6F3H6I1                          |
-> done: SetupSteps.GivenIDefine("WeirdSituation1", <table>) (0.0s)
Given I load this board:
  --- table step argument ---
  | New Game Board            |
  | Benediction v1: R-E2 B E8 |
  | R:D12E12k3F12             |
  | B:D78E78k9F78             |
-> done: SetupSteps.GivenILoad(<table>) (0.0s)
When the red player blockades d2
Rejected: Bd2: Location D2 Not Empty
-> done: ActionSteps.WhenIBlockade(Red, D2) (0.0s)
Then the action fails
Failed with: Location D2 Not Empty
-> done: ValidationSteps.ThenTheActionFails() (0.0s)
]]></output>
                  </test-case>
                  <test-case id="0-1035" name="NoneOfTheseAreValidBlockLocations(&quot;e1&quot;,null)" fullname="Testing.Specflow.Features.GameRules.ExamplesFeature.NoneOfTheseAreValidBlockLocations(&quot;e1&quot;,null)" methodname="NoneOfTheseAreValidBlockLocations" classname="Testing.Specflow.Features.GameRules.ExamplesFeature" runstate="Runnable" seed="557104287" result="Passed" start-time="2020-05-03 00:09:24Z" end-time="2020-05-03 00:09:24Z" duration="0.000374" asserts="4">
                    <output><![CDATA[Given I define board WeirdSituation1 as:
  --- table step argument ---
  | Any header here - the name doesn't matter |
  | Benediction v1: R E2 B-E8                 |
  | R:D1+2+E1k+2k+3k+F1k2G1k+2+               |
  | B:D6k+7k+8E7+8k+9k+F78k+H5+               |
  | X:B5C2D4E6F3H6I1                          |
-> done: SetupSteps.GivenIDefine("WeirdSituation1", <table>) (0.0s)
Given I load this board:
  --- table step argument ---
  | New Game Board            |
  | Benediction v1: R-E2 B E8 |
  | R:D12E12k3F12             |
  | B:D78E78k9F78             |
-> done: SetupSteps.GivenILoad(<table>) (0.0s)
When the red player blockades e1
Rejected: Be1: Location E1 Not Empty
-> done: ActionSteps.WhenIBlockade(Red, E1) (0.0s)
Then the action fails
Failed with: Location E1 Not Empty
-> done: ValidationSteps.ThenTheActionFails() (0.0s)
]]></output>
                  </test-case>
                  <test-case id="0-1036" name="NoneOfTheseAreValidBlockLocations(&quot;e2&quot;,null)" fullname="Testing.Specflow.Features.GameRules.ExamplesFeature.NoneOfTheseAreValidBlockLocations(&quot;e2&quot;,null)" methodname="NoneOfTheseAreValidBlockLocations" classname="Testing.Specflow.Features.GameRules.ExamplesFeature" runstate="Runnable" seed="547482939" result="Passed" start-time="2020-05-03 00:09:24Z" end-time="2020-05-03 00:09:24Z" duration="0.000342" asserts="4">
                    <output><![CDATA[Given I define board WeirdSituation1 as:
  --- table step argument ---
  | Any header here - the name doesn't matter |
  | Benediction v1: R E2 B-E8                 |
  | R:D1+2+E1k+2k+3k+F1k2G1k+2+               |
  | B:D6k+7k+8E7+8k+9k+F78k+H5+               |
  | X:B5C2D4E6F3H6I1                          |
-> done: SetupSteps.GivenIDefine("WeirdSituation1", <table>) (0.0s)
Given I load this board:
  --- table step argument ---
  | New Game Board            |
  | Benediction v1: R-E2 B E8 |
  | R:D12E12k3F12             |
  | B:D78E78k9F78             |
-> done: SetupSteps.GivenILoad(<table>) (0.0s)
When the red player blockades e2
Rejected: Be2: Location E2 Not Empty
-> done: ActionSteps.WhenIBlockade(Red, E2) (0.0s)
Then the action fails
Failed with: Location E2 Not Empty
-> done: ValidationSteps.ThenTheActionFails() (0.0s)
]]></output>
                  </test-case>
                  <test-case id="0-1037" name="NoneOfTheseAreValidBlockLocations(&quot;e3&quot;,null)" fullname="Testing.Specflow.Features.GameRules.ExamplesFeature.NoneOfTheseAreValidBlockLocations(&quot;e3&quot;,null)" methodname="NoneOfTheseAreValidBlockLocations" classname="Testing.Specflow.Features.GameRules.ExamplesFeature" runstate="Runnable" seed="272075056" result="Passed" start-time="2020-05-03 00:09:24Z" end-time="2020-05-03 00:09:24Z" duration="0.000348" asserts="4">
                    <output><![CDATA[Given I define board WeirdSituation1 as:
  --- table step argument ---
  | Any header here - the name doesn't matter |
  | Benediction v1: R E2 B-E8                 |
  | R:D1+2+E1k+2k+3k+F1k2G1k+2+               |
  | B:D6k+7k+8E7+8k+9k+F78k+H5+               |
  | X:B5C2D4E6F3H6I1                          |
-> done: SetupSteps.GivenIDefine("WeirdSituation1", <table>) (0.0s)
Given I load this board:
  --- table step argument ---
  | New Game Board            |
  | Benediction v1: R-E2 B E8 |
  | R:D12E12k3F12             |
  | B:D78E78k9F78             |
-> done: SetupSteps.GivenILoad(<table>) (0.0s)
When the red player blockades e3
Rejected: Be3: Location E3 Not Empty
-> done: ActionSteps.WhenIBlockade(Red, E3) (0.0s)
Then the action fails
Failed with: Location E3 Not Empty
-> done: ValidationSteps.ThenTheActionFails() (0.0s)
]]></output>
                  </test-case>
                  <test-case id="0-1038" name="NoneOfTheseAreValidBlockLocations(&quot;f1&quot;,null)" fullname="Testing.Specflow.Features.GameRules.ExamplesFeature.NoneOfTheseAreValidBlockLocations(&quot;f1&quot;,null)" methodname="NoneOfTheseAreValidBlockLocations" classname="Testing.Specflow.Features.GameRules.ExamplesFeature" runstate="Runnable" seed="1837581527" result="Passed" start-time="2020-05-03 00:09:24Z" end-time="2020-05-03 00:09:24Z" duration="0.000380" asserts="4">
                    <output><![CDATA[Given I define board WeirdSituation1 as:
  --- table step argument ---
  | Any header here - the name doesn't matter |
  | Benediction v1: R E2 B-E8                 |
  | R:D1+2+E1k+2k+3k+F1k2G1k+2+               |
  | B:D6k+7k+8E7+8k+9k+F78k+H5+               |
  | X:B5C2D4E6F3H6I1                          |
-> done: SetupSteps.GivenIDefine("WeirdSituation1", <table>) (0.0s)
Given I load this board:
  --- table step argument ---
  | New Game Board            |
  | Benediction v1: R-E2 B E8 |
  | R:D12E12k3F12             |
  | B:D78E78k9F78             |
-> done: SetupSteps.GivenILoad(<table>) (0.0s)
When the red player blockades f1
Rejected: Bf1: Location F1 Not Empty
-> done: ActionSteps.WhenIBlockade(Red, F1) (0.0s)
Then the action fails
Failed with: Location F1 Not Empty
-> done: ValidationSteps.ThenTheActionFails() (0.0s)
]]></output>
                  </test-case>
                  <test-case id="0-1039" name="NoneOfTheseAreValidBlockLocations(&quot;f2&quot;,null)" fullname="Testing.Specflow.Features.GameRules.ExamplesFeature.NoneOfTheseAreValidBlockLocations(&quot;f2&quot;,null)" methodname="NoneOfTheseAreValidBlockLocations" classname="Testing.Specflow.Features.GameRules.ExamplesFeature" runstate="Runnable" seed="1239829775" result="Passed" start-time="2020-05-03 00:09:24Z" end-time="2020-05-03 00:09:24Z" duration="0.000341" asserts="4">
                    <output><![CDATA[Given I define board WeirdSituation1 as:
  --- table step argument ---
  | Any header here - the name doesn't matter |
  | Benediction v1: R E2 B-E8                 |
  | R:D1+2+E1k+2k+3k+F1k2G1k+2+               |
  | B:D6k+7k+8E7+8k+9k+F78k+H5+               |
  | X:B5C2D4E6F3H6I1                          |
-> done: SetupSteps.GivenIDefine("WeirdSituation1", <table>) (0.0s)
Given I load this board:
  --- table step argument ---
  | New Game Board            |
  | Benediction v1: R-E2 B E8 |
  | R:D12E12k3F12             |
  | B:D78E78k9F78             |
-> done: SetupSteps.GivenILoad(<table>) (0.0s)
When the red player blockades f2
Rejected: Bf2: Location F2 Not Empty
-> done: ActionSteps.WhenIBlockade(Red, F2) (0.0s)
Then the action fails
Failed with: Location F2 Not Empty
-> done: ValidationSteps.ThenTheActionFails() (0.0s)
]]></output>
                  </test-case>
                  <test-case id="0-1040" name="NoneOfTheseAreValidBlockLocations(&quot;d7&quot;,null)" fullname="Testing.Specflow.Features.GameRules.ExamplesFeature.NoneOfTheseAreValidBlockLocations(&quot;d7&quot;,null)" methodname="NoneOfTheseAreValidBlockLocations" classname="Testing.Specflow.Features.GameRules.ExamplesFeature" runstate="Runnable" seed="463489766" result="Passed" start-time="2020-05-03 00:09:24Z" end-time="2020-05-03 00:09:24Z" duration="0.000332" asserts="4">
                    <output><![CDATA[Given I define board WeirdSituation1 as:
  --- table step argument ---
  | Any header here - the name doesn't matter |
  | Benediction v1: R E2 B-E8                 |
  | R:D1+2+E1k+2k+3k+F1k2G1k+2+               |
  | B:D6k+7k+8E7+8k+9k+F78k+H5+               |
  | X:B5C2D4E6F3H6I1                          |
-> done: SetupSteps.GivenIDefine("WeirdSituation1", <table>) (0.0s)
Given I load this board:
  --- table step argument ---
  | New Game Board            |
  | Benediction v1: R-E2 B E8 |
  | R:D12E12k3F12             |
  | B:D78E78k9F78             |
-> done: SetupSteps.GivenILoad(<table>) (0.0s)
When the red player blockades d7
Rejected: Bd7: Location D7 Not Empty
-> done: ActionSteps.WhenIBlockade(Red, D7) (0.0s)
Then the action fails
Failed with: Location D7 Not Empty
-> done: ValidationSteps.ThenTheActionFails() (0.0s)
]]></output>
                  </test-case>
                  <test-case id="0-1041" name="NoneOfTheseAreValidBlockLocations(&quot;d8&quot;,null)" fullname="Testing.Specflow.Features.GameRules.ExamplesFeature.NoneOfTheseAreValidBlockLocations(&quot;d8&quot;,null)" methodname="NoneOfTheseAreValidBlockLocations" classname="Testing.Specflow.Features.GameRules.ExamplesFeature" runstate="Runnable" seed="1470421345" result="Passed" start-time="2020-05-03 00:09:24Z" end-time="2020-05-03 00:09:24Z" duration="0.000350" asserts="4">
                    <output><![CDATA[Given I define board WeirdSituation1 as:
  --- table step argument ---
  | Any header here - the name doesn't matter |
  | Benediction v1: R E2 B-E8                 |
  | R:D1+2+E1k+2k+3k+F1k2G1k+2+               |
  | B:D6k+7k+8E7+8k+9k+F78k+H5+               |
  | X:B5C2D4E6F3H6I1                          |
-> done: SetupSteps.GivenIDefine("WeirdSituation1", <table>) (0.0s)
Given I load this board:
  --- table step argument ---
  | New Game Board            |
  | Benediction v1: R-E2 B E8 |
  | R:D12E12k3F12             |
  | B:D78E78k9F78             |
-> done: SetupSteps.GivenILoad(<table>) (0.0s)
When the red player blockades d8
Rejected: Bd8: Location D8 Not Empty
-> done: ActionSteps.WhenIBlockade(Red, D8) (0.0s)
Then the action fails
Failed with: Location D8 Not Empty
-> done: ValidationSteps.ThenTheActionFails() (0.0s)
]]></output>
                  </test-case>
                  <test-case id="0-1042" name="NoneOfTheseAreValidBlockLocations(&quot;e7&quot;,null)" fullname="Testing.Specflow.Features.GameRules.ExamplesFeature.NoneOfTheseAreValidBlockLocations(&quot;e7&quot;,null)" methodname="NoneOfTheseAreValidBlockLocations" classname="Testing.Specflow.Features.GameRules.ExamplesFeature" runstate="Runnable" seed="1994649020" result="Passed" start-time="2020-05-03 00:09:24Z" end-time="2020-05-03 00:09:24Z" duration="0.000331" asserts="4">
                    <output><![CDATA[Given I define board WeirdSituation1 as:
  --- table step argument ---
  | Any header here - the name doesn't matter |
  | Benediction v1: R E2 B-E8                 |
  | R:D1+2+E1k+2k+3k+F1k2G1k+2+               |
  | B:D6k+7k+8E7+8k+9k+F78k+H5+               |
  | X:B5C2D4E6F3H6I1                          |
-> done: SetupSteps.GivenIDefine("WeirdSituation1", <table>) (0.0s)
Given I load this board:
  --- table step argument ---
  | New Game Board            |
  | Benediction v1: R-E2 B E8 |
  | R:D12E12k3F12             |
  | B:D78E78k9F78             |
-> done: SetupSteps.GivenILoad(<table>) (0.0s)
When the red player blockades e7
Rejected: Be7: Location E7 Not Empty
-> done: ActionSteps.WhenIBlockade(Red, E7) (0.0s)
Then the action fails
Failed with: Location E7 Not Empty
-> done: ValidationSteps.ThenTheActionFails() (0.0s)
]]></output>
                  </test-case>
                  <test-case id="0-1043" name="NoneOfTheseAreValidBlockLocations(&quot;e8&quot;,null)" fullname="Testing.Specflow.Features.GameRules.ExamplesFeature.NoneOfTheseAreValidBlockLocations(&quot;e8&quot;,null)" methodname="NoneOfTheseAreValidBlockLocations" classname="Testing.Specflow.Features.GameRules.ExamplesFeature" runstate="Runnable" seed="106103643" result="Passed" start-time="2020-05-03 00:09:24Z" end-time="2020-05-03 00:09:24Z" duration="0.001273" asserts="4">
                    <output><![CDATA[Given I define board WeirdSituation1 as:
  --- table step argument ---
  | Any header here - the name doesn't matter |
  | Benediction v1: R E2 B-E8                 |
  | R:D1+2+E1k+2k+3k+F1k2G1k+2+               |
  | B:D6k+7k+8E7+8k+9k+F78k+H5+               |
  | X:B5C2D4E6F3H6I1                          |
-> done: SetupSteps.GivenIDefine("WeirdSituation1", <table>) (0.0s)
Given I load this board:
  --- table step argument ---
  | New Game Board            |
  | Benediction v1: R-E2 B E8 |
  | R:D12E12k3F12             |
  | B:D78E78k9F78             |
-> done: SetupSteps.GivenILoad(<table>) (0.0s)
When the red player blockades e8
Rejected: Be8: Location E8 Not Empty
-> done: ActionSteps.WhenIBlockade(Red, E8) (0.0s)
Then the action fails
Failed with: Location E8 Not Empty
-> done: ValidationSteps.ThenTheActionFails() (0.0s)
]]></output>
                  </test-case>
                  <test-case id="0-1044" name="NoneOfTheseAreValidBlockLocations(&quot;e9&quot;,null)" fullname="Testing.Specflow.Features.GameRules.ExamplesFeature.NoneOfTheseAreValidBlockLocations(&quot;e9&quot;,null)" methodname="NoneOfTheseAreValidBlockLocations" classname="Testing.Specflow.Features.GameRules.ExamplesFeature" runstate="Runnable" seed="2143246540" result="Passed" start-time="2020-05-03 00:09:24Z" end-time="2020-05-03 00:09:24Z" duration="0.000416" asserts="4">
                    <output><![CDATA[Given I define board WeirdSituation1 as:
  --- table step argument ---
  | Any header here - the name doesn't matter |
  | Benediction v1: R E2 B-E8                 |
  | R:D1+2+E1k+2k+3k+F1k2G1k+2+               |
  | B:D6k+7k+8E7+8k+9k+F78k+H5+               |
  | X:B5C2D4E6F3H6I1                          |
-> done: SetupSteps.GivenIDefine("WeirdSituation1", <table>) (0.0s)
Given I load this board:
  --- table step argument ---
  | New Game Board            |
  | Benediction v1: R-E2 B E8 |
  | R:D12E12k3F12             |
  | B:D78E78k9F78             |
-> done: SetupSteps.GivenILoad(<table>) (0.0s)
When the red player blockades e9
Rejected: Be9: Location E9 Not Empty
-> done: ActionSteps.WhenIBlockade(Red, E9) (0.0s)
Then the action fails
Failed with: Location E9 Not Empty
-> done: ValidationSteps.ThenTheActionFails() (0.0s)
]]></output>
                  </test-case>
                  <test-case id="0-1045" name="NoneOfTheseAreValidBlockLocations(&quot;f7&quot;,null)" fullname="Testing.Specflow.Features.GameRules.ExamplesFeature.NoneOfTheseAreValidBlockLocations(&quot;f7&quot;,null)" methodname="NoneOfTheseAreValidBlockLocations" classname="Testing.Specflow.Features.GameRules.ExamplesFeature" runstate="Runnable" seed="279349228" result="Passed" start-time="2020-05-03 00:09:24Z" end-time="2020-05-03 00:09:24Z" duration="0.000348" asserts="4">
                    <output><![CDATA[Given I define board WeirdSituation1 as:
  --- table step argument ---
  | Any header here - the name doesn't matter |
  | Benediction v1: R E2 B-E8                 |
  | R:D1+2+E1k+2k+3k+F1k2G1k+2+               |
  | B:D6k+7k+8E7+8k+9k+F78k+H5+               |
  | X:B5C2D4E6F3H6I1                          |
-> done: SetupSteps.GivenIDefine("WeirdSituation1", <table>) (0.0s)
Given I load this board:
  --- table step argument ---
  | New Game Board            |
  | Benediction v1: R-E2 B E8 |
  | R:D12E12k3F12             |
  | B:D78E78k9F78             |
-> done: SetupSteps.GivenILoad(<table>) (0.0s)
When the red player blockades f7
Rejected: Bf7: Location F7 Not Empty
-> done: ActionSteps.WhenIBlockade(Red, F7) (0.0s)
Then the action fails
Failed with: Location F7 Not Empty
-> done: ValidationSteps.ThenTheActionFails() (0.0s)
]]></output>
                  </test-case>
                  <test-case id="0-1046" name="NoneOfTheseAreValidBlockLocations(&quot;f8&quot;,null)" fullname="Testing.Specflow.Features.GameRules.ExamplesFeature.NoneOfTheseAreValidBlockLocations(&quot;f8&quot;,null)" methodname="NoneOfTheseAreValidBlockLocations" classname="Testing.Specflow.Features.GameRules.ExamplesFeature" runstate="Runnable" seed="935055072" result="Passed" start-time="2020-05-03 00:09:24Z" end-time="2020-05-03 00:09:24Z" duration="0.000334" asserts="4">
                    <output><![CDATA[Given I define board WeirdSituation1 as:
  --- table step argument ---
  | Any header here - the name doesn't matter |
  | Benediction v1: R E2 B-E8                 |
  | R:D1+2+E1k+2k+3k+F1k2G1k+2+               |
  | B:D6k+7k+8E7+8k+9k+F78k+H5+               |
  | X:B5C2D4E6F3H6I1                          |
-> done: SetupSteps.GivenIDefine("WeirdSituation1", <table>) (0.0s)
Given I load this board:
  --- table step argument ---
  | New Game Board            |
  | Benediction v1: R-E2 B E8 |
  | R:D12E12k3F12             |
  | B:D78E78k9F78             |
-> done: SetupSteps.GivenILoad(<table>) (0.0s)
When the red player blockades f8
Rejected: Bf8: Location F8 Not Empty
-> done: ActionSteps.WhenIBlockade(Red, F8) (0.0s)
Then the action fails
Failed with: Location F8 Not Empty
-> done: ValidationSteps.ThenTheActionFails() (0.0s)
]]></output>
                  </test-case>
                </test-suite>
                <test-case id="0-1028" name="PerformSomeMoves" fullname="Testing.Specflow.Features.GameRules.ExamplesFeature.PerformSomeMoves" methodname="PerformSomeMoves" classname="Testing.Specflow.Features.GameRules.ExamplesFeature" runstate="Runnable" seed="749074071" result="Passed" start-time="2020-05-03 00:09:24Z" end-time="2020-05-03 00:09:24Z" duration="0.001700" asserts="6">
                  <properties>
                    <property name="Description" value="Perform Some Moves" />
                  </properties>
                  <output><![CDATA[Given I define board WeirdSituation1 as:
  --- table step argument ---
  | Any header here - the name doesn't matter |
  | Benediction v1: R E2 B-E8                 |
  | R:D1+2+E1k+2k+3k+F1k2G1k+2+               |
  | B:D6k+7k+8E7+8k+9k+F78k+H5+               |
  | X:B5C2D4E6F3H6I1                          |
-> done: SetupSteps.GivenIDefine("WeirdSituation1", <table>) (0.0s)
Given I load this board:
  --- table step argument ---
  | New Game Board            |
  | Benediction v1: R-E2 B E8 |
  | R:D12E12k3F12             |
  | B:D78E78k9F78             |
-> done: SetupSteps.GivenILoad(<table>) (0.0s)
When the red player moves the piece at e3 to e4
Accepted: e3e4
-> done: ActionSteps.WhenIMove(Red, E3, E4) (0.0s)
When the red player drops a new piece at e3
Accepted: @e3
-> done: ActionSteps.WhenIDrop(Red, E3) (0.0s)
When the blue player blockades c2
Accepted: Bc2
-> done: ActionSteps.WhenIBlockade(Blue, C2) (0.0s)
When the blue player merges the piece at f7 into e7
Accepted: f7+e7
-> done: ActionSteps.WhenIMerge(Blue, F7, E7) (0.0s)
When the red player merges the piece at e4 into e3
Accepted: e4+e3
-> done: ActionSteps.WhenIMerge(Red, E4, E3) (0.0s)
When the red player splits 1 piece from e3 onto d2
Accepted: e3-1-d2
-> done: ActionSteps.WhenISplit(Red, "1", E3, D2) (0.0s)
]]></output>
                </test-case>
                <test-case id="0-1029" name="PerformSomeMoves_ShortNotation" fullname="Testing.Specflow.Features.GameRules.ExamplesFeature.PerformSomeMoves_ShortNotation" methodname="PerformSomeMoves_ShortNotation" classname="Testing.Specflow.Features.GameRules.ExamplesFeature" runstate="Runnable" seed="709758717" result="Passed" start-time="2020-05-03 00:09:24Z" end-time="2020-05-03 00:09:24Z" duration="0.001974" asserts="22">
                  <properties>
                    <property name="Description" value="Perform Some Moves - Short Notation" />
                  </properties>
                  <output><![CDATA[Given I define board WeirdSituation1 as:
  --- table step argument ---
  | Any header here - the name doesn't matter |
  | Benediction v1: R E2 B-E8                 |
  | R:D1+2+E1k+2k+3k+F1k2G1k+2+               |
  | B:D6k+7k+8E7+8k+9k+F78k+H5+               |
  | X:B5C2D4E6F3H6I1                          |
-> done: SetupSteps.GivenIDefine("WeirdSituation1", <table>) (0.0s)
Given I load this board:
  --- table step argument ---
  | New Game Board            |
  | Benediction v1: R-E2 B E8 |
  | R:D12E12k3F12             |
  | B:D78E78k9F78             |
-> done: SetupSteps.GivenILoad(<table>) (0.0s)
When red does e3e4
Accepted: e3e4
-> done: ActionSteps.WhenDoes(Red, "e3e4") (0.0s)
When red does @e3
Accepted: @e3
-> done: ActionSteps.WhenDoes(Red, "@e3") (0.0s)
When blue does Bc2
Accepted: Bc2
-> done: ActionSteps.WhenDoes(Blue, "Bc2") (0.0s)
When blue does f7+e7
Accepted: f7+e7
-> done: ActionSteps.WhenDoes(Blue, "f7+e7") (0.0s)
When red does e4+e3
Accepted: e4+e3
-> done: ActionSteps.WhenDoes(Red, "e4+e3") (0.0s)
When red does e3-1-d2
Accepted: e3-1-d2
-> done: ActionSteps.WhenDoes(Red, "e3-1-d2") (0.0s)
]]></output>
                </test-case>
                <test-case id="0-1030" name="PerformSomeMoves_TableNotation" fullname="Testing.Specflow.Features.GameRules.ExamplesFeature.PerformSomeMoves_TableNotation" methodname="PerformSomeMoves_TableNotation" classname="Testing.Specflow.Features.GameRules.ExamplesFeature" runstate="Runnable" seed="423776978" result="Passed" start-time="2020-05-03 00:09:24Z" end-time="2020-05-03 00:09:24Z" duration="0.005664" asserts="141">
                  <properties>
                    <property name="Description" value="Perform Some Moves - Table Notation" />
                  </properties>
                  <output><![CDATA[Given I define board WeirdSituation1 as:
  --- table step argument ---
  | Any header here - the name doesn't matter |
  | Benediction v1: R E2 B-E8                 |
  | R:D1+2+E1k+2k+3k+F1k2G1k+2+               |
  | B:D6k+7k+8E7+8k+9k+F78k+H5+               |
  | X:B5C2D4E6F3H6I1                          |
-> done: SetupSteps.GivenIDefine("WeirdSituation1", <table>) (0.0s)
Given I load this board:
  --- table step argument ---
  | New Game Board            |
  | Benediction v1: R-E2 B E8 |
  | R:D12E12k3F12             |
  | B:D78E78k9F78             |
-> done: SetupSteps.GivenILoad(<table>) (0.0s)
When the following moves are performed:
  --- table step argument ---
  | RedAction1 | RedAction2 | BlueAction1 | BlueAction2 |
  | f1+f2      | f2-1-g2    | e8+e9       | Bi3         |
  | e3+d2      | Bb5        | f7+f8       | f8f7        |
  | d2c1       | e1f1       | Ba2         | f7-1-g7     |
  | e2e3       | d1e1       | Bf8         | f7g6        |
  | Bg1        | Bb1        | Bd4         | d7+e7       |
  | f1+e1      | f2e2       | @d7         | d7+d8       |
  | @f2        | f2+e2      | @d7         | @e8         |
  | @f2        | e3+f2      | e8+d7       | @e8         |
  | @d1        | @e3        | @f7         | f7+e8       |
  | @f1        | @d2        | @f7         | Bd6         |
Accepted: f1+f2
Accepted: f2-1-g2
Accepted: e8+e9
Accepted: Bi3
Accepted: e3+d2
Accepted: Bb5
Accepted: f7+f8
Accepted: f8f7
Accepted: d2c1
Accepted: e1f1
Accepted: Ba2
Accepted: f7-1-g7
Accepted: e2e3
Accepted: d1e1
Accepted: Bf8
Accepted: f7g6
Accepted: Bg1
Accepted: Bb1
Accepted: Bd4
Accepted: d7+e7
Accepted: f1+e1
Accepted: f2e2
Accepted: @d7
Accepted: d7+d8
Accepted: @f2
Accepted: f2+e2
Accepted: @d7
Accepted: @e8
Accepted: @f2
Accepted: e3+f2
Accepted: e8+d7
Accepted: @e8
Accepted: @d1
Accepted: @e3
Accepted: @f7
Accepted: f7+e8
Accepted: @f1
Accepted: @d2
Accepted: @f7
Accepted: Bd6
-> done: ActionSteps.WhenTheFollowingMoves(<table>) (0.0s)
]]></output>
                </test-case>
[...]
                  <properties>
                    <property name="Description" value="Cursed Piece Wrapping Around Onto Home Becomes King" />
                  </properties>
                  <output><![CDATA[Given I define board NewGame as:
  --- table step argument ---
  | New Game Board            |
  | Benediction v1: R-E2 B E8 |
  | R:D12E12k3F12             |
  | B:D78E78k9F78             |
-> done: SetupSteps.GivenIDefine("NewGame", <table>) (0.0s)
Given I load this board
  --- table step argument ---
  | Board                     |
  | Benediction v1: R-E2 B E8 |
  | R:D1+3E3k+7c9c+           |
  | B:B4C3+6c7cD68G5k         |
![Board Snapshot](https://raw.githubusercontent.com/MichaelSpencerJr/BenedictionGame/master/testruns/images/2cd0cdcd-34b2-c073-ce28-8aa5ebaed919.png?raw=true)
-> done: SetupSteps.GivenILoad(<table>) (0.0s)
When the red player moves the piece at e9 to e2
Accepted: e9e2
-> done: ActionSteps.WhenIMove(Red, E9, E2) (0.0s)
Then the action succeeds
-> done: ValidationSteps.ThenTheActionSucceeds() (0.0s)
And the board has red pieces matching: D1+3E2k+3k+7c
Successfully validated 5 Red pieces.
-> done: ValidationSteps.ThenTheBoardHasPiecesMatching(Red, "D1+3E2k+3k+7c") (0.0s)
]]></output>
                </test-case>
                <test-case id="0-1176" name="CursedPieceWrappingAroundRemainsCursed" fullname="Testing.Specflow.Features.GameRules.WrapAroundRulesFeature.CursedPieceWrappingAroundRemainsCursed" methodname="CursedPieceWrappingAroundRemainsCursed" classname="Testing.Specflow.Features.GameRules.WrapAroundRulesFeature" runstate="Runnable" seed="1277431564" result="Passed" start-time="2020-05-03 00:09:24Z" end-time="2020-05-03 00:09:24Z" duration="0.001150" asserts="6">
                  <properties>
                    <property name="Description" value="Cursed Piece Wrapping Around Remains Cursed" />
                  </properties>
                  <output><![CDATA[Given I define board NewGame as:
  --- table step argument ---
  | New Game Board            |
  | Benediction v1: R-E2 B E8 |
  | R:D12E12k3F12             |
  | B:D78E78k9F78             |
-> done: SetupSteps.GivenIDefine("NewGame", <table>) (0.0s)
Given I have board NewGame
![Board Snapshot](https://raw.githubusercontent.com/MichaelSpencerJr/BenedictionGame/master/testruns/images/4c42702c-34cb-0ba7-c11c-9e2272422602.png?raw=true)
Loaded board NewGame.
-> done: SetupSteps.GivenIHaveNamedBoard("NewGame") (0.0s)
And I add this red piece: I5c
![Board Snapshot](https://raw.githubusercontent.com/MichaelSpencerJr/BenedictionGame/master/testruns/images/4c42702c-34cb-0ba7-02dd-ca5e640de64e.png?raw=true)
-> done: SetupSteps.GivenIAddPieces(Red, "I5c") (0.0s)
When the red player moves the piece at i5 to a1
Accepted: i5a1
-> done: ActionSteps.WhenIMove(Red, I5, A1) (0.0s)
Then the action succeeds
-> done: ValidationSteps.ThenTheActionSucceeds() (0.0s)
And the board has red pieces matching: A1cD12E12k3F12
Successfully validated 8 Red pieces.
-> done: ValidationSteps.ThenTheBoardHasPiecesMatching(Red, "A1cD12E12k3F12") (0.0s)
]]></output>
                </test-case>
                <test-case id="0-1196" name="KingStackWrappingAroundAndSplitMergingOntoPieceRemainsBlessedAndWinsGame" fullname="Testing.Specflow.Features.GameRules.WrapAroundRulesFeature.KingStackWrappingAroundAndSplitMergingOntoPieceRemainsBlessedAndWinsGame" methodname="KingStackWrappingAroundAndSplitMergingOntoPieceRemainsBlessedAndWinsGame" classname="Testing.Specflow.Features.GameRules.WrapAroundRulesFeature" runstate="Runnable" seed="788251827" result="Passed" start-time="2020-05-03 00:09:24Z" end-time="2020-05-03 00:09:24Z" duration="0.001339" asserts="8">
                  <properties>
                    <property name="Description" value="King Stack Wrapping Around and Split Merging Onto Piece Remains Blessed and Wins Game" />
                  </properties>
                  <output><![CDATA[Given I define board NewGame as:
  --- table step argument ---
  | New Game Board            |
  | Benediction v1: R-E2 B E8 |
  | R:D12E12k3F12             |
  | B:D78E78k9F78             |
-> done: SetupSteps.GivenIDefine("NewGame", <table>) (0.0s)
Given I load this board:
  --- table step argument ---
  | Board                     |
  | Benediction v1: R-E2 B E8 |
  | R:A1+D12E12k3F12I5k+      |
  | B:D78E78k9F78             |
![Board Snapshot](https://raw.githubusercontent.com/MichaelSpencerJr/BenedictionGame/master/testruns/images/63f6ae4e-6fc5-141d-2339-b0059711acdc.png?raw=true)
-> done: SetupSteps.GivenILoad(<table>) (0.0s)
When the red player splits 1 piece from i5 onto a1
Accepted: i5-1-a1
-> done: ActionSteps.WhenISplit(Red, "1", I5, A1) (0.0s)
Then the action succeeds
-> done: ValidationSteps.ThenTheActionSucceeds() (0.0s)
And there should be a red one-stack king on i5
-> done: ValidationSteps.ThenThereShouldBeKing(Red, "one", I5) (0.0s)
And there should be a red three-stack king with a blessing on a1
-> done: ValidationSteps.ThenThereShouldBeBlessedKing(Red, "three", A1) (0.0s)
And the game is over and red has won
-> done: ValidationSteps.GameOver(Red) (0.0s)
]]></output>
                </test-case>
                <test-case id="0-1195" name="KingWrappingAroundAndMergingOntoPieceRemainsBlessedAndWinsGame" fullname="Testing.Specflow.Features.GameRules.WrapAroundRulesFeature.KingWrappingAroundAndMergingOntoPieceRemainsBlessedAndWinsGame" methodname="KingWrappingAroundAndMergingOntoPieceRemainsBlessedAndWinsGame" classname="Testing.Specflow.Features.GameRules.WrapAroundRulesFeature" runstate="Runnable" seed="1165834039" result="Passed" start-time="2020-05-03 00:09:24Z" end-time="2020-05-03 00:09:24Z" duration="0.001292" asserts="6">
                  <properties>
                    <property name="Description" value="King Wrapping Around And Merging Onto Piece Remains Blessed and Wins Game" />
                  </properties>
                  <output><![CDATA[Given I define board NewGame as:
  --- table step argument ---
  | New Game Board            |
  | Benediction v1: R-E2 B E8 |
  | R:D12E12k3F12             |
  | B:D78E78k9F78             |
-> done: SetupSteps.GivenIDefine("NewGame", <table>) (0.0s)
Given I load this board:
  --- table step argument ---
  | Board                     |
  | Benediction v1: R-E2 B E8 |
  | R:A1+D12E12k3F12I5k+      |
  | B:D78E78k9F78             |
![Board Snapshot](https://raw.githubusercontent.com/MichaelSpencerJr/BenedictionGame/master/testruns/images/63f6ae4e-6fc5-141d-2339-b0059711acdc.png?raw=true)
-> done: SetupSteps.GivenILoad(<table>) (0.0s)
When the red player merges the piece from i5 onto a1
Accepted: i5+a1
-> done: ActionSteps.WhenIMerge(Red, I5, A1) (0.0s)
Then the action succeeds
-> done: ValidationSteps.ThenTheActionSucceeds() (0.0s)
And there should be a red four-stack king with a blessing on a1
-> done: ValidationSteps.ThenThereShouldBeBlessedKing(Red, "four", A1) (0.0s)
And the game is over and red has won
-> done: ValidationSteps.GameOver(Red) (0.0s)
]]></output>
                </test-case>
                <test-case id="0-1184" name="KingWrappingAroundOntoHomeWinsGame" fullname="Testing.Specflow.Features.GameRules.WrapAroundRulesFeature.KingWrappingAroundOntoHomeWinsGame" methodname="KingWrappingAroundOntoHomeWinsGame" classname="Testing.Specflow.Features.GameRules.WrapAroundRulesFeature" runstate="Runnable" seed="62573438" result="Passed" start-time="2020-05-03 00:09:24Z" end-time="2020-05-03 00:09:24Z" duration="0.001152" asserts="4">
                  <properties>
                    <property name="Description" value="King Wrapping Around Onto Home Wins Game" />
                  </properties>
                  <output><![CDATA[Given I define board NewGame as:
  --- table step argument ---
  | New Game Board            |
  | Benediction v1: R-E2 B E8 |
  | R:D12E12k3F12             |
  | B:D78E78k9F78             |
-> done: SetupSteps.GivenIDefine("NewGame", <table>) (0.0s)
Given I load this board
  --- table step argument ---
  | Board                     |
  | Benediction v1: R=E2 B E8 |
  | R:E7+8k++                 |
  | B:B3+6+C1k2k              |
  | X:A35B2D46                |
![Board Snapshot](https://raw.githubusercontent.com/MichaelSpencerJr/BenedictionGame/master/testruns/images/0613b08b-4a83-ccbd-ca4a-afbfeae43b72.png?raw=true)
-> done: SetupSteps.GivenILoad(<table>) (0.0s)
When the red player moves the piece on e8 to e2
Accepted: e8e2
-> done: ActionSteps.WhenIMove(Red, E8, E2) (0.0s)
Then the action succeeds
-> done: ValidationSteps.ThenTheActionSucceeds() (0.0s)
And the game is over and red has won
-> done: ValidationSteps.GameOver(Red) (0.0s)
]]></output>
                </test-case>
                <test-case id="0-1183" name="KingWrappingAroundOntoRegularSpaceWinsGame" fullname="Testing.Specflow.Features.GameRules.WrapAroundRulesFeature.KingWrappingAroundOntoRegularSpaceWinsGame" methodname="KingWrappingAroundOntoRegularSpaceWinsGame" classname="Testing.Specflow.Features.GameRules.WrapAroundRulesFeature" runstate="Runnable" seed="1449943145" result="Passed" start-time="2020-05-03 00:09:24Z" end-time="2020-05-03 00:09:24Z" duration="0.001109" asserts="4">
                  <properties>
                    <property name="Description" value="King Wrapping Around Onto Regular Space Wins Game" />
                  </properties>
                  <output><![CDATA[Given I define board NewGame as:
  --- table step argument ---
  | New Game Board            |
  | Benediction v1: R-E2 B E8 |
  | R:D12E12k3F12             |
  | B:D78E78k9F78             |
-> done: SetupSteps.GivenIDefine("NewGame", <table>) (0.0s)
Given I load this board
  --- table step argument ---
  | Board                     |
  | Benediction v1: R E2 B-E8 |
  | R:E7+H5k++                |
  | B:B6+C1k2k3+              |
  | X:A35B2D4                 |
![Board Snapshot](https://raw.githubusercontent.com/MichaelSpencerJr/BenedictionGame/master/testruns/images/c540c5bb-b595-2245-fae5-a54b833ee5f9.png?raw=true)
-> done: SetupSteps.GivenILoad(<table>) (0.0s)
When the blue player moves the piece on c1 to c7
Accepted: c1c7
-> done: ActionSteps.WhenIMove(Blue, C1, C7) (0.0s)
Then the action succeeds
-> done: ValidationSteps.ThenTheActionSucceeds() (0.0s)
And the game is over and blue has won
-> done: ValidationSteps.GameOver(Blue) (0.0s)
]]></output>
                </test-case>
                <test-case id="0-1177" name="NormalPieceWrappingAroundBecomesBlessed" fullname="Testing.Specflow.Features.GameRules.WrapAroundRulesFeature.NormalPieceWrappingAroundBecomesBlessed" methodname="NormalPieceWrappingAroundBecomesBlessed" classname="Testing.Specflow.Features.GameRules.WrapAroundRulesFeature" runstate="Runnable" seed="1447228739" result="Passed" start-time="2020-05-03 00:09:24Z" end-time="2020-05-03 00:09:24Z" duration="0.001241" asserts="6">
                  <properties>
                    <property name="Description" value="Normal Piece Wrapping Around Becomes Blessed" />
                  </properties>
                  <output><![CDATA[Given I define board NewGame as:
  --- table step argument ---
  | New Game Board            |
  | Benediction v1: R-E2 B E8 |
  | R:D12E12k3F12             |
  | B:D78E78k9F78             |
-> done: SetupSteps.GivenIDefine("NewGame", <table>) (0.0s)
Given I have board NewGame
![Board Snapshot](https://raw.githubusercontent.com/MichaelSpencerJr/BenedictionGame/master/testruns/images/4c42702c-34cb-0ba7-c11c-9e2272422602.png?raw=true)
Loaded board NewGame.
-> done: SetupSteps.GivenIHaveNamedBoard("NewGame") (0.0s)
And I add this red piece: I5
![Board Snapshot](https://raw.githubusercontent.com/MichaelSpencerJr/BenedictionGame/master/testruns/images/4c42702c-34cb-0ba7-02bc-8fb467d71757.png?raw=true)
-> done: SetupSteps.GivenIAddPieces(Red, "I5") (0.0s)
When the red player moves the piece at i5 to a1
Accepted: i5a1
-> done: ActionSteps.WhenIMove(Red, I5, A1) (0.0s)
Then the action succeeds
-> done: ValidationSteps.ThenTheActionSucceeds() (0.0s)
And the board has red pieces matching: A1bD12E12k3F12
Successfully validated 8 Red pieces.
-> done: ValidationSteps.ThenTheBoardHasPiecesMatching(Red, "A1bD12E12k3F12") (0.0s)
]]></output>
                </test-case>
                <test-case id="0-1180" name="NormalPieceWrappingAroundOntoHomeBecomesKing" fullname="Testing.Specflow.Features.GameRules.WrapAroundRulesFeature.NormalPieceWrappingAroundOntoHomeBecomesKing" methodname="NormalPieceWrappingAroundOntoHomeBecomesKing" classname="Testing.Specflow.Features.GameRules.WrapAroundRulesFeature" runstate="Runnable" seed="1115544376" result="Passed" start-time="2020-05-03 00:09:24Z" end-time="2020-05-03 00:09:24Z" duration="0.001149" asserts="3">
                  <properties>
                    <property name="Description" value="Normal Piece Wrapping Around Onto Home Becomes King" />
                  </properties>
                  <output><![CDATA[Given I define board NewGame as:
  --- table step argument ---
  | New Game Board            |
  | Benediction v1: R-E2 B E8 |
  | R:D12E12k3F12             |
  | B:D78E78k9F78             |
-> done: SetupSteps.GivenIDefine("NewGame", <table>) (0.0s)
Given I load this board
  --- table step argument ---
  | Board                     |
  | Benediction v1: R E2 B-E8 |
  | R:E2k+3k+47cG4+           |
  | B:B4C6c7cD678E1+H4k       |
  | X:G3                      |
![Board Snapshot](https://raw.githubusercontent.com/MichaelSpencerJr/BenedictionGame/master/testruns/images/9fbe3c84-8238-9d08-018d-247974130c96.png?raw=true)
-> done: SetupSteps.GivenILoad(<table>) (0.0s)
When the blue player moves the piece at e1 to e8
Accepted: e1e8
-> done: ActionSteps.WhenIMove(Blue, E1, E8) (0.0s)
Then the action succeeds
-> done: ValidationSteps.ThenTheActionSucceeds() (0.0s)
And the board has blue pieces matching B4C6c7cD678E8k+H4k
Successfully validated 8 Blue pieces.
-> done: ValidationSteps.ThenTheBoardHasPiecesMatching(Blue, "B4C6c7cD678E8k+H4k") (0.0s)
]]></output>
                </test-case>
                <test-case id="0-1186" name="RegularPieceWrappingAroundAndMergingCanFormAnyStackSize" fullname="Testing.Specflow.Features.GameRules.WrapAroundRulesFeature.RegularPieceWrappingAroundAndMergingCanFormAnyStackSize" methodname="RegularPieceWrappingAroundAndMergingCanFormAnyStackSize" classname="Testing.Specflow.Features.GameRules.WrapAroundRulesFeature" runstate="Runnable" seed="219412822" result="Passed" start-time="2020-05-03 00:09:24Z" end-time="2020-05-03 00:09:24Z" duration="0.001445" asserts="8">
                  <properties>
                    <property name="Description" value="Regular Piece Wrapping Around and Merging Can Form Any Stack Size" />
                  </properties>
                  <output><![CDATA[Given I define board NewGame as:
  --- table step argument ---
  | New Game Board            |
  | Benediction v1: R-E2 B E8 |
  | R:D12E12k3F12             |
  | B:D78E78k9F78             |
-> done: SetupSteps.GivenIDefine("NewGame", <table>) (0.0s)
Given I load this board:
  --- table step argument ---
  | Board                      |
  | Benediction v1: R-E2 B E8  |
  | R:A2c++D12E12k3F12G1+7H6++ |
  | B:D78E78k9F78              |
![Board Snapshot](https://raw.githubusercontent.com/MichaelSpencerJr/BenedictionGame/master/testruns/images/86149e11-482f-6767-f95b-29c60870b39a.png?raw=true)
-> done: SetupSteps.GivenILoad(<table>) (0.0s)
When the red player merges the piece at g7 onto g1
Accepted: g7+g1
-> done: ActionSteps.WhenIMerge(Red, G7, G1) (0.0s)
Then the action succeeds
-> done: ValidationSteps.ThenTheActionSucceeds() (0.0s)
And there should be a red three-stack on g1
-> done: ValidationSteps.ThenThereShouldBe(Red, "three", G1) (0.0s)
When the red player merges the piece at h6 onto a2
Accepted: h6+a2
-> done: ActionSteps.WhenIMerge(Red, H6, A2) (0.0s)
Then the action succeeds
-> done: ValidationSteps.ThenTheActionSucceeds() (0.0s)
And there should be a red six-stack on a2
-> done: ValidationSteps.ThenThereShouldBe(Red, "six", A2) (0.0s)
]]></output>
                </test-case>
                <test-case id="0-1193" name="RegularPieceWrappingAroundAndSplitMergingCanFormAnyStackSize" fullname="Testing.Specflow.Features.GameRules.WrapAroundRulesFeature.RegularPieceWrappingAroundAndSplitMergingCanFormAnyStackSize" methodname="RegularPieceWrappingAroundAndSplitMergingCanFormAnyStackSize" classname="Testing.Specflow.Features.GameRules.WrapAroundRulesFeature" runstate="Runnable" seed="241287678" result="Passed" start-time="2020-05-03 00:09:24Z" end-time="2020-05-03 00:09:24Z" duration="0.001444" asserts="6">
                  <properties>
                    <property name="Description" value="Regular Piece Wrapping Around and Split Merging Can Form Any Stack Size" />
                  </properties>
                  <output><![CDATA[Given I define board NewGame as:
  --- table step argument ---
  | New Game Board            |
  | Benediction v1: R-E2 B E8 |
  | R:D12E12k3F12             |
  | B:D78E78k9F78             |
-> done: SetupSteps.GivenIDefine("NewGame", <table>) (0.0s)
Given I load this board:
  --- table step argument ---
  | Board                     |
  | Benediction v1: R-E2 B E8 |
  | R:A1+D12E12k3F12I5+       |
  | B:D78E78k9F78             |
![Board Snapshot](https://raw.githubusercontent.com/MichaelSpencerJr/BenedictionGame/master/testruns/images/63f6ae4e-6fc5-141d-23f7-39b19da50fed.png?raw=true)
-> done: SetupSteps.GivenILoad(<table>) (0.0s)
When the red player splits 1 piece from i5 onto a1
Accepted: i5-1-a1
-> done: ActionSteps.WhenISplit(Red, "1", I5, A1) (0.0s)
Then the action succeeds
-> done: ValidationSteps.ThenTheActionSucceeds() (0.0s)
And there should be a red one-stack on i5
-> done: ValidationSteps.ThenThereShouldBe(Red, "one", I5) (0.0s)
And there should be a red three-stack on a1
-> done: ValidationSteps.ThenThereShouldBe(Red, "three", A1) (0.0s)
]]></output>
                </test-case>
                <test-case id="0-1189" name="RegularPieceWrappingAroundAndSplittingLeavesBless_CursePair" fullname="Testing.Specflow.Features.GameRules.WrapAroundRulesFeature.RegularPieceWrappingAroundAndSplittingLeavesBless_CursePair" methodname="RegularPieceWrappingAroundAndSplittingLeavesBless_CursePair" classname="Testing.Specflow.Features.GameRules.WrapAroundRulesFeature" runstate="Runnable" seed="1664278486" result="Passed" start-time="2020-05-03 00:09:24Z" end-time="2020-05-03 00:09:24Z" duration="0.001263" asserts="6">
                  <properties>
                    <property name="Description" value="Regular Piece Wrapping Around and Splitting Leaves Bless-Curse Pair" />
                  </properties>
                  <output><![CDATA[Given I define board NewGame as:
  --- table step argument ---
  | New Game Board            |
  | Benediction v1: R-E2 B E8 |
  | R:D12E12k3F12             |
  | B:D78E78k9F78             |
-> done: SetupSteps.GivenIDefine("NewGame", <table>) (0.0s)
Given I load this board:
  --- table step argument ---
  | Board                     |
  | Benediction v1: R-E2 B E8 |
  | R:D12E12k3F12G7+++        |
  | B:D78E78k9F78             |
![Board Snapshot](https://raw.githubusercontent.com/MichaelSpencerJr/BenedictionGame/master/testruns/images/4c42702c-34cb-0ba7-fd2a-4933613f8d27.png?raw=true)
-> done: SetupSteps.GivenILoad(<table>) (0.0s)
When the red player splits 2 pieces from g7 onto g1
Accepted: g7-2-g1
-> done: ActionSteps.WhenISplit(Red, "2", G7, G1) (0.0s)
Then the action succeeds
-> done: ValidationSteps.ThenTheActionSucceeds() (0.0s)
And there should be a red cursed two-stack on g7
-> done: ValidationSteps.ThenThereShouldBeCursed(Red, "two", G7) (0.0s)
And there should be a red blessed two-stack on g1
-> done: ValidationSteps.ThenThereShouldBeBlessed(Red, "two", G1) (0.0s)
]]></output>
                </test-case>
              </test-suite>
            </test-suite>
          </test-suite>
        </test-suite>
      </test-suite>
    </test-suite>
  </test-suite>
</test-run>