<?xml version="1.0" encoding="utf-8" standalone="no"?>
<test-run id="2" testcasecount="114" result="Passed" total="114" passed="47" failed="0" inconclusive="67" skipped="0" asserts="635" engine-version="3.10.0.0" clr-version="4.0.30319.42000" start-time="2020-02-06 04:11:18Z" end-time="2020-02-06 04:11:20Z" duration="1.851473">
  <command-line><![CDATA["C:\ProgramData\chocolatey\lib\nunit-console-runner\tools\nunit3-console.exe" ..\..\src\Testing\Specflow\bin\Debug\Testing.Specflow.dll --result=report.txt;transform=..\..\..\nunit-transforms\nunit3-summary\text-report.xslt --result=report.html;transform=..\..\..\nunit-transforms\nunit3-summary\html-report.xslt --result=readme.md;transform=..\md-report.xslt --result=TestResult.xml]]></command-line>
  <test-suite type="Assembly" id="0-1126" name="Testing.Specflow.dll" fullname="F:\src\BenedictionGame\src\Testing\Specflow\bin\Debug\Testing.Specflow.dll" runstate="Runnable" testcasecount="114" result="Passed" start-time="2020-02-06 04:11:19Z" end-time="2020-02-06 04:11:20Z" duration="1.155509" total="114" passed="47" failed="0" warnings="0" inconclusive="67" skipped="0" asserts="635">
    <environment framework-version="3.12.0.0" clr-version="4.0.30319.42000" os-version="Microsoft Windows NT 10.0.17134.0" platform="Win32NT" cwd="F:\src\BenedictionGame\testruns\latest" machine-name="SPENCER-VR" user="Oculus Rift" user-domain="SPENCER-VR" culture="en-US" uiculture="en-US" os-architecture="x64" />
    <settings>
      <setting name="DisposeRunners" value="True" />
      <setting name="WorkDirectory" value="F:\src\BenedictionGame\testruns\latest" />
      <setting name="ImageRuntimeVersion" value="4.0.30319" />
      <setting name="ImageTargetFrameworkName" value=".NETFramework,Version=v4.7.1" />
      <setting name="ImageRequiresX86" value="False" />
      <setting name="ImageRequiresDefaultAppDomainAssemblyResolver" value="False" />
      <setting name="NumberOfTestWorkers" value="12" />
    </settings>
    <properties>
      <property name="_PID" value="12988" />
      <property name="_APPDOMAIN" value="domain-" />
    </properties>
    <test-suite type="SetUpFixture" id="0-1000" name="[default namespace]" fullname="Testing_Specflow_NUnitAssemblyHooks" classname="Testing_Specflow_NUnitAssemblyHooks" runstate="Runnable" testcasecount="114" result="Passed" start-time="2020-02-06 04:11:19Z" end-time="2020-02-06 04:11:20Z" duration="1.138314" total="114" passed="47" failed="0" warnings="0" inconclusive="67" skipped="0" asserts="635">
      <output><![CDATA[-> Loading plugin F:\src\BenedictionGame\src\Testing\Specflow\bin\Debug\TechTalk.SpecFlow.NUnit.SpecFlowPlugin.dll
-> Using default config
]]></output>
      <test-suite type="TestSuite" id="0-1127" name="Testing" fullname="Testing" runstate="Runnable" testcasecount="114" result="Passed" start-time="2020-02-06 04:11:19Z" end-time="2020-02-06 04:11:20Z" duration="0.531558" total="114" passed="47" failed="0" warnings="0" inconclusive="67" skipped="0" asserts="635">
        <test-suite type="TestSuite" id="0-1128" name="Specflow" fullname="Testing.Specflow" runstate="Runnable" testcasecount="114" result="Passed" start-time="2020-02-06 04:11:19Z" end-time="2020-02-06 04:11:20Z" duration="0.531535" total="114" passed="47" failed="0" warnings="0" inconclusive="67" skipped="0" asserts="635">
          <test-suite type="TestSuite" id="0-1129" name="Features" fullname="Testing.Specflow.Features" runstate="Runnable" testcasecount="114" result="Passed" start-time="2020-02-06 04:11:19Z" end-time="2020-02-06 04:11:20Z" duration="0.531530" total="114" passed="47" failed="0" warnings="0" inconclusive="67" skipped="0" asserts="635">
            <test-suite type="TestSuite" id="0-1131" name="ExampleGames" fullname="Testing.Specflow.Features.ExampleGames" runstate="Runnable" testcasecount="1" result="Passed" start-time="2020-02-06 04:11:19Z" end-time="2020-02-06 04:11:20Z" duration="0.246443" total="1" passed="1" failed="0" warnings="0" inconclusive="0" skipped="0" asserts="265">
              <test-suite type="TestFixture" id="0-1124" name="AlekSamplesFeature" fullname="Testing.Specflow.Features.ExampleGames.AlekSamplesFeature" classname="Testing.Specflow.Features.ExampleGames.AlekSamplesFeature" runstate="Runnable" testcasecount="1" result="Passed" start-time="2020-02-06 04:11:19Z" end-time="2020-02-06 04:11:20Z" duration="0.245242" total="1" passed="1" failed="0" warnings="0" inconclusive="0" skipped="0" asserts="265">
                <properties>
                  <property name="Description" value="Alek Samples" />
                </properties>
                <test-case id="0-1125" name="AlekSampleGame1" fullname="Testing.Specflow.Features.ExampleGames.AlekSamplesFeature.AlekSampleGame1" methodname="AlekSampleGame1" classname="Testing.Specflow.Features.ExampleGames.AlekSamplesFeature" runstate="Runnable" seed="1656105482" result="Passed" start-time="2020-02-06 04:11:20Z" end-time="2020-02-06 04:11:20Z" duration="0.190351" asserts="265">
                  <properties>
                    <property name="Description" value="Alek Sample Game 1" />
                  </properties>
                  <output><![CDATA[Given I define board NewGame as:
  --- table step argument ---
  | New Game Board            |
  | Benediction v1: R-E2 B E8 |
  | R:D12E12k3F12             |
  | B:D78E78k9F78             |
-> done: SetupSteps.GivenIDefine("NewGame", <table>) (0.0s)
Given I have board NewGame
![Board Snapshot](https://raw.githubusercontent.com/MichaelSpencerJr/BenedictionGame/master/testruns/images/b50cb248-3720-e98d-f5a2-c04c3545857a.png?raw=true)
Loaded board NewGame.
-> done: SetupSteps.GivenIHaveNamedBoard("NewGame") (0.0s)
When the following moves are performed:
  --- table step argument ---
  | RedAction1 | RedAction2 | BlueAction1 | BlueAction2 |
  | e3e4       | @e3        | f8+f7       | @f8         |
  | d1+d2      | @d1        | d7d6        | @d7         |
  | f1+f2      | @f1        | f7f5        | @f7         |
  | f2f4       | f4-1-f5    | d7+d6       | d6b4        |
  | d2f3       | @f2        | b4b2        | Bc2         |
  | f3h3       | f1+f2      | b2i5        | e9+f8       |
  | h3h5       | h5-1-i5    | @e9         | @d7         |
  | f4g4       | f2f4       | f8h6        | h6-1-i5     |
  | e3+e4      | h5i5       | h6i5        | @f8         |
  | f4d5       | e4e5       | e8+e9       | Bc7         |
  | e1+e2      | e2e4       | f7+e7       | e7e5        |
  | e4e5       | d5e6       | Be7         | @f7         |
  | e5c5       | Ba5        | d8+d7       | @d8         |
  | e6c6       | c6-1-d7    | d8d7        | @d8         |
  | c5b4       | c6d7       |             |             |
Accepted: e3e4
![Board Snapshot](https://raw.githubusercontent.com/MichaelSpencerJr/BenedictionGame/master/testruns/images/0f8cfc55-c7ea-8d9f-0af6-7449cf98dba1-E3-E4.png?raw=true)
Accepted: @e3
![Board Snapshot](https://raw.githubusercontent.com/MichaelSpencerJr/BenedictionGame/master/testruns/images/5182a0c2-1497-e92b-e861-6a4831aba196-E3.png?raw=true)
Accepted: f8+f7
![Board Snapshot](https://raw.githubusercontent.com/MichaelSpencerJr/BenedictionGame/master/testruns/images/246ade30-9149-6e15-1754-5c585fbe12f6-F7-F8.png?raw=true)
Accepted: @f8
![Board Snapshot](https://raw.githubusercontent.com/MichaelSpencerJr/BenedictionGame/master/testruns/images/2a36d76d-78f8-b4d4-278b-c252c0132438-F8.png?raw=true)
Accepted: d1+d2
![Board Snapshot](https://raw.githubusercontent.com/MichaelSpencerJr/BenedictionGame/master/testruns/images/412215e4-91f3-c0db-694a-f3c099d58ce1-D1-D2.png?raw=true)
Accepted: @d1
![Board Snapshot](https://raw.githubusercontent.com/MichaelSpencerJr/BenedictionGame/master/testruns/images/0fd5b26e-b69d-9c51-bc0f-b9a7ef11330e-D1.png?raw=true)
Accepted: d7d6
![Board Snapshot](https://raw.githubusercontent.com/MichaelSpencerJr/BenedictionGame/master/testruns/images/84bd4ce7-479a-dc84-152a-5bb470124c94-D6-D7.png?raw=true)
Accepted: @d7
![Board Snapshot](https://raw.githubusercontent.com/MichaelSpencerJr/BenedictionGame/master/testruns/images/892498d2-57e1-d2e1-ef39-9a26316cae87-D7.png?raw=true)
Accepted: f1+f2
![Board Snapshot](https://raw.githubusercontent.com/MichaelSpencerJr/BenedictionGame/master/testruns/images/e7bf8bac-aaa3-6e9c-7e05-52587c930053-F1-F2.png?raw=true)
Accepted: @f1
![Board Snapshot](https://raw.githubusercontent.com/MichaelSpencerJr/BenedictionGame/master/testruns/images/d4383f3d-960a-3413-23be-45d6694e109d-F1.png?raw=true)
Accepted: f7f5
![Board Snapshot](https://raw.githubusercontent.com/MichaelSpencerJr/BenedictionGame/master/testruns/images/bddc193d-3577-f592-a629-1f83b22a064c-F5-F7.png?raw=true)
Accepted: @f7
![Board Snapshot](https://raw.githubusercontent.com/MichaelSpencerJr/BenedictionGame/master/testruns/images/aced0ec3-c164-6d6e-7354-f84e43060853-F7.png?raw=true)
Accepted: f2f4
![Board Snapshot](https://raw.githubusercontent.com/MichaelSpencerJr/BenedictionGame/master/testruns/images/462d066e-518c-f89c-d13f-f33e88f35262-F2-F4.png?raw=true)
Accepted: f4-1-f5
![Board Snapshot](https://raw.githubusercontent.com/MichaelSpencerJr/BenedictionGame/master/testruns/images/c2deb277-8566-eaa1-a4a8-a346415328d9-F4-F5.png?raw=true)
Accepted: d7+d6
![Board Snapshot](https://raw.githubusercontent.com/MichaelSpencerJr/BenedictionGame/master/testruns/images/69c732c2-612e-1ce4-9473-0c90e71bc801-D6-D7.png?raw=true)
Accepted: d6b4
![Board Snapshot](https://raw.githubusercontent.com/MichaelSpencerJr/BenedictionGame/master/testruns/images/c6a71c27-1553-a846-bc81-8d9d92103183-B4-D6.png?raw=true)
Accepted: d2f3
![Board Snapshot](https://raw.githubusercontent.com/MichaelSpencerJr/BenedictionGame/master/testruns/images/78b3e894-b5d2-99ce-2981-0a7bb28d0f08-D2-F3.png?raw=true)
Accepted: @f2
![Board Snapshot](https://raw.githubusercontent.com/MichaelSpencerJr/BenedictionGame/master/testruns/images/e85ac896-837e-daf4-083a-9c1ab03d5074-F2.png?raw=true)
Accepted: b4b2
![Board Snapshot](https://raw.githubusercontent.com/MichaelSpencerJr/BenedictionGame/master/testruns/images/9e7ceb29-67d3-42a8-a381-3d4862c708ed-B2-B4.png?raw=true)
Accepted: Bc2
![Board Snapshot](https://raw.githubusercontent.com/MichaelSpencerJr/BenedictionGame/master/testruns/images/698df008-1472-7591-fd72-de4de7b099b0-C2.png?raw=true)
Accepted: f3h3
![Board Snapshot](https://raw.githubusercontent.com/MichaelSpencerJr/BenedictionGame/master/testruns/images/7100041e-bc5d-3007-f3ba-56ea4f1226c7-F3-H3.png?raw=true)
Accepted: f1+f2
![Board Snapshot](https://raw.githubusercontent.com/MichaelSpencerJr/BenedictionGame/master/testruns/images/ba82f962-da6e-8719-7031-45bc05c4710b-F1-F2.png?raw=true)
Accepted: b2i5
![Board Snapshot](https://raw.githubusercontent.com/MichaelSpencerJr/BenedictionGame/master/testruns/images/20e8f512-0ebe-3bbf-fabc-cff2d32943ef-B2-I5.png?raw=true)
Accepted: e9+f8
![Board Snapshot](https://raw.githubusercontent.com/MichaelSpencerJr/BenedictionGame/master/testruns/images/add6a93f-195a-0629-b65f-c3e3645c0956-E9-F8.png?raw=true)
Accepted: h3h5
![Board Snapshot](https://raw.githubusercontent.com/MichaelSpencerJr/BenedictionGame/master/testruns/images/832c0e80-803e-b6ad-fdb1-e26b1d0d7881-H3-H5.png?raw=true)
Accepted: h5-1-i5
![Board Snapshot](https://raw.githubusercontent.com/MichaelSpencerJr/BenedictionGame/master/testruns/images/c113ab50-fda5-5a8a-72ad-a000f7b851ae-H5-I5.png?raw=true)
Accepted: @e9
![Board Snapshot](https://raw.githubusercontent.com/MichaelSpencerJr/BenedictionGame/master/testruns/images/977ba4fe-26c4-2cd8-87f1-9f122b0f604b-E9.png?raw=true)
Accepted: @d7
![Board Snapshot](https://raw.githubusercontent.com/MichaelSpencerJr/BenedictionGame/master/testruns/images/70a1c945-25ab-f152-3284-e3548ff809de-D7.png?raw=true)
Accepted: f4g4
![Board Snapshot](https://raw.githubusercontent.com/MichaelSpencerJr/BenedictionGame/master/testruns/images/4ed658a3-82f5-05cc-130f-4d5b299ec475-F4-G4.png?raw=true)
Accepted: f2f4
![Board Snapshot](https://raw.githubusercontent.com/MichaelSpencerJr/BenedictionGame/master/testruns/images/9a59a1cf-68e1-38bd-b59b-930ed2d4e622-F2-F4.png?raw=true)
Accepted: f8h6
![Board Snapshot](https://raw.githubusercontent.com/MichaelSpencerJr/BenedictionGame/master/testruns/images/417e5ae0-f267-6403-df0a-83e1b767b344-F8-H6.png?raw=true)
Accepted: h6-1-i5
![Board Snapshot](https://raw.githubusercontent.com/MichaelSpencerJr/BenedictionGame/master/testruns/images/13576040-16af-1bc1-00a6-970cceb0e638-H6-I5.png?raw=true)
Accepted: e3+e4
![Board Snapshot](https://raw.githubusercontent.com/MichaelSpencerJr/BenedictionGame/master/testruns/images/ca93e6b4-e3dd-2bd6-5653-7c8201d9aa71-E3-E4.png?raw=true)
Accepted: h5i5
![Board Snapshot](https://raw.githubusercontent.com/MichaelSpencerJr/BenedictionGame/master/testruns/images/3236547e-9a18-c636-96b9-01f0e11d2247-H5-I5.png?raw=true)
Accepted: h6i5
![Board Snapshot](https://raw.githubusercontent.com/MichaelSpencerJr/BenedictionGame/master/testruns/images/1c5feb37-70fa-fefa-91be-3b7ffbcfb2d0-H6-I5.png?raw=true)
Accepted: @f8
![Board Snapshot](https://raw.githubusercontent.com/MichaelSpencerJr/BenedictionGame/master/testruns/images/b2030054-cefb-f25d-6ebf-e30e4cb54a55-F8.png?raw=true)
Accepted: f4d5
![Board Snapshot](https://raw.githubusercontent.com/MichaelSpencerJr/BenedictionGame/master/testruns/images/7f538c98-0659-e305-dc48-67af7a44eb0e-D5-F4.png?raw=true)
Accepted: e4e5
![Board Snapshot](https://raw.githubusercontent.com/MichaelSpencerJr/BenedictionGame/master/testruns/images/7a31c5a1-7013-00f7-586c-51fa1261e3be-E4-E5.png?raw=true)
Accepted: e8+e9
![Board Snapshot](https://raw.githubusercontent.com/MichaelSpencerJr/BenedictionGame/master/testruns/images/5486a738-3525-064a-e505-dcf19f7d1bce-E8-E9.png?raw=true)
Accepted: Bc7
![Board Snapshot](https://raw.githubusercontent.com/MichaelSpencerJr/BenedictionGame/master/testruns/images/b2e8be61-98e6-d12e-256c-263987c6292a-C7.png?raw=true)
Accepted: e1+e2
![Board Snapshot](https://raw.githubusercontent.com/MichaelSpencerJr/BenedictionGame/master/testruns/images/ec3d4e52-f68c-5330-4572-e506aa1c025d-E1-E2.png?raw=true)
Accepted: e2e4
![Board Snapshot](https://raw.githubusercontent.com/MichaelSpencerJr/BenedictionGame/master/testruns/images/667a0689-0074-5026-3f4b-18e2b2c8ce22-E2-E4.png?raw=true)
Accepted: f7+e7
![Board Snapshot](https://raw.githubusercontent.com/MichaelSpencerJr/BenedictionGame/master/testruns/images/ff4bb56e-3e38-6c84-f248-184b56308161-E7-F7.png?raw=true)
Accepted: e7e5
![Board Snapshot](https://raw.githubusercontent.com/MichaelSpencerJr/BenedictionGame/master/testruns/images/ecb771ba-e27c-698b-940b-29d18f3dcf6a-E5-E7.png?raw=true)
Accepted: e4e5
![Board Snapshot](https://raw.githubusercontent.com/MichaelSpencerJr/BenedictionGame/master/testruns/images/cce4a8ab-151d-b2bd-1fe7-42ca6713778f-E4-E5.png?raw=true)
Accepted: d5e6
![Board Snapshot](https://raw.githubusercontent.com/MichaelSpencerJr/BenedictionGame/master/testruns/images/949af7e8-dbbe-a07a-79e9-69db64804c02-D5-E6.png?raw=true)
Accepted: Be7
![Board Snapshot](https://raw.githubusercontent.com/MichaelSpencerJr/BenedictionGame/master/testruns/images/05ce5c65-06c6-c9c7-ed69-e05b5a54514c-E7.png?raw=true)
Accepted: @f7
![Board Snapshot](https://raw.githubusercontent.com/MichaelSpencerJr/BenedictionGame/master/testruns/images/08eb9363-2960-f18d-5269-e4046a2cf59f-F7.png?raw=true)
Accepted: e5c5
![Board Snapshot](https://raw.githubusercontent.com/MichaelSpencerJr/BenedictionGame/master/testruns/images/df666ba2-e203-2ac2-be49-4434e496a98f-C5-E5.png?raw=true)
Accepted: Ba5
![Board Snapshot](https://raw.githubusercontent.com/MichaelSpencerJr/BenedictionGame/master/testruns/images/4c00cc2d-d800-9fed-78f9-e9d23938ed1a-A5.png?raw=true)
Accepted: d8+d7
![Board Snapshot](https://raw.githubusercontent.com/MichaelSpencerJr/BenedictionGame/master/testruns/images/a35d3439-ec84-af0f-b7b2-a4187037965b-D7-D8.png?raw=true)
Accepted: @d8
![Board Snapshot](https://raw.githubusercontent.com/MichaelSpencerJr/BenedictionGame/master/testruns/images/ac999153-ca4b-8acb-2b0b-c24140bb2466-D8.png?raw=true)
Accepted: e6c6
![Board Snapshot](https://raw.githubusercontent.com/MichaelSpencerJr/BenedictionGame/master/testruns/images/d23babbf-5b8d-b756-2c94-fa3af912fe37-C6-E6.png?raw=true)
Accepted: c6-1-d7
![Board Snapshot](https://raw.githubusercontent.com/MichaelSpencerJr/BenedictionGame/master/testruns/images/32d32974-62f4-755d-7a03-38ea67beccc6-C6-D7.png?raw=true)
Accepted: d8d7
![Board Snapshot](https://raw.githubusercontent.com/MichaelSpencerJr/BenedictionGame/master/testruns/images/97338497-3862-93ee-e843-38e4260b4082-D7-D8.png?raw=true)
Accepted: @d8
![Board Snapshot](https://raw.githubusercontent.com/MichaelSpencerJr/BenedictionGame/master/testruns/images/325e409a-1c86-89f9-525b-9b863dc08392-D8.png?raw=true)
Accepted: c5b4
![Board Snapshot](https://raw.githubusercontent.com/MichaelSpencerJr/BenedictionGame/master/testruns/images/55eed42c-b69b-8cfe-df94-34ac94b045c0-B4-C5.png?raw=true)
Accepted: c6d7
![Board Snapshot](https://raw.githubusercontent.com/MichaelSpencerJr/BenedictionGame/master/testruns/images/fa0292c9-9df4-c4b7-986e-45d432ea12e9-C6-D7.png?raw=true)
-> done: ActionSteps.WhenTheFollowingMoves(<table>) (0.1s)
Then the following locations match:
  --- table step argument ---
  | Location | Contents | Size | Type   |
  | A5       | Block    |      |        |
  | C7       | Block    |      |        |
  | C2       | Block    |      |        |
  | E7       | Block    |      |        |
  | D1       | Red      | 1    | Normal |
  | B4       | Red      | 2    | King   |
  | D7       | Red      | 1    | Cursed |
  | F5       | Red      | 1    | Cursed |
  | G4       | Red      | 1    | Cursed |
  | D8       | Blue     | 1    | Normal |
  | E9       | Blue     | 2    | King   |
  | F7       | Blue     | 1    | Normal |
  | F8       | Blue     | 1    | Normal |
  | I5       | Blue     | 1    | Cursed |
A5 OK
C7 OK
C2 OK
E7 OK
D1 OK
B4 OK
D7 OK
F5 OK
G4 OK
D8 OK
E9 OK
F7 OK
F8 OK
I5 OK
-> done: ValidationSteps.ThenTheFollowingLocationsMatch(<table>) (0.0s)
]]></output>
                </test-case>
              </test-suite>
            </test-suite>
            <test-suite type="TestSuite" id="0-1130" name="GameRules" fullname="Testing.Specflow.Features.GameRules" runstate="Runnable" testcasecount="113" result="Passed" start-time="2020-02-06 04:11:19Z" end-time="2020-02-06 04:11:20Z" duration="0.531520" total="113" passed="46" failed="0" warnings="0" inconclusive="67" skipped="0" asserts="370">
              <test-suite type="TestFixture" id="0-1001" name="BlockRulesFeature" fullname="Testing.Specflow.Features.GameRules.BlockRulesFeature" classname="Testing.Specflow.Features.GameRules.BlockRulesFeature" runstate="Runnable" testcasecount="5" result="Passed" start-time="2020-02-06 04:11:20Z" end-time="2020-02-06 04:11:20Z" duration="0.012354" total="5" passed="5" failed="0" warnings="0" inconclusive="0" skipped="0" asserts="80">
                <properties>
                  <property name="Description" value="Block Rules" />
                </properties>
                <test-case id="0-1002" name="BlockHappyPath" fullname="Testing.Specflow.Features.GameRules.BlockRulesFeature.BlockHappyPath" methodname="BlockHappyPath" classname="Testing.Specflow.Features.GameRules.BlockRulesFeature" runstate="Runnable" seed="91772611" result="Passed" start-time="2020-02-06 04:11:20Z" end-time="2020-02-06 04:11:20Z" duration="0.004580" asserts="5">
                  <properties>
                    <property name="Description" value="Block Happy Path" />
                  </properties>
                  <output><![CDATA[Given I define board NewGame as:
  --- table step argument ---
  | New Game Board            |
  | Benediction v1: R-E2 B E8 |
  | R:D12E12k3F12             |
  | B:D78E78k9F78             |
-> done: SetupSteps.GivenIDefine("NewGame", <table>) (0.0s)
Given I have board NewGame
![Board Snapshot](https://raw.githubusercontent.com/MichaelSpencerJr/BenedictionGame/master/testruns/images/b50cb248-3720-e98d-f5a2-c04c3545857a.png?raw=true)
Loaded board NewGame.
-> done: SetupSteps.GivenIHaveNamedBoard("NewGame") (0.0s)
When the red player blockades A1
Accepted: Ba1
![Board Snapshot](https://raw.githubusercontent.com/MichaelSpencerJr/BenedictionGame/master/testruns/images/e5c4514c-8802-69fd-4f37-202fa92f03ef-A1.png?raw=true)
-> done: ActionSteps.WhenIBlockade(Red, A1) (0.0s)
Then the action succeeds
-> done: ValidationSteps.ThenTheActionSucceeds() (0.0s)
And the board has blocks matching: A1
Successfully validated 1 block.
-> done: ValidationSteps.ThenTheBoardHasBlocksMatching("A1") (0.0s)
]]></output>
                </test-case>
                <test-case id="0-1003" name="BlockMaximum" fullname="Testing.Specflow.Features.GameRules.BlockRulesFeature.BlockMaximum" methodname="BlockMaximum" classname="Testing.Specflow.Features.GameRules.BlockRulesFeature" runstate="Runnable" seed="740720676" result="Passed" start-time="2020-02-06 04:11:20Z" end-time="2020-02-06 04:11:20Z" duration="0.003680" asserts="62">
                  <properties>
                    <property name="Description" value="Block Maximum" />
                  </properties>
                  <output><![CDATA[Given I define board NewGame as:
  --- table step argument ---
  | New Game Board            |
  | Benediction v1: R-E2 B E8 |
  | R:D12E12k3F12             |
  | B:D78E78k9F78             |
-> done: SetupSteps.GivenIDefine("NewGame", <table>) (0.0s)
Given I have an empty E2 E8 board
Loaded empty game board with Red Home at E2 and Blue Home at E8
-> done: SetupSteps.GivenIHaveAnEmptyBoard(E2, E8) (0.0s)
When the following moves are performed:
  --- table step argument ---
  | RedAction1 | RedAction2 | BlueAction1 | BlueAction2 |
  | Bd2        | Bf2        | Be1         | Be9         |
  | Bd7        | Bf7        | Bb6         | Bc5         |
  | Ba4        | Bg5        | Bh6         | Bi4         |
  | Bg3        | Bh1        | Bi2         | Bc3         |
  | Bb1        | Ba2        | Be6         | Be4         |
Accepted: Bd2
![Board Snapshot](https://raw.githubusercontent.com/MichaelSpencerJr/BenedictionGame/master/testruns/images/7984a007-2498-ec86-293c-638dcd7f4904-D2.png?raw=true)
Accepted: Bf2
![Board Snapshot](https://raw.githubusercontent.com/MichaelSpencerJr/BenedictionGame/master/testruns/images/0b4d0cd9-431b-4457-e1f2-c7848684822d-F2.png?raw=true)
Accepted: Be1
![Board Snapshot](https://raw.githubusercontent.com/MichaelSpencerJr/BenedictionGame/master/testruns/images/397aa385-a656-c736-2aeb-735614b775b5-E1.png?raw=true)
Accepted: Be9
![Board Snapshot](https://raw.githubusercontent.com/MichaelSpencerJr/BenedictionGame/master/testruns/images/c665e17f-24ba-77bd-cc15-2ca775d17faf-E9.png?raw=true)
Accepted: Bd7
![Board Snapshot](https://raw.githubusercontent.com/MichaelSpencerJr/BenedictionGame/master/testruns/images/3966703c-bf98-4c0a-6435-a3b87b0e3cf1-D7.png?raw=true)
Accepted: Bf7
![Board Snapshot](https://raw.githubusercontent.com/MichaelSpencerJr/BenedictionGame/master/testruns/images/8cafa76e-7420-3556-9aca-6d2114d9e333-F7.png?raw=true)
Accepted: Bb6
![Board Snapshot](https://raw.githubusercontent.com/MichaelSpencerJr/BenedictionGame/master/testruns/images/55bde147-30e1-59c6-3420-4149aa00bcba-B6.png?raw=true)
Accepted: Bc5
![Board Snapshot](https://raw.githubusercontent.com/MichaelSpencerJr/BenedictionGame/master/testruns/images/be0d15be-5426-3d22-53d4-e43bdf5ceb83-C5.png?raw=true)
Accepted: Ba4
![Board Snapshot](https://raw.githubusercontent.com/MichaelSpencerJr/BenedictionGame/master/testruns/images/029566ff-30c0-c0d2-d1c9-a7f7c00261e4-A4.png?raw=true)
Accepted: Bg5
![Board Snapshot](https://raw.githubusercontent.com/MichaelSpencerJr/BenedictionGame/master/testruns/images/25cc0394-003c-6b5b-e5a9-f429b04f3821-G5.png?raw=true)
Accepted: Bh6
![Board Snapshot](https://raw.githubusercontent.com/MichaelSpencerJr/BenedictionGame/master/testruns/images/4ec9d589-d95e-5b7c-5486-c8791d542420-H6.png?raw=true)
Accepted: Bi4
![Board Snapshot](https://raw.githubusercontent.com/MichaelSpencerJr/BenedictionGame/master/testruns/images/4ccddfda-5b2b-fca7-7201-df449503d573-I4.png?raw=true)
Accepted: Bg3
![Board Snapshot](https://raw.githubusercontent.com/MichaelSpencerJr/BenedictionGame/master/testruns/images/68ad6e35-73cb-2ce9-bdac-c4c4e041500a-G3.png?raw=true)
Accepted: Bh1
![Board Snapshot](https://raw.githubusercontent.com/MichaelSpencerJr/BenedictionGame/master/testruns/images/58f58c4a-f2d9-5e5c-71bc-1c273473ab1a-H1.png?raw=true)
Accepted: Bi2
![Board Snapshot](https://raw.githubusercontent.com/MichaelSpencerJr/BenedictionGame/master/testruns/images/f9b6d123-09b2-adb2-cf37-bbbcb6e18af3-I2.png?raw=true)
Accepted: Bc3
![Board Snapshot](https://raw.githubusercontent.com/MichaelSpencerJr/BenedictionGame/master/testruns/images/1c5a59f4-1915-c3fb-1833-5b68d66fca9c-C3.png?raw=true)
Accepted: Bb1
![Board Snapshot](https://raw.githubusercontent.com/MichaelSpencerJr/BenedictionGame/master/testruns/images/68b93422-6668-fe2b-463c-123ef13aec1c-B1.png?raw=true)
Accepted: Ba2
![Board Snapshot](https://raw.githubusercontent.com/MichaelSpencerJr/BenedictionGame/master/testruns/images/c875f2da-0c42-39c7-29e2-da23aafb95fb-A2.png?raw=true)
Accepted: Be6
![Board Snapshot](https://raw.githubusercontent.com/MichaelSpencerJr/BenedictionGame/master/testruns/images/0f17b7eb-ff6d-6b64-fd2b-8a2e2c8c63b9-E6.png?raw=true)
Accepted: Be4
![Board Snapshot](https://raw.githubusercontent.com/MichaelSpencerJr/BenedictionGame/master/testruns/images/5be7070c-b19f-276f-bbdf-d214f222b5d3-E4.png?raw=true)
-> done: ActionSteps.WhenTheFollowingMoves(<table>) (0.0s)
Then the board has blocks matching: A24B16C35D27E1469F27G35H16I24
Successfully validated 20 blocks.
-> done: ValidationSteps.ThenTheBoardHasBlocksMatching("A24B16C35D27E1469...") (0.0s)
]]></output>
                </test-case>
                <test-case id="0-1005" name="CannotBlockAdjacentAnotherBlock" fullname="Testing.Specflow.Features.GameRules.BlockRulesFeature.CannotBlockAdjacentAnotherBlock" methodname="CannotBlockAdjacentAnotherBlock" classname="Testing.Specflow.Features.GameRules.BlockRulesFeature" runstate="Runnable" seed="1307879403" result="Passed" start-time="2020-02-06 04:11:20Z" end-time="2020-02-06 04:11:20Z" duration="0.001872" asserts="5">
                  <properties>
                    <property name="Description" value="Cannot Block Adjacent Another Block" />
                  </properties>
                  <output><![CDATA[Given I define board NewGame as:
  --- table step argument ---
  | New Game Board            |
  | Benediction v1: R-E2 B E8 |
  | R:D12E12k3F12             |
  | B:D78E78k9F78             |
-> done: SetupSteps.GivenIDefine("NewGame", <table>) (0.0s)
Given I have an empty E2 E8 board
Loaded empty game board with Red Home at E2 and Blue Home at E8
-> done: SetupSteps.GivenIHaveAnEmptyBoard(E2, E8) (0.0s)
When the red player blocks e3
Accepted: Be3
![Board Snapshot](https://raw.githubusercontent.com/MichaelSpencerJr/BenedictionGame/master/testruns/images/583156d7-4d7e-ea5b-fd2f-8b76e96ea48a-E3.png?raw=true)
-> done: ActionSteps.WhenIBlockade(Red, E3) (0.0s)
Then the action succeeds
-> done: ValidationSteps.ThenTheActionSucceeds() (0.0s)
When the red player blocks e4
Rejected: Be4: Cannot Block Adjacent Existing Block E3
-> done: ActionSteps.WhenIBlockade(Red, E4) (0.0s)
Then the action fails
Failed with: Cannot Block Adjacent Existing Block E3
-> done: ValidationSteps.ThenTheActionFails() (0.0s)
And the board has blocks matching: E3
Successfully validated 1 block.
-> done: ValidationSteps.ThenTheBoardHasBlocksMatching("E3") (0.0s)
]]></output>
                </test-case>
                <test-case id="0-1004" name="CannotBlockHomeSpace" fullname="Testing.Specflow.Features.GameRules.BlockRulesFeature.CannotBlockHomeSpace" methodname="CannotBlockHomeSpace" classname="Testing.Specflow.Features.GameRules.BlockRulesFeature" runstate="Runnable" seed="1689692799" result="Passed" start-time="2020-02-06 04:11:20Z" end-time="2020-02-06 04:11:20Z" duration="0.000922" asserts="4">
                  <properties>
                    <property name="Description" value="Cannot Block Home Space" />
                  </properties>
                  <output><![CDATA[Given I define board NewGame as:
  --- table step argument ---
  | New Game Board            |
  | Benediction v1: R-E2 B E8 |
  | R:D12E12k3F12             |
  | B:D78E78k9F78             |
-> done: SetupSteps.GivenIDefine("NewGame", <table>) (0.0s)
Given I have an empty E2 E8 board
Loaded empty game board with Red Home at E2 and Blue Home at E8
-> done: SetupSteps.GivenIHaveAnEmptyBoard(E2, E8) (0.0s)
When the red player blocks e2
Rejected: Be2: Cannot Block Red Home at Location E2
-> done: ActionSteps.WhenIBlockade(Red, E2) (0.0s)
Then the action fails
Failed with: Cannot Block Red Home at Location E2
-> done: ValidationSteps.ThenTheActionFails() (0.0s)
When the red player blocks e8
Rejected: Be8: Cannot Block Blue Home at Location E8
-> done: ActionSteps.WhenIBlockade(Red, E8) (0.0s)
Then the action fails
Failed with: Cannot Block Blue Home at Location E8
-> done: ValidationSteps.ThenTheActionFails() (0.0s)
]]></output>
                </test-case>
                <test-case id="0-1006" name="CannotBlockOccupiedSpace" fullname="Testing.Specflow.Features.GameRules.BlockRulesFeature.CannotBlockOccupiedSpace" methodname="CannotBlockOccupiedSpace" classname="Testing.Specflow.Features.GameRules.BlockRulesFeature" runstate="Runnable" seed="698074160" result="Passed" start-time="2020-02-06 04:11:20Z" end-time="2020-02-06 04:11:20Z" duration="0.000800" asserts="4">
                  <properties>
                    <property name="Description" value="Cannot Block Occupied Space" />
                  </properties>
                  <output><![CDATA[Given I define board NewGame as:
  --- table step argument ---
  | New Game Board            |
  | Benediction v1: R-E2 B E8 |
  | R:D12E12k3F12             |
  | B:D78E78k9F78             |
-> done: SetupSteps.GivenIDefine("NewGame", <table>) (0.0s)
Given I have board NewGame
![Board Snapshot](https://raw.githubusercontent.com/MichaelSpencerJr/BenedictionGame/master/testruns/images/b50cb248-3720-e98d-f5a2-c04c3545857a.png?raw=true)
Loaded board NewGame.
-> done: SetupSteps.GivenIHaveNamedBoard("NewGame") (0.0s)
When the red player blockades e3
Rejected: Be3: Location E3 Not Empty
-> done: ActionSteps.WhenIBlockade(Red, E3) (0.0s)
Then the action fails
Failed with: Location E3 Not Empty
-> done: ValidationSteps.ThenTheActionFails() (0.0s)
]]></output>
                </test-case>
              </test-suite>
              <test-suite type="TestFixture" id="0-1007" name="BridgeRulesFeature" fullname="Testing.Specflow.Features.GameRules.BridgeRulesFeature" classname="Testing.Specflow.Features.GameRules.BridgeRulesFeature" runstate="Runnable" testcasecount="7" result="Passed" start-time="2020-02-06 04:11:20Z" end-time="2020-02-06 04:11:20Z" duration="0.037144" total="7" passed="7" failed="0" warnings="0" inconclusive="0" skipped="0" asserts="25">
                <properties>
                  <property name="Description" value="Bridge Rules" />
                </properties>
                <test-case id="0-1013" name="BridgeCannotBlessCursedPieces" fullname="Testing.Specflow.Features.GameRules.BridgeRulesFeature.BridgeCannotBlessCursedPieces" methodname="BridgeCannotBlessCursedPieces" classname="Testing.Specflow.Features.GameRules.BridgeRulesFeature" runstate="Runnable" seed="119015352" result="Passed" start-time="2020-02-06 04:11:20Z" end-time="2020-02-06 04:11:20Z" duration="0.018716" asserts="3">
                  <properties>
                    <property name="Description" value="Bridge Cannot Bless Cursed Pieces" />
                  </properties>
                  <output><![CDATA[Given I define board NewGame as:
  --- table step argument ---
  | New Game Board            |
  | Benediction v1: R-E2 B E8 |
  | R:D12E12k3F12             |
  | B:D78E78k9F78             |
-> done: SetupSteps.GivenIDefine("NewGame", <table>) (0.0s)
Given I load this board:
  --- table step argument ---
  | Board                         |
  | Benediction v1: R-E2 B E8     |
  | R:D12E12k3F6++G1c+2cH2c3c5c6c |
  | B:E8k                         |
![Board Snapshot](https://raw.githubusercontent.com/MichaelSpencerJr/BenedictionGame/master/testruns/images/814cb5e2-fc1a-36e5-5d1a-8c14a9e50781.png?raw=true)
-> done: SetupSteps.GivenILoad(<table>) (0.0s)
When the red player splits 2 pieces from f6 to h4
Accepted: f6-2-h4
![Board Snapshot](https://raw.githubusercontent.com/MichaelSpencerJr/BenedictionGame/master/testruns/images/09674cbf-9813-00b5-2a75-57eb8b4d96cd-F6-H4.png?raw=true)
-> done: ActionSteps.WhenISplit(Red, 2, F6, H4) (0.0s)
Then the action succeeds
-> done: ValidationSteps.ThenTheActionSucceeds() (0.0s)
And the board has red pieces matching: D12E12k3F6cG1c+2cH2c3c4b+5c6c
Successfully validated 13 Red pieces.
-> done: ValidationSteps.ThenTheBoardHasPiecesMatching(Red, "D12E12k3F6cG1c+2c...") (0.0s)
]]></output>
                </test-case>
                <test-case id="0-1008" name="BridgeHappyPath" fullname="Testing.Specflow.Features.GameRules.BridgeRulesFeature.BridgeHappyPath" methodname="BridgeHappyPath" classname="Testing.Specflow.Features.GameRules.BridgeRulesFeature" runstate="Runnable" seed="2048311924" result="Passed" start-time="2020-02-06 04:11:20Z" end-time="2020-02-06 04:11:20Z" duration="0.001796" asserts="2">
                  <properties>
                    <property name="Description" value="Bridge Happy Path" />
                  </properties>
                  <output><![CDATA[Given I define board NewGame as:
  --- table step argument ---
  | New Game Board            |
  | Benediction v1: R-E2 B E8 |
  | R:D12E12k3F12             |
  | B:D78E78k9F78             |
-> done: SetupSteps.GivenIDefine("NewGame", <table>) (0.0s)
Given I load this board:
  --- table step argument ---
  | Board                     |
  | Benediction v1: R-E2 B E8 |
  | R:C2D13E12k4F124G4H4I45   |
  | B:A12B3C4D578E68k9F68G6   |
![Board Snapshot](https://raw.githubusercontent.com/MichaelSpencerJr/BenedictionGame/master/testruns/images/78ef14af-3123-d5a7-50c7-8f649cc50dcb.png?raw=true)
-> done: SetupSteps.GivenILoad(<table>) (0.0s)
When the red player moves the piece at d1 to c1
Accepted: d1c1
![Board Snapshot](https://raw.githubusercontent.com/MichaelSpencerJr/BenedictionGame/master/testruns/images/93c3cb3a-25de-716b-775a-323c64b91731-C1-D1.png?raw=true)
-> done: ActionSteps.WhenIMove(Red, D1, C1) (0.0s)
Then the board has red pieces matching: C1b2bD3bE12k4bF124bG4bH4bI4b5b
Successfully validated 13 Red pieces.
-> done: ValidationSteps.ThenTheBoardHasPiecesMatching(Red, "C1b2bD3bE12k4bF12...") (0.0s)
]]></output>
                </test-case>
                <test-case id="0-1009" name="BridgeMaximum" fullname="Testing.Specflow.Features.GameRules.BridgeRulesFeature.BridgeMaximum" methodname="BridgeMaximum" classname="Testing.Specflow.Features.GameRules.BridgeRulesFeature" runstate="Runnable" seed="996672127" result="Passed" start-time="2020-02-06 04:11:20Z" end-time="2020-02-06 04:11:20Z" duration="0.007439" asserts="5">
                  <properties>
                    <property name="Description" value="Bridge Maximum" />
                  </properties>
                  <output><![CDATA[Given I define board NewGame as:
  --- table step argument ---
  | New Game Board            |
  | Benediction v1: R-E2 B E8 |
  | R:D12E12k3F12             |
  | B:D78E78k9F78             |
-> done: SetupSteps.GivenIDefine("NewGame", <table>) (0.0s)
Given I load this board:
  --- table step argument ---
  | Board                                   |
  | Benediction v1: R-E2 B E8               |
  | R:A14B245C246D468E2k468kF2467G246H24I23 |
  | B:E7k                                   |
![Board Snapshot](https://raw.githubusercontent.com/MichaelSpencerJr/BenedictionGame/master/testruns/images/d95525f1-17d2-eac0-1f5d-6cdb34d27096.png?raw=true)
-> done: SetupSteps.GivenILoad(<table>) (0.0s)
When the red player drops a new piece at d2
Accepted: @d2
![Board Snapshot](https://raw.githubusercontent.com/MichaelSpencerJr/BenedictionGame/master/testruns/images/79afa5f7-217d-4829-2409-47c55f1e4404-D2.png?raw=true)
-> done: ActionSteps.WhenIDrop(Red, D2) (0.0s)
Then the action succeeds
-> done: ValidationSteps.ThenTheActionSucceeds() (0.0s)
And the game is over and red has won
-> done: ValidationSteps.GameOver(Red) (0.0s)
And the board has red pieces matching: A1b4bB2b4b5bC2b4b6bD2b4b6b8bE2kb4b6b8kbF2b4b6b7bG2b4b6bH2b4bI2b3b
Successfully validated 27 Red pieces.
-> done: ValidationSteps.ThenTheBoardHasPiecesMatching(Red, "A1b4bB2b4b5bC2b4b...") (0.0s)
]]></output>
                </test-case>
                <test-case id="0-1010" name="BridgeWithWrongColorCriticalPiece" fullname="Testing.Specflow.Features.GameRules.BridgeRulesFeature.BridgeWithWrongColorCriticalPiece" methodname="BridgeWithWrongColorCriticalPiece" classname="Testing.Specflow.Features.GameRules.BridgeRulesFeature" runstate="Runnable" seed="1310283841" result="Passed" start-time="2020-02-06 04:11:20Z" end-time="2020-02-06 04:11:20Z" duration="0.003398" asserts="4">
                  <properties>
                    <property name="Description" value="Bridge With Wrong Color Critical Piece" />
                  </properties>
                  <output><![CDATA[Given I define board NewGame as:
  --- table step argument ---
  | New Game Board            |
  | Benediction v1: R-E2 B E8 |
  | R:D12E12k3F12             |
  | B:D78E78k9F78             |
-> done: SetupSteps.GivenIDefine("NewGame", <table>) (0.0s)
Given I load this board:
  --- table step argument ---
  | Board                     |
  | Benediction v1: R E2 B-E8 |
  | R:D12E12k3F12G2H2356      |
  | B:E8kG4                   |
![Board Snapshot](https://raw.githubusercontent.com/MichaelSpencerJr/BenedictionGame/master/testruns/images/b3562125-3cee-c7e2-67c3-b4b411cfe6ec.png?raw=true)
-> done: SetupSteps.GivenILoad(<table>) (0.0s)
When the blue player moves the piece at g4 to h4
Accepted: g4h4
![Board Snapshot](https://raw.githubusercontent.com/MichaelSpencerJr/BenedictionGame/master/testruns/images/cf5044be-c432-3746-1739-2868884df9e7-G4-H4.png?raw=true)
-> done: ActionSteps.WhenIMove(Blue, G4, H4) (0.0s)
Then the action succeeds
-> done: ValidationSteps.ThenTheActionSucceeds() (0.0s)
And the board has blue pieces matching: E8kH4
Successfully validated 2 Blue pieces.
-> done: ValidationSteps.ThenTheBoardHasPiecesMatching(Blue, "E8kH4") (0.0s)
And the board has red pieces matching: D12E12k3F12G2H2356
Successfully validated 12 Red pieces.
-> done: ValidationSteps.ThenTheBoardHasPiecesMatching(Red, "D12E12k3F12G2H2356") (0.0s)
]]></output>
                </test-case>
                <test-case id="0-1014" name="HomeDropCompletingBridgeWinsGame" fullname="Testing.Specflow.Features.GameRules.BridgeRulesFeature.HomeDropCompletingBridgeWinsGame" methodname="HomeDropCompletingBridgeWinsGame" classname="Testing.Specflow.Features.GameRules.BridgeRulesFeature" runstate="Runnable" seed="2009604972" result="Passed" start-time="2020-02-06 04:11:20Z" end-time="2020-02-06 04:11:20Z" duration="0.001255" asserts="5">
                  <properties>
                    <property name="Description" value="Home Drop Completing Bridge Wins Game" />
                  </properties>
                  <output><![CDATA[Given I define board NewGame as:
  --- table step argument ---
  | New Game Board            |
  | Benediction v1: R-E2 B E8 |
  | R:D12E12k3F12             |
  | B:D78E78k9F78             |
-> done: SetupSteps.GivenIDefine("NewGame", <table>) (0.0s)
Given I load this board:
  --- table step argument ---
  | Board                     |
  | Benediction v1: R-E2 B E8 |
  | R:A1kE1345F5G5H5I5        |
  | B:D78E78k9F78             |
![Board Snapshot](https://raw.githubusercontent.com/MichaelSpencerJr/BenedictionGame/master/testruns/images/5dbd8ef0-9411-39f4-eb9b-ddc996f39edf.png?raw=true)
-> done: SetupSteps.GivenILoad(<table>) (0.0s)
When the red player drops a new piece at e2
Accepted: @e2
![Board Snapshot](https://raw.githubusercontent.com/MichaelSpencerJr/BenedictionGame/master/testruns/images/d6a96ffe-9413-bf7b-9660-93853325811a-E2.png?raw=true)
-> done: ActionSteps.WhenIDrop(Red, E2) (0.0s)
Then the action succeeds
-> done: ValidationSteps.ThenTheActionSucceeds() (0.0s)
And the board has red pieces matching: A1kE1b2kb3b4b5bF5bG5bH5bI5b
Successfully validated 10 Red pieces.
-> done: ValidationSteps.ThenTheBoardHasPiecesMatching(Red, "A1kE1b2kb3b4b5bF5...") (0.0s)
And the game is over and red has won
-> done: ValidationSteps.GameOver(Red) (0.0s)
]]></output>
                </test-case>
                <test-case id="0-1011" name="SplitIntoBridgeAvoidsAllCursesIfSplitPiecesAdjacent" fullname="Testing.Specflow.Features.GameRules.BridgeRulesFeature.SplitIntoBridgeAvoidsAllCursesIfSplitPiecesAdjacent" methodname="SplitIntoBridgeAvoidsAllCursesIfSplitPiecesAdjacent" classname="Testing.Specflow.Features.GameRules.BridgeRulesFeature" runstate="Runnable" seed="1596015421" result="Passed" start-time="2020-02-06 04:11:20Z" end-time="2020-02-06 04:11:20Z" duration="0.002682" asserts="3">
                  <properties>
                    <property name="Description" value="Split Into Bridge Avoids All Curses If Split Pieces Adjacent" />
                  </properties>
                  <output><![CDATA[Given I define board NewGame as:
  --- table step argument ---
  | New Game Board            |
  | Benediction v1: R-E2 B E8 |
  | R:D12E12k3F12             |
  | B:D78E78k9F78             |
-> done: SetupSteps.GivenIDefine("NewGame", <table>) (0.0s)
Given I load this board:
  --- table step argument ---
  | Board                     |
  | Benediction v1: R-E2 B E8 |
  | R:D12E12k3F12G25+H2356    |
  | B:E8k                     |
![Board Snapshot](https://raw.githubusercontent.com/MichaelSpencerJr/BenedictionGame/master/testruns/images/ff3696be-88c4-9dc3-f7b8-aed219f754b5.png?raw=true)
-> done: SetupSteps.GivenILoad(<table>) (0.0s)
When the red player splits 1 piece from g5 to h4
Accepted: g5-1-h4
![Board Snapshot](https://raw.githubusercontent.com/MichaelSpencerJr/BenedictionGame/master/testruns/images/64c2001a-950d-eff3-424b-0960ac0160b8-G5-H4.png?raw=true)
-> done: ActionSteps.WhenISplit(Red, 1, G5, H4) (0.0s)
Then the action succeeds
-> done: ValidationSteps.ThenTheActionSucceeds() (0.0s)
And the board has red pieces matching: D1b2bE1b2kb3bF1b2bG2b5bH2b3b4b5b6b
Successfully validated 14 Red pieces.
-> done: ValidationSteps.ThenTheBoardHasPiecesMatching(Red, "D1b2bE1b2kb3bF1b2...") (0.0s)
]]></output>
                </test-case>
                <test-case id="0-1012" name="SplitIntoBridgeAvoidsTargetCurseIfTargetPieceAdjacent" fullname="Testing.Specflow.Features.GameRules.BridgeRulesFeature.SplitIntoBridgeAvoidsTargetCurseIfTargetPieceAdjacent" methodname="SplitIntoBridgeAvoidsTargetCurseIfTargetPieceAdjacent" classname="Testing.Specflow.Features.GameRules.BridgeRulesFeature" runstate="Runnable" seed="1808633673" result="Passed" start-time="2020-02-06 04:11:20Z" end-time="2020-02-06 04:11:20Z" duration="0.001228" asserts="3">
                  <properties>
                    <property name="Description" value="Split Into Bridge Avoids Target Curse If Target Piece Adjacent" />
                  </properties>
                  <output><![CDATA[Given I define board NewGame as:
  --- table step argument ---
  | New Game Board            |
  | Benediction v1: R-E2 B E8 |
  | R:D12E12k3F12             |
  | B:D78E78k9F78             |
-> done: SetupSteps.GivenIDefine("NewGame", <table>) (0.0s)
Given I load this board:
  --- table step argument ---
  | Board                     |
  | Benediction v1: R-E2 B E8 |
  | R:D12E12k3F126++G2H2356   |
  | B:E8k                     |
![Board Snapshot](https://raw.githubusercontent.com/MichaelSpencerJr/BenedictionGame/master/testruns/images/739759a2-cf38-4707-eaad-df778518d406.png?raw=true)
-> done: SetupSteps.GivenILoad(<table>) (0.0s)
When the red player splits 2 pieces from f6 to h4
Accepted: f6-2-h4
![Board Snapshot](https://raw.githubusercontent.com/MichaelSpencerJr/BenedictionGame/master/testruns/images/45498da7-e1bd-7f71-cd92-9887ed24c76f-F6-H4.png?raw=true)
-> done: ActionSteps.WhenISplit(Red, 2, F6, H4) (0.0s)
Then the action succeeds
-> done: ValidationSteps.ThenTheActionSucceeds() (0.0s)
And the board has red pieces matching: D1b2bE1b2kb3bF1b2b6cG2bH2b3b4b+5b6b
Successfully validated 14 Red pieces.
-> done: ValidationSteps.ThenTheBoardHasPiecesMatching(Red, "D1b2bE1b2kb3bF1b2...") (0.0s)
]]></output>
                </test-case>
              </test-suite>
              <test-suite type="TestFixture" id="0-1015" name="DropRulesFeature" fullname="Testing.Specflow.Features.GameRules.DropRulesFeature" classname="Testing.Specflow.Features.GameRules.DropRulesFeature" runstate="Runnable" testcasecount="5" result="Passed" start-time="2020-02-06 04:11:20Z" end-time="2020-02-06 04:11:20Z" duration="0.006523" total="5" passed="5" failed="0" warnings="0" inconclusive="0" skipped="0" asserts="19">
                <properties>
                  <property name="Description" value="Drop Rules" />
                </properties>
                <test-case id="0-1018" name="CannotDropOntoBlock" fullname="Testing.Specflow.Features.GameRules.DropRulesFeature.CannotDropOntoBlock" methodname="CannotDropOntoBlock" classname="Testing.Specflow.Features.GameRules.DropRulesFeature" runstate="Runnable" seed="624431142" result="Passed" start-time="2020-02-06 04:11:20Z" end-time="2020-02-06 04:11:20Z" duration="0.001596" asserts="2">
                  <properties>
                    <property name="Description" value="Cannot Drop Onto Block" />
                  </properties>
                  <output><![CDATA[Given I define board NewGame as:
  --- table step argument ---
  | New Game Board            |
  | Benediction v1: R-E2 B E8 |
  | R:D12E12k3F12             |
  | B:D78E78k9F78             |
-> done: SetupSteps.GivenIDefine("NewGame", <table>) (0.0s)
Given I load this board:
  --- table step argument ---
  | Board                     |
  | Benediction v1: R-E2 B E8 |
  | R:D12E12kF12              |
  | B:D78E78k9F78             |
  | X:E3                      |
![Board Snapshot](https://raw.githubusercontent.com/MichaelSpencerJr/BenedictionGame/master/testruns/images/05727d7d-a822-e663-e593-85887fdd5e22.png?raw=true)
-> done: SetupSteps.GivenILoad(<table>) (0.0s)
When the red player drops a new piece at e3
Rejected: @e3: Location E3 Not Empty
-> done: ActionSteps.WhenIDrop(Red, E3) (0.0s)
Then the action fails
Failed with: Location E3 Not Empty
-> done: ValidationSteps.ThenTheActionFails() (0.0s)
]]></output>
                </test-case>
                <test-case id="0-1019" name="CannotDropOntoOccupiedSpace" fullname="Testing.Specflow.Features.GameRules.DropRulesFeature.CannotDropOntoOccupiedSpace" methodname="CannotDropOntoOccupiedSpace" classname="Testing.Specflow.Features.GameRules.DropRulesFeature" runstate="Runnable" seed="194214893" result="Passed" start-time="2020-02-06 04:11:20Z" end-time="2020-02-06 04:11:20Z" duration="0.000851" asserts="4">
                  <properties>
                    <property name="Description" value="Cannot Drop Onto Occupied Space" />
                  </properties>
                  <output><![CDATA[Given I define board NewGame as:
  --- table step argument ---
  | New Game Board            |
  | Benediction v1: R-E2 B E8 |
  | R:D12E12k3F12             |
  | B:D78E78k9F78             |
-> done: SetupSteps.GivenIDefine("NewGame", <table>) (0.0s)
Given I have board NewGame
![Board Snapshot](https://raw.githubusercontent.com/MichaelSpencerJr/BenedictionGame/master/testruns/images/b50cb248-3720-e98d-f5a2-c04c3545857a.png?raw=true)
Loaded board NewGame.
-> done: SetupSteps.GivenIHaveNamedBoard("NewGame") (0.0s)
When the red player drops a new piece at e3
Rejected: @e3: Location E3 Not Empty
-> done: ActionSteps.WhenIDrop(Red, E3) (0.0s)
Then the action fails
Failed with: Location E3 Not Empty
-> done: ValidationSteps.ThenTheActionFails() (0.0s)
]]></output>
                </test-case>
                <test-case id="0-1017" name="CannotDropOutsideZone" fullname="Testing.Specflow.Features.GameRules.DropRulesFeature.CannotDropOutsideZone" methodname="CannotDropOutsideZone" classname="Testing.Specflow.Features.GameRules.DropRulesFeature" runstate="Runnable" seed="301507664" result="Passed" start-time="2020-02-06 04:11:20Z" end-time="2020-02-06 04:11:20Z" duration="0.000860" asserts="4">
                  <properties>
                    <property name="Description" value="Cannot Drop Outside Zone" />
                  </properties>
                  <output><![CDATA[Given I define board NewGame as:
  --- table step argument ---
  | New Game Board            |
  | Benediction v1: R-E2 B E8 |
  | R:D12E12k3F12             |
  | B:D78E78k9F78             |
-> done: SetupSteps.GivenIDefine("NewGame", <table>) (0.0s)
Given I have board NewGame
![Board Snapshot](https://raw.githubusercontent.com/MichaelSpencerJr/BenedictionGame/master/testruns/images/b50cb248-3720-e98d-f5a2-c04c3545857a.png?raw=true)
Loaded board NewGame.
-> done: SetupSteps.GivenIHaveNamedBoard("NewGame") (0.0s)
When the red player drops a new piece at e5
Rejected: @e5: Drop Must Be Adjacent Your Home At E2
-> done: ActionSteps.WhenIDrop(Red, E5) (0.0s)
Then the action fails
Failed with: Drop Must Be Adjacent Your Home At E2
-> done: ValidationSteps.ThenTheActionFails() (0.0s)
]]></output>
                </test-case>
                <test-case id="0-1016" name="DropHappyPath" fullname="Testing.Specflow.Features.GameRules.DropRulesFeature.DropHappyPath" methodname="DropHappyPath" classname="Testing.Specflow.Features.GameRules.DropRulesFeature" runstate="Runnable" seed="911112705" result="Passed" start-time="2020-02-06 04:11:20Z" end-time="2020-02-06 04:11:20Z" duration="0.001687" asserts="6">
                  <properties>
                    <property name="Description" value="Drop Happy Path" />
                  </properties>
                  <output><![CDATA[Given I define board NewGame as:
  --- table step argument ---
  | New Game Board            |
  | Benediction v1: R-E2 B E8 |
  | R:D12E12k3F12             |
  | B:D78E78k9F78             |
-> done: SetupSteps.GivenIDefine("NewGame", <table>) (0.0s)
Given I have board NewGame
![Board Snapshot](https://raw.githubusercontent.com/MichaelSpencerJr/BenedictionGame/master/testruns/images/b50cb248-3720-e98d-f5a2-c04c3545857a.png?raw=true)
Loaded board NewGame.
-> done: SetupSteps.GivenIHaveNamedBoard("NewGame") (0.0s)
When the red player merges the piece at e3 into f2
Accepted: e3+f2
![Board Snapshot](https://raw.githubusercontent.com/MichaelSpencerJr/BenedictionGame/master/testruns/images/2bb95324-1990-6880-7344-3f8bc6e10ece-E3-F2.png?raw=true)
-> done: ActionSteps.WhenIMerge(Red, E3, F2) (0.0s)
Then the action succeeds
-> done: ValidationSteps.ThenTheActionSucceeds() (0.0s)
When the red player drops a new piece at e3
Accepted: @e3
![Board Snapshot](https://raw.githubusercontent.com/MichaelSpencerJr/BenedictionGame/master/testruns/images/290c59e7-37b9-974f-069c-26f19bc400fb-E3.png?raw=true)
-> done: ActionSteps.WhenIDrop(Red, E3) (0.0s)
Then the action succeeds
-> done: ValidationSteps.ThenTheActionSucceeds() (0.0s)
]]></output>
                </test-case>
                <test-case id="0-1020" name="HomeDropBecomesKing" fullname="Testing.Specflow.Features.GameRules.DropRulesFeature.HomeDropBecomesKing" methodname="HomeDropBecomesKing" classname="Testing.Specflow.Features.GameRules.DropRulesFeature" runstate="Runnable" seed="1697315421" result="Passed" start-time="2020-02-06 04:11:20Z" end-time="2020-02-06 04:11:20Z" duration="0.001122" asserts="3">
                  <properties>
                    <property name="Description" value="Home Drop Becomes King" />
                  </properties>
                  <output><![CDATA[Given I define board NewGame as:
  --- table step argument ---
  | New Game Board            |
  | Benediction v1: R-E2 B E8 |
  | R:D12E12k3F12             |
  | B:D78E78k9F78             |
-> done: SetupSteps.GivenIDefine("NewGame", <table>) (0.0s)
Given I load this board:
  --- table step argument ---
  | Board                     |
  | Benediction v1: R-E2 B E8 |
  | R:D12E13kF12              |
  | B:D78E78k9F78             |
![Board Snapshot](https://raw.githubusercontent.com/MichaelSpencerJr/BenedictionGame/master/testruns/images/e0431d0b-1adc-1d00-8381-6904a3edfbbc.png?raw=true)
-> done: SetupSteps.GivenILoad(<table>) (0.0s)
When the red player drops a new piece at e2
Accepted: @e2
![Board Snapshot](https://raw.githubusercontent.com/MichaelSpencerJr/BenedictionGame/master/testruns/images/1380d8a2-14ab-4671-c85a-bd608dee0f0c-E2.png?raw=true)
-> done: ActionSteps.WhenIDrop(Red, E2) (0.0s)
Then the action succeeds
-> done: ValidationSteps.ThenTheActionSucceeds() (0.0s)
And the board has red pieces matching: D12E12k3kF12
Successfully validated 7 Red pieces.
-> done: ValidationSteps.ThenTheBoardHasPiecesMatching(Red, "D12E12k3kF12") (0.0s)
]]></output>
                </test-case>
              </test-suite>
              <test-suite type="TestFixture" id="0-1021" name="ExamplesFeature" fullname="Testing.Specflow.Features.GameRules.ExamplesFeature" classname="Testing.Specflow.Features.GameRules.ExamplesFeature" runstate="Runnable" testcasecount="22" result="Passed" start-time="2020-02-06 04:11:20Z" end-time="2020-02-06 04:11:20Z" duration="0.026273" total="22" passed="22" failed="0" warnings="0" inconclusive="0" skipped="0" asserts="211">
                <properties>
                  <property name="Description" value="Examples" />
                </properties>
                <test-case id="0-1028" name="CannotBlockOwnKing" fullname="Testing.Specflow.Features.GameRules.ExamplesFeature.CannotBlockOwnKing" methodname="CannotBlockOwnKing" classname="Testing.Specflow.Features.GameRules.ExamplesFeature" runstate="Runnable" seed="211810387" result="Passed" start-time="2020-02-06 04:11:20Z" end-time="2020-02-06 04:11:20Z" duration="0.001927" asserts="4">
                  <properties>
                    <property name="Description" value="Cannot Block Own King" />
                  </properties>
                  <output><![CDATA[Given I define board WeirdSituation1 as:
  --- table step argument ---
  | Any header here - the name doesn't matter |
  | Benediction v1: R E2 B-E8                 |
  | R:D1+2+E1k+2k+3k+F1k2G1k+2+               |
  | B:D6k+7k+8E7+8k+9k+F78k+H5+               |
  | X:B5C2D4E6F3H6I1                          |
-> done: SetupSteps.GivenIDefine("WeirdSituation1", <table>) (0.0s)
Given I have an empty E2 E8 board
Loaded empty game board with Red Home at E2 and Blue Home at E8
-> done: SetupSteps.GivenIHaveAnEmptyBoard(E2, E8) (0.0s)
When red does Be2
Rejected: Be2: Cannot Block Red Home at Location E2
-> done: ActionSteps.WhenDoes(Red, "Be2") (0.0s)
Then the action fails
Failed with: Cannot Block Red Home at Location E2
-> done: ValidationSteps.ThenTheActionFails() (0.0s)
]]></output>
                </test-case>
                <test-case id="0-1022" name="LoadAPreviouslyCreatedBoard" fullname="Testing.Specflow.Features.GameRules.ExamplesFeature.LoadAPreviouslyCreatedBoard" methodname="LoadAPreviouslyCreatedBoard" classname="Testing.Specflow.Features.GameRules.ExamplesFeature" runstate="Runnable" seed="931943732" result="Passed" start-time="2020-02-06 04:11:20Z" end-time="2020-02-06 04:11:20Z" duration="0.000789" asserts="2">
                  <properties>
                    <property name="Description" value="Load a Previously Created Board" />
                  </properties>
                  <output><![CDATA[Given I define board WeirdSituation1 as:
  --- table step argument ---
  | Any header here - the name doesn't matter |
  | Benediction v1: R E2 B-E8                 |
  | R:D1+2+E1k+2k+3k+F1k2G1k+2+               |
  | B:D6k+7k+8E7+8k+9k+F78k+H5+               |
  | X:B5C2D4E6F3H6I1                          |
-> done: SetupSteps.GivenIDefine("WeirdSituation1", <table>) (0.0s)
Given I have board WeirdSituation1
![Board Snapshot](https://raw.githubusercontent.com/MichaelSpencerJr/BenedictionGame/master/testruns/images/f79d54ef-f62b-8a94-2d61-34eec0fee5b4.png?raw=true)
Loaded board WeirdSituation1.
-> done: SetupSteps.GivenIHaveNamedBoard("WeirdSituation1") (0.0s)
]]></output>
                </test-case>
                <test-case id="0-1024" name="LoadASavedBoard" fullname="Testing.Specflow.Features.GameRules.ExamplesFeature.LoadASavedBoard" methodname="LoadASavedBoard" classname="Testing.Specflow.Features.GameRules.ExamplesFeature" runstate="Runnable" seed="1645560307" result="Passed" start-time="2020-02-06 04:11:20Z" end-time="2020-02-06 04:11:20Z" duration="0.000832" asserts="0">
                  <properties>
                    <property name="Description" value="Load a Saved Board" />
                  </properties>
                  <output><![CDATA[Given I define board WeirdSituation1 as:
  --- table step argument ---
  | Any header here - the name doesn't matter |
  | Benediction v1: R E2 B-E8                 |
  | R:D1+2+E1k+2k+3k+F1k2G1k+2+               |
  | B:D6k+7k+8E7+8k+9k+F78k+H5+               |
  | X:B5C2D4E6F3H6I1                          |
-> done: SetupSteps.GivenIDefine("WeirdSituation1", <table>) (0.0s)
Given I load this board:
  --- table step argument ---
  | Board                       |
  | Benediction v1: R E2 B-E8   |
  | R:D1+2+E1k+2k+3k+F1k2G1k+2+ |
  | B:D6k+7k+8E7+8k+9k+F78k+H5+ |
  | X:B5C2D4E6F3H6I1            |
![Board Snapshot](https://raw.githubusercontent.com/MichaelSpencerJr/BenedictionGame/master/testruns/images/f79d54ef-f62b-8a94-2d61-34eec0fee5b4.png?raw=true)
-> done: SetupSteps.GivenILoad(<table>) (0.0s)
]]></output>
                </test-case>
                <test-case id="0-1029" name="MergeSplitMergeDoesntCreatePieces" fullname="Testing.Specflow.Features.GameRules.ExamplesFeature.MergeSplitMergeDoesntCreatePieces" methodname="MergeSplitMergeDoesntCreatePieces" classname="Testing.Specflow.Features.GameRules.ExamplesFeature" runstate="Runnable" seed="113537605" result="Passed" start-time="2020-02-06 04:11:20Z" end-time="2020-02-06 04:11:20Z" duration="0.001276" asserts="3">
                  <properties>
                    <property name="Description" value="Merge Split Merge Doesn't Create Pieces" />
                  </properties>
                  <output><![CDATA[Given I define board WeirdSituation1 as:
  --- table step argument ---
  | Any header here - the name doesn't matter |
  | Benediction v1: R E2 B-E8                 |
  | R:D1+2+E1k+2k+3k+F1k2G1k+2+               |
  | B:D6k+7k+8E7+8k+9k+F78k+H5+               |
  | X:B5C2D4E6F3H6I1                          |
-> done: SetupSteps.GivenIDefine("WeirdSituation1", <table>) (0.0s)
Given I load this board:
  --- table step argument ---
  | New Game Board            |
  | Benediction v1: R-E2 B E8 |
  | R:D12E12k3F12             |
  | B:D78E78k9F78             |
![Board Snapshot](https://raw.githubusercontent.com/MichaelSpencerJr/BenedictionGame/master/testruns/images/b50cb248-3720-e98d-f5a2-c04c3545857a.png?raw=true)
-> done: SetupSteps.GivenILoad(<table>) (0.0s)
When the red player merges the piece at f2 onto e3
Accepted: f2+e3
![Board Snapshot](https://raw.githubusercontent.com/MichaelSpencerJr/BenedictionGame/master/testruns/images/1c26ac3a-fec5-1510-aa54-4bdeb39b0c53-E3-F2.png?raw=true)
-> done: ActionSteps.WhenIMerge(Red, F2, E3) (0.0s)
And the red player splits 1 piece from e3 onto d2
Accepted: e3-1-d2
![Board Snapshot](https://raw.githubusercontent.com/MichaelSpencerJr/BenedictionGame/master/testruns/images/d161f66c-b01f-4425-e375-f0b0d312019e-D2-E3.png?raw=true)
-> done: ActionSteps.WhenISplit(Red, 1, E3, D2) (0.0s)
Then the board has red pieces matching: D12+E12k3F1
Successfully validated 6 Red pieces.
-> done: ValidationSteps.ThenTheBoardHasPiecesMatching(Red, "D12+E12k3F1") (0.0s)
]]></output>
                </test-case>
                <test-suite type="ParameterizedMethod" id="0-1044" name="NoneOfTheseAreValidBlockLocations" fullname="Testing.Specflow.Features.GameRules.ExamplesFeature.NoneOfTheseAreValidBlockLocations" classname="Testing.Specflow.Features.GameRules.ExamplesFeature" runstate="Runnable" testcasecount="14" result="Passed" start-time="2020-02-06 04:11:20Z" end-time="2020-02-06 04:11:20Z" duration="0.005992" total="14" passed="14" failed="0" warnings="0" inconclusive="0" skipped="0" asserts="28">
                  <properties>
                    <property name="Description" value="None of These Are Valid Block Locations" />
                  </properties>
                  <test-case id="0-1030" name="NoneOfTheseAreValidBlockLocations(&quot;d1&quot;,null)" fullname="Testing.Specflow.Features.GameRules.ExamplesFeature.NoneOfTheseAreValidBlockLocations(&quot;d1&quot;,null)" methodname="NoneOfTheseAreValidBlockLocations" classname="Testing.Specflow.Features.GameRules.ExamplesFeature" runstate="Runnable" seed="1006147740" result="Passed" start-time="2020-02-06 04:11:20Z" end-time="2020-02-06 04:11:20Z" duration="0.001023" asserts="2">
                    <output><![CDATA[Given I define board WeirdSituation1 as:
  --- table step argument ---
  | Any header here - the name doesn't matter |
  | Benediction v1: R E2 B-E8                 |
  | R:D1+2+E1k+2k+3k+F1k2G1k+2+               |
  | B:D6k+7k+8E7+8k+9k+F78k+H5+               |
  | X:B5C2D4E6F3H6I1                          |
-> done: SetupSteps.GivenIDefine("WeirdSituation1", <table>) (0.0s)
Given I load this board:
  --- table step argument ---
  | New Game Board            |
  | Benediction v1: R-E2 B E8 |
  | R:D12E12k3F12             |
  | B:D78E78k9F78             |
![Board Snapshot](https://raw.githubusercontent.com/MichaelSpencerJr/BenedictionGame/master/testruns/images/b50cb248-3720-e98d-f5a2-c04c3545857a.png?raw=true)
-> done: SetupSteps.GivenILoad(<table>) (0.0s)
When the red player blockades d1
Rejected: Bd1: Location D1 Not Empty
-> done: ActionSteps.WhenIBlockade(Red, D1) (0.0s)
Then the action fails
Failed with: Location D1 Not Empty
-> done: ValidationSteps.ThenTheActionFails() (0.0s)
]]></output>
                  </test-case>
                  <test-case id="0-1031" name="NoneOfTheseAreValidBlockLocations(&quot;d2&quot;,null)" fullname="Testing.Specflow.Features.GameRules.ExamplesFeature.NoneOfTheseAreValidBlockLocations(&quot;d2&quot;,null)" methodname="NoneOfTheseAreValidBlockLocations" classname="Testing.Specflow.Features.GameRules.ExamplesFeature" runstate="Runnable" seed="2110737615" result="Passed" start-time="2020-02-06 04:11:20Z" end-time="2020-02-06 04:11:20Z" duration="0.000350" asserts="2">
                    <output><![CDATA[Given I define board WeirdSituation1 as:
  --- table step argument ---
  | Any header here - the name doesn't matter |
  | Benediction v1: R E2 B-E8                 |
  | R:D1+2+E1k+2k+3k+F1k2G1k+2+               |
  | B:D6k+7k+8E7+8k+9k+F78k+H5+               |
  | X:B5C2D4E6F3H6I1                          |
-> done: SetupSteps.GivenIDefine("WeirdSituation1", <table>) (0.0s)
Given I load this board:
  --- table step argument ---
  | New Game Board            |
  | Benediction v1: R-E2 B E8 |
  | R:D12E12k3F12             |
  | B:D78E78k9F78             |
![Board Snapshot](https://raw.githubusercontent.com/MichaelSpencerJr/BenedictionGame/master/testruns/images/b50cb248-3720-e98d-f5a2-c04c3545857a.png?raw=true)
-> done: SetupSteps.GivenILoad(<table>) (0.0s)
When the red player blockades d2
Rejected: Bd2: Location D2 Not Empty
-> done: ActionSteps.WhenIBlockade(Red, D2) (0.0s)
Then the action fails
Failed with: Location D2 Not Empty
-> done: ValidationSteps.ThenTheActionFails() (0.0s)
]]></output>
                  </test-case>
                  <test-case id="0-1032" name="NoneOfTheseAreValidBlockLocations(&quot;e1&quot;,null)" fullname="Testing.Specflow.Features.GameRules.ExamplesFeature.NoneOfTheseAreValidBlockLocations(&quot;e1&quot;,null)" methodname="NoneOfTheseAreValidBlockLocations" classname="Testing.Specflow.Features.GameRules.ExamplesFeature" runstate="Runnable" seed="1763278384" result="Passed" start-time="2020-02-06 04:11:20Z" end-time="2020-02-06 04:11:20Z" duration="0.000359" asserts="2">
                    <output><![CDATA[Given I define board WeirdSituation1 as:
  --- table step argument ---
  | Any header here - the name doesn't matter |
  | Benediction v1: R E2 B-E8                 |
  | R:D1+2+E1k+2k+3k+F1k2G1k+2+               |
  | B:D6k+7k+8E7+8k+9k+F78k+H5+               |
  | X:B5C2D4E6F3H6I1                          |
-> done: SetupSteps.GivenIDefine("WeirdSituation1", <table>) (0.0s)
Given I load this board:
  --- table step argument ---
  | New Game Board            |
  | Benediction v1: R-E2 B E8 |
  | R:D12E12k3F12             |
  | B:D78E78k9F78             |
![Board Snapshot](https://raw.githubusercontent.com/MichaelSpencerJr/BenedictionGame/master/testruns/images/b50cb248-3720-e98d-f5a2-c04c3545857a.png?raw=true)
-> done: SetupSteps.GivenILoad(<table>) (0.0s)
When the red player blockades e1
Rejected: Be1: Location E1 Not Empty
-> done: ActionSteps.WhenIBlockade(Red, E1) (0.0s)
Then the action fails
Failed with: Location E1 Not Empty
-> done: ValidationSteps.ThenTheActionFails() (0.0s)
]]></output>
                  </test-case>
                  <test-case id="0-1033" name="NoneOfTheseAreValidBlockLocations(&quot;e2&quot;,null)" fullname="Testing.Specflow.Features.GameRules.ExamplesFeature.NoneOfTheseAreValidBlockLocations(&quot;e2&quot;,null)" methodname="NoneOfTheseAreValidBlockLocations" classname="Testing.Specflow.Features.GameRules.ExamplesFeature" runstate="Runnable" seed="1999588496" result="Passed" start-time="2020-02-06 04:11:20Z" end-time="2020-02-06 04:11:20Z" duration="0.000320" asserts="2">
                    <output><![CDATA[Given I define board WeirdSituation1 as:
  --- table step argument ---
  | Any header here - the name doesn't matter |
  | Benediction v1: R E2 B-E8                 |
  | R:D1+2+E1k+2k+3k+F1k2G1k+2+               |
  | B:D6k+7k+8E7+8k+9k+F78k+H5+               |
  | X:B5C2D4E6F3H6I1                          |
-> done: SetupSteps.GivenIDefine("WeirdSituation1", <table>) (0.0s)
Given I load this board:
  --- table step argument ---
  | New Game Board            |
  | Benediction v1: R-E2 B E8 |
  | R:D12E12k3F12             |
  | B:D78E78k9F78             |
![Board Snapshot](https://raw.githubusercontent.com/MichaelSpencerJr/BenedictionGame/master/testruns/images/b50cb248-3720-e98d-f5a2-c04c3545857a.png?raw=true)
-> done: SetupSteps.GivenILoad(<table>) (0.0s)
When the red player blockades e2
Rejected: Be2: Location E2 Not Empty
-> done: ActionSteps.WhenIBlockade(Red, E2) (0.0s)
Then the action fails
Failed with: Location E2 Not Empty
-> done: ValidationSteps.ThenTheActionFails() (0.0s)
]]></output>
                  </test-case>
                  <test-case id="0-1034" name="NoneOfTheseAreValidBlockLocations(&quot;e3&quot;,null)" fullname="Testing.Specflow.Features.GameRules.ExamplesFeature.NoneOfTheseAreValidBlockLocations(&quot;e3&quot;,null)" methodname="NoneOfTheseAreValidBlockLocations" classname="Testing.Specflow.Features.GameRules.ExamplesFeature" runstate="Runnable" seed="802572347" result="Passed" start-time="2020-02-06 04:11:20Z" end-time="2020-02-06 04:11:20Z" duration="0.000312" asserts="2">
                    <output><![CDATA[Given I define board WeirdSituation1 as:
  --- table step argument ---
  | Any header here - the name doesn't matter |
  | Benediction v1: R E2 B-E8                 |
  | R:D1+2+E1k+2k+3k+F1k2G1k+2+               |
  | B:D6k+7k+8E7+8k+9k+F78k+H5+               |
  | X:B5C2D4E6F3H6I1                          |
-> done: SetupSteps.GivenIDefine("WeirdSituation1", <table>) (0.0s)
Given I load this board:
  --- table step argument ---
  | New Game Board            |
  | Benediction v1: R-E2 B E8 |
  | R:D12E12k3F12             |
  | B:D78E78k9F78             |
![Board Snapshot](https://raw.githubusercontent.com/MichaelSpencerJr/BenedictionGame/master/testruns/images/b50cb248-3720-e98d-f5a2-c04c3545857a.png?raw=true)
-> done: SetupSteps.GivenILoad(<table>) (0.0s)
When the red player blockades e3
Rejected: Be3: Location E3 Not Empty
-> done: ActionSteps.WhenIBlockade(Red, E3) (0.0s)
Then the action fails
Failed with: Location E3 Not Empty
-> done: ValidationSteps.ThenTheActionFails() (0.0s)
]]></output>
                  </test-case>
                  <test-case id="0-1035" name="NoneOfTheseAreValidBlockLocations(&quot;f1&quot;,null)" fullname="Testing.Specflow.Features.GameRules.ExamplesFeature.NoneOfTheseAreValidBlockLocations(&quot;f1&quot;,null)" methodname="NoneOfTheseAreValidBlockLocations" classname="Testing.Specflow.Features.GameRules.ExamplesFeature" runstate="Runnable" seed="990572871" result="Passed" start-time="2020-02-06 04:11:20Z" end-time="2020-02-06 04:11:20Z" duration="0.000334" asserts="2">
                    <output><![CDATA[Given I define board WeirdSituation1 as:
  --- table step argument ---
  | Any header here - the name doesn't matter |
  | Benediction v1: R E2 B-E8                 |
  | R:D1+2+E1k+2k+3k+F1k2G1k+2+               |
  | B:D6k+7k+8E7+8k+9k+F78k+H5+               |
  | X:B5C2D4E6F3H6I1                          |
-> done: SetupSteps.GivenIDefine("WeirdSituation1", <table>) (0.0s)
Given I load this board:
  --- table step argument ---
  | New Game Board            |
  | Benediction v1: R-E2 B E8 |
  | R:D12E12k3F12             |
  | B:D78E78k9F78             |
![Board Snapshot](https://raw.githubusercontent.com/MichaelSpencerJr/BenedictionGame/master/testruns/images/b50cb248-3720-e98d-f5a2-c04c3545857a.png?raw=true)
-> done: SetupSteps.GivenILoad(<table>) (0.0s)
When the red player blockades f1
Rejected: Bf1: Location F1 Not Empty
-> done: ActionSteps.WhenIBlockade(Red, F1) (0.0s)
Then the action fails
Failed with: Location F1 Not Empty
-> done: ValidationSteps.ThenTheActionFails() (0.0s)
]]></output>
                  </test-case>
                  <test-case id="0-1036" name="NoneOfTheseAreValidBlockLocations(&quot;f2&quot;,null)" fullname="Testing.Specflow.Features.GameRules.ExamplesFeature.NoneOfTheseAreValidBlockLocations(&quot;f2&quot;,null)" methodname="NoneOfTheseAreValidBlockLocations" classname="Testing.Specflow.Features.GameRules.ExamplesFeature" runstate="Runnable" seed="2054201186" result="Passed" start-time="2020-02-06 04:11:20Z" end-time="2020-02-06 04:11:20Z" duration="0.000338" asserts="2">
                    <output><![CDATA[Given I define board WeirdSituation1 as:
  --- table step argument ---
  | Any header here - the name doesn't matter |
  | Benediction v1: R E2 B-E8                 |
  | R:D1+2+E1k+2k+3k+F1k2G1k+2+               |
  | B:D6k+7k+8E7+8k+9k+F78k+H5+               |
  | X:B5C2D4E6F3H6I1                          |
-> done: SetupSteps.GivenIDefine("WeirdSituation1", <table>) (0.0s)
Given I load this board:
  --- table step argument ---
  | New Game Board            |
  | Benediction v1: R-E2 B E8 |
  | R:D12E12k3F12             |
  | B:D78E78k9F78             |
![Board Snapshot](https://raw.githubusercontent.com/MichaelSpencerJr/BenedictionGame/master/testruns/images/b50cb248-3720-e98d-f5a2-c04c3545857a.png?raw=true)
-> done: SetupSteps.GivenILoad(<table>) (0.0s)
When the red player blockades f2
Rejected: Bf2: Location F2 Not Empty
-> done: ActionSteps.WhenIBlockade(Red, F2) (0.0s)
Then the action fails
Failed with: Location F2 Not Empty
-> done: ValidationSteps.ThenTheActionFails() (0.0s)
]]></output>
                  </test-case>
                  <test-case id="0-1037" name="NoneOfTheseAreValidBlockLocations(&quot;d7&quot;,null)" fullname="Testing.Specflow.Features.GameRules.ExamplesFeature.NoneOfTheseAreValidBlockLocations(&quot;d7&quot;,null)" methodname="NoneOfTheseAreValidBlockLocations" classname="Testing.Specflow.Features.GameRules.ExamplesFeature" runstate="Runnable" seed="206372153" result="Passed" start-time="2020-02-06 04:11:20Z" end-time="2020-02-06 04:11:20Z" duration="0.000353" asserts="2">
                    <output><![CDATA[Given I define board WeirdSituation1 as:
  --- table step argument ---
  | Any header here - the name doesn't matter |
  | Benediction v1: R E2 B-E8                 |
  | R:D1+2+E1k+2k+3k+F1k2G1k+2+               |
  | B:D6k+7k+8E7+8k+9k+F78k+H5+               |
  | X:B5C2D4E6F3H6I1                          |
-> done: SetupSteps.GivenIDefine("WeirdSituation1", <table>) (0.0s)
Given I load this board:
  --- table step argument ---
  | New Game Board            |
  | Benediction v1: R-E2 B E8 |
  | R:D12E12k3F12             |
  | B:D78E78k9F78             |
![Board Snapshot](https://raw.githubusercontent.com/MichaelSpencerJr/BenedictionGame/master/testruns/images/b50cb248-3720-e98d-f5a2-c04c3545857a.png?raw=true)
-> done: SetupSteps.GivenILoad(<table>) (0.0s)
When the red player blockades d7
Rejected: Bd7: Location D7 Not Empty
-> done: ActionSteps.WhenIBlockade(Red, D7) (0.0s)
Then the action fails
Failed with: Location D7 Not Empty
-> done: ValidationSteps.ThenTheActionFails() (0.0s)
]]></output>
                  </test-case>
                  <test-case id="0-1038" name="NoneOfTheseAreValidBlockLocations(&quot;d8&quot;,null)" fullname="Testing.Specflow.Features.GameRules.ExamplesFeature.NoneOfTheseAreValidBlockLocations(&quot;d8&quot;,null)" methodname="NoneOfTheseAreValidBlockLocations" classname="Testing.Specflow.Features.GameRules.ExamplesFeature" runstate="Runnable" seed="581587123" result="Passed" start-time="2020-02-06 04:11:20Z" end-time="2020-02-06 04:11:20Z" duration="0.000360" asserts="2">
                    <output><![CDATA[Given I define board WeirdSituation1 as:
  --- table step argument ---
  | Any header here - the name doesn't matter |
  | Benediction v1: R E2 B-E8                 |
  | R:D1+2+E1k+2k+3k+F1k2G1k+2+               |
  | B:D6k+7k+8E7+8k+9k+F78k+H5+               |
  | X:B5C2D4E6F3H6I1                          |
-> done: SetupSteps.GivenIDefine("WeirdSituation1", <table>) (0.0s)
Given I load this board:
  --- table step argument ---
  | New Game Board            |
  | Benediction v1: R-E2 B E8 |
  | R:D12E12k3F12             |
  | B:D78E78k9F78             |
![Board Snapshot](https://raw.githubusercontent.com/MichaelSpencerJr/BenedictionGame/master/testruns/images/b50cb248-3720-e98d-f5a2-c04c3545857a.png?raw=true)
-> done: SetupSteps.GivenILoad(<table>) (0.0s)
When the red player blockades d8
Rejected: Bd8: Location D8 Not Empty
-> done: ActionSteps.WhenIBlockade(Red, D8) (0.0s)
Then the action fails
Failed with: Location D8 Not Empty
-> done: ValidationSteps.ThenTheActionFails() (0.0s)
]]></output>
                  </test-case>
                  <test-case id="0-1039" name="NoneOfTheseAreValidBlockLocations(&quot;e7&quot;,null)" fullname="Testing.Specflow.Features.GameRules.ExamplesFeature.NoneOfTheseAreValidBlockLocations(&quot;e7&quot;,null)" methodname="NoneOfTheseAreValidBlockLocations" classname="Testing.Specflow.Features.GameRules.ExamplesFeature" runstate="Runnable" seed="1473278463" result="Passed" start-time="2020-02-06 04:11:20Z" end-time="2020-02-06 04:11:20Z" duration="0.000346" asserts="2">
                    <output><![CDATA[Given I define board WeirdSituation1 as:
  --- table step argument ---
  | Any header here - the name doesn't matter |
  | Benediction v1: R E2 B-E8                 |
  | R:D1+2+E1k+2k+3k+F1k2G1k+2+               |
  | B:D6k+7k+8E7+8k+9k+F78k+H5+               |
  | X:B5C2D4E6F3H6I1                          |
-> done: SetupSteps.GivenIDefine("WeirdSituation1", <table>) (0.0s)
Given I load this board:
  --- table step argument ---
  | New Game Board            |
  | Benediction v1: R-E2 B E8 |
  | R:D12E12k3F12             |
  | B:D78E78k9F78             |
![Board Snapshot](https://raw.githubusercontent.com/MichaelSpencerJr/BenedictionGame/master/testruns/images/b50cb248-3720-e98d-f5a2-c04c3545857a.png?raw=true)
-> done: SetupSteps.GivenILoad(<table>) (0.0s)
When the red player blockades e7
Rejected: Be7: Location E7 Not Empty
-> done: ActionSteps.WhenIBlockade(Red, E7) (0.0s)
Then the action fails
Failed with: Location E7 Not Empty
-> done: ValidationSteps.ThenTheActionFails() (0.0s)
]]></output>
                  </test-case>
                  <test-case id="0-1040" name="NoneOfTheseAreValidBlockLocations(&quot;e8&quot;,null)" fullname="Testing.Specflow.Features.GameRules.ExamplesFeature.NoneOfTheseAreValidBlockLocations(&quot;e8&quot;,null)" methodname="NoneOfTheseAreValidBlockLocations" classname="Testing.Specflow.Features.GameRules.ExamplesFeature" runstate="Runnable" seed="2117755215" result="Passed" start-time="2020-02-06 04:11:20Z" end-time="2020-02-06 04:11:20Z" duration="0.000328" asserts="2">
                    <output><![CDATA[Given I define board WeirdSituation1 as:
  --- table step argument ---
  | Any header here - the name doesn't matter |
  | Benediction v1: R E2 B-E8                 |
  | R:D1+2+E1k+2k+3k+F1k2G1k+2+               |
  | B:D6k+7k+8E7+8k+9k+F78k+H5+               |
  | X:B5C2D4E6F3H6I1                          |
-> done: SetupSteps.GivenIDefine("WeirdSituation1", <table>) (0.0s)
Given I load this board:
  --- table step argument ---
  | New Game Board            |
  | Benediction v1: R-E2 B E8 |
  | R:D12E12k3F12             |
  | B:D78E78k9F78             |
![Board Snapshot](https://raw.githubusercontent.com/MichaelSpencerJr/BenedictionGame/master/testruns/images/b50cb248-3720-e98d-f5a2-c04c3545857a.png?raw=true)
-> done: SetupSteps.GivenILoad(<table>) (0.0s)
When the red player blockades e8
Rejected: Be8: Location E8 Not Empty
-> done: ActionSteps.WhenIBlockade(Red, E8) (0.0s)
Then the action fails
Failed with: Location E8 Not Empty
-> done: ValidationSteps.ThenTheActionFails() (0.0s)
]]></output>
                  </test-case>
                  <test-case id="0-1041" name="NoneOfTheseAreValidBlockLocations(&quot;e9&quot;,null)" fullname="Testing.Specflow.Features.GameRules.ExamplesFeature.NoneOfTheseAreValidBlockLocations(&quot;e9&quot;,null)" methodname="NoneOfTheseAreValidBlockLocations" classname="Testing.Specflow.Features.GameRules.ExamplesFeature" runstate="Runnable" seed="95639098" result="Passed" start-time="2020-02-06 04:11:20Z" end-time="2020-02-06 04:11:20Z" duration="0.000322" asserts="2">
                    <output><![CDATA[Given I define board WeirdSituation1 as:
  --- table step argument ---
  | Any header here - the name doesn't matter |
  | Benediction v1: R E2 B-E8                 |
  | R:D1+2+E1k+2k+3k+F1k2G1k+2+               |
  | B:D6k+7k+8E7+8k+9k+F78k+H5+               |
  | X:B5C2D4E6F3H6I1                          |
-> done: SetupSteps.GivenIDefine("WeirdSituation1", <table>) (0.0s)
Given I load this board:
  --- table step argument ---
  | New Game Board            |
  | Benediction v1: R-E2 B E8 |
  | R:D12E12k3F12             |
  | B:D78E78k9F78             |
![Board Snapshot](https://raw.githubusercontent.com/MichaelSpencerJr/BenedictionGame/master/testruns/images/b50cb248-3720-e98d-f5a2-c04c3545857a.png?raw=true)
-> done: SetupSteps.GivenILoad(<table>) (0.0s)
When the red player blockades e9
Rejected: Be9: Location E9 Not Empty
-> done: ActionSteps.WhenIBlockade(Red, E9) (0.0s)
Then the action fails
Failed with: Location E9 Not Empty
-> done: ValidationSteps.ThenTheActionFails() (0.0s)
]]></output>
                  </test-case>
[...]
                  <reason>
                    <message><![CDATA[This test isn't written yet.]]></message>
                  </reason>
                  <output><![CDATA[Given I define board NewGame as:
  --- table step argument ---
  | New Game Board            |
  | Benediction v1: R-E2 B E8 |
  | R:D12E12k3F12             |
  | B:D78E78k9F78             |
-> done: SetupSteps.GivenIDefine("NewGame", <table>) (0.0s)
Given this test isn't written yet
-> error: This test isn't written yet.
]]></output>
                </test-case>
                <test-case id="0-1107" name="BlessedPieceWrappingAroundRemainsBlessed" fullname="Testing.Specflow.Features.GameRules.WrapAroundRulesFeature.BlessedPieceWrappingAroundRemainsBlessed" methodname="BlessedPieceWrappingAroundRemainsBlessed" classname="Testing.Specflow.Features.GameRules.WrapAroundRulesFeature" runstate="Runnable" seed="1789141881" result="Inconclusive" start-time="2020-02-06 04:11:20Z" end-time="2020-02-06 04:11:20Z" duration="0.001914" asserts="0">
                  <properties>
                    <property name="Description" value="Blessed Piece Wrapping Around Remains Blessed" />
                  </properties>
                  <reason>
                    <message><![CDATA[This test isn't written yet.]]></message>
                  </reason>
                  <output><![CDATA[Given I define board NewGame as:
  --- table step argument ---
  | New Game Board            |
  | Benediction v1: R-E2 B E8 |
  | R:D12E12k3F12             |
  | B:D78E78k9F78             |
-> done: SetupSteps.GivenIDefine("NewGame", <table>) (0.0s)
Given this test isn't written yet
-> error: This test isn't written yet.
]]></output>
                </test-case>
                <test-case id="0-1113" name="CursedPieceWrappingAroundAndMergingRequiresBlessedTarget" fullname="Testing.Specflow.Features.GameRules.WrapAroundRulesFeature.CursedPieceWrappingAroundAndMergingRequiresBlessedTarget" methodname="CursedPieceWrappingAroundAndMergingRequiresBlessedTarget" classname="Testing.Specflow.Features.GameRules.WrapAroundRulesFeature" runstate="Runnable" seed="525658633" result="Inconclusive" start-time="2020-02-06 04:11:20Z" end-time="2020-02-06 04:11:20Z" duration="0.001215" asserts="0">
                  <properties>
                    <property name="Description" value="Cursed Piece Wrapping Around and Merging Requires Blessed Target" />
                  </properties>
                  <reason>
                    <message><![CDATA[This test isn't written yet.]]></message>
                  </reason>
                  <output><![CDATA[Given I define board NewGame as:
  --- table step argument ---
  | New Game Board            |
  | Benediction v1: R-E2 B E8 |
  | R:D12E12k3F12             |
  | B:D78E78k9F78             |
-> done: SetupSteps.GivenIDefine("NewGame", <table>) (0.0s)
Given this test isn't written yet
-> error: This test isn't written yet.
]]></output>
                </test-case>
                <test-case id="0-1119" name="CursedPieceWrappingAroundAndSplitMergingRequiresBlessedTarget" fullname="Testing.Specflow.Features.GameRules.WrapAroundRulesFeature.CursedPieceWrappingAroundAndSplitMergingRequiresBlessedTarget" methodname="CursedPieceWrappingAroundAndSplitMergingRequiresBlessedTarget" classname="Testing.Specflow.Features.GameRules.WrapAroundRulesFeature" runstate="Runnable" seed="1167843099" result="Inconclusive" start-time="2020-02-06 04:11:20Z" end-time="2020-02-06 04:11:20Z" duration="0.001183" asserts="0">
                  <properties>
                    <property name="Description" value="Cursed Piece Wrapping Around and Split Merging Requires Blessed Target" />
                  </properties>
                  <reason>
                    <message><![CDATA[This test isn't written yet.]]></message>
                  </reason>
                  <output><![CDATA[Given I define board NewGame as:
  --- table step argument ---
  | New Game Board            |
  | Benediction v1: R-E2 B E8 |
  | R:D12E12k3F12             |
  | B:D78E78k9F78             |
-> done: SetupSteps.GivenIDefine("NewGame", <table>) (0.0s)
Given this test isn't written yet
-> error: This test isn't written yet.
]]></output>
                </test-case>
                <test-case id="0-1116" name="CursedPieceWrappingAroundAndSplittingRemainsCursed" fullname="Testing.Specflow.Features.GameRules.WrapAroundRulesFeature.CursedPieceWrappingAroundAndSplittingRemainsCursed" methodname="CursedPieceWrappingAroundAndSplittingRemainsCursed" classname="Testing.Specflow.Features.GameRules.WrapAroundRulesFeature" runstate="Runnable" seed="1365602671" result="Inconclusive" start-time="2020-02-06 04:11:20Z" end-time="2020-02-06 04:11:20Z" duration="0.001195" asserts="0">
                  <properties>
                    <property name="Description" value="Cursed Piece Wrapping Around and Splitting Remains Cursed" />
                  </properties>
                  <reason>
                    <message><![CDATA[This test isn't written yet.]]></message>
                  </reason>
                  <output><![CDATA[Given I define board NewGame as:
  --- table step argument ---
  | New Game Board            |
  | Benediction v1: R-E2 B E8 |
  | R:D12E12k3F12             |
  | B:D78E78k9F78             |
-> done: SetupSteps.GivenIDefine("NewGame", <table>) (0.0s)
Given this test isn't written yet
-> error: This test isn't written yet.
]]></output>
                </test-case>
                <test-case id="0-1108" name="CursedPieceWrappingAroundOntoHomeBecomesKing" fullname="Testing.Specflow.Features.GameRules.WrapAroundRulesFeature.CursedPieceWrappingAroundOntoHomeBecomesKing" methodname="CursedPieceWrappingAroundOntoHomeBecomesKing" classname="Testing.Specflow.Features.GameRules.WrapAroundRulesFeature" runstate="Runnable" seed="999556138" result="Inconclusive" start-time="2020-02-06 04:11:20Z" end-time="2020-02-06 04:11:20Z" duration="0.001226" asserts="0">
                  <properties>
                    <property name="Description" value="Cursed Piece Wrapping Around Onto Home Becomes King" />
                  </properties>
                  <reason>
                    <message><![CDATA[This test isn't written yet.]]></message>
                  </reason>
                  <output><![CDATA[Given I define board NewGame as:
  --- table step argument ---
  | New Game Board            |
  | Benediction v1: R-E2 B E8 |
  | R:D12E12k3F12             |
  | B:D78E78k9F78             |
-> done: SetupSteps.GivenIDefine("NewGame", <table>) (0.0s)
Given this test isn't written yet
-> error: This test isn't written yet.
]]></output>
                </test-case>
                <test-case id="0-1105" name="CursedPieceWrappingAroundRemainsCursed" fullname="Testing.Specflow.Features.GameRules.WrapAroundRulesFeature.CursedPieceWrappingAroundRemainsCursed" methodname="CursedPieceWrappingAroundRemainsCursed" classname="Testing.Specflow.Features.GameRules.WrapAroundRulesFeature" runstate="Runnable" seed="401116513" result="Passed" start-time="2020-02-06 04:11:20Z" end-time="2020-02-06 04:11:20Z" duration="0.001119" asserts="6">
                  <properties>
                    <property name="Description" value="Cursed Piece Wrapping Around Remains Cursed" />
                  </properties>
                  <output><![CDATA[Given I define board NewGame as:
  --- table step argument ---
  | New Game Board            |
  | Benediction v1: R-E2 B E8 |
  | R:D12E12k3F12             |
  | B:D78E78k9F78             |
-> done: SetupSteps.GivenIDefine("NewGame", <table>) (0.0s)
Given I have board NewGame
![Board Snapshot](https://raw.githubusercontent.com/MichaelSpencerJr/BenedictionGame/master/testruns/images/b50cb248-3720-e98d-f5a2-c04c3545857a.png?raw=true)
Loaded board NewGame.
-> done: SetupSteps.GivenIHaveNamedBoard("NewGame") (0.0s)
And I add this red piece: I5c
![Board Snapshot](https://raw.githubusercontent.com/MichaelSpencerJr/BenedictionGame/master/testruns/images/b58cce8c-0fb0-0879-1fcd-45fcc2b5395d.png?raw=true)
-> done: SetupSteps.GivenIAddPieces(Red, "I5c") (0.0s)
When the red player moves the piece at i5 to a1
Accepted: i5a1
![Board Snapshot](https://raw.githubusercontent.com/MichaelSpencerJr/BenedictionGame/master/testruns/images/2a6a5c48-f089-fed6-fb83-39d8e8783a20-A1-I5.png?raw=true)
-> done: ActionSteps.WhenIMove(Red, I5, A1) (0.0s)
Then the action succeeds
-> done: ValidationSteps.ThenTheActionSucceeds() (0.0s)
And the board has red pieces matching: A1cD12E12k3F12
Successfully validated 8 Red pieces.
-> done: ValidationSteps.ThenTheBoardHasPiecesMatching(Red, "A1cD12E12k3F12") (0.0s)
]]></output>
                </test-case>
                <test-case id="0-1123" name="KingStackWrappingAroundAndSplitMergingOntoPieceRemainsBlessedAndWinsGame" fullname="Testing.Specflow.Features.GameRules.WrapAroundRulesFeature.KingStackWrappingAroundAndSplitMergingOntoPieceRemainsBlessedAndWinsGame" methodname="KingStackWrappingAroundAndSplitMergingOntoPieceRemainsBlessedAndWinsGame" classname="Testing.Specflow.Features.GameRules.WrapAroundRulesFeature" runstate="Runnable" seed="924648813" result="Inconclusive" start-time="2020-02-06 04:11:20Z" end-time="2020-02-06 04:11:20Z" duration="0.001204" asserts="0">
                  <properties>
                    <property name="Description" value="King Stack Wrapping Around and Split Merging Onto Piece Remains Blessed and Wins Game" />
                  </properties>
                  <reason>
                    <message><![CDATA[This test isn't written yet.]]></message>
                  </reason>
                  <output><![CDATA[Given I define board NewGame as:
  --- table step argument ---
  | New Game Board            |
  | Benediction v1: R-E2 B E8 |
  | R:D12E12k3F12             |
  | B:D78E78k9F78             |
-> done: SetupSteps.GivenIDefine("NewGame", <table>) (0.0s)
Given this test isn't written yet
-> error: This test isn't written yet.
]]></output>
                </test-case>
                <test-case id="0-1122" name="KingWrappingAroundAndMergingOntoPieceRemainsBlessedAndWinsGame" fullname="Testing.Specflow.Features.GameRules.WrapAroundRulesFeature.KingWrappingAroundAndMergingOntoPieceRemainsBlessedAndWinsGame" methodname="KingWrappingAroundAndMergingOntoPieceRemainsBlessedAndWinsGame" classname="Testing.Specflow.Features.GameRules.WrapAroundRulesFeature" runstate="Runnable" seed="2017596590" result="Inconclusive" start-time="2020-02-06 04:11:20Z" end-time="2020-02-06 04:11:20Z" duration="0.001239" asserts="0">
                  <properties>
                    <property name="Description" value="King Wrapping Around And Merging Onto Piece Remains Blessed and Wins Game" />
                  </properties>
                  <reason>
                    <message><![CDATA[This test isn't written yet.]]></message>
                  </reason>
                  <output><![CDATA[Given I define board NewGame as:
  --- table step argument ---
  | New Game Board            |
  | Benediction v1: R-E2 B E8 |
  | R:D12E12k3F12             |
  | B:D78E78k9F78             |
-> done: SetupSteps.GivenIDefine("NewGame", <table>) (0.0s)
Given this test isn't written yet
-> error: This test isn't written yet.
]]></output>
                </test-case>
                <test-case id="0-1112" name="KingWrappingAroundOntoHomeWinsGame" fullname="Testing.Specflow.Features.GameRules.WrapAroundRulesFeature.KingWrappingAroundOntoHomeWinsGame" methodname="KingWrappingAroundOntoHomeWinsGame" classname="Testing.Specflow.Features.GameRules.WrapAroundRulesFeature" runstate="Runnable" seed="360429842" result="Inconclusive" start-time="2020-02-06 04:11:20Z" end-time="2020-02-06 04:11:20Z" duration="0.001244" asserts="0">
                  <properties>
                    <property name="Description" value="King Wrapping Around Onto Home Wins Game" />
                  </properties>
                  <reason>
                    <message><![CDATA[This test isn't written yet.]]></message>
                  </reason>
                  <output><![CDATA[Given I define board NewGame as:
  --- table step argument ---
  | New Game Board            |
  | Benediction v1: R-E2 B E8 |
  | R:D12E12k3F12             |
  | B:D78E78k9F78             |
-> done: SetupSteps.GivenIDefine("NewGame", <table>) (0.0s)
Given this test isn't written yet
-> error: This test isn't written yet.
]]></output>
                </test-case>
                <test-case id="0-1111" name="KingWrappingAroundOntoRegularSpaceWinsGame" fullname="Testing.Specflow.Features.GameRules.WrapAroundRulesFeature.KingWrappingAroundOntoRegularSpaceWinsGame" methodname="KingWrappingAroundOntoRegularSpaceWinsGame" classname="Testing.Specflow.Features.GameRules.WrapAroundRulesFeature" runstate="Runnable" seed="531942428" result="Inconclusive" start-time="2020-02-06 04:11:20Z" end-time="2020-02-06 04:11:20Z" duration="0.001082" asserts="0">
                  <properties>
                    <property name="Description" value="King Wrapping Around Onto Regular Space Wins Game" />
                  </properties>
                  <reason>
                    <message><![CDATA[This test isn't written yet.]]></message>
                  </reason>
                  <output><![CDATA[Given I define board NewGame as:
  --- table step argument ---
  | New Game Board            |
  | Benediction v1: R-E2 B E8 |
  | R:D12E12k3F12             |
  | B:D78E78k9F78             |
-> done: SetupSteps.GivenIDefine("NewGame", <table>) (0.0s)
Given this test isn't written yet
-> error: This test isn't written yet.
]]></output>
                </test-case>
                <test-case id="0-1106" name="NormalPieceWrappingAroundBecomesBlessed" fullname="Testing.Specflow.Features.GameRules.WrapAroundRulesFeature.NormalPieceWrappingAroundBecomesBlessed" methodname="NormalPieceWrappingAroundBecomesBlessed" classname="Testing.Specflow.Features.GameRules.WrapAroundRulesFeature" runstate="Runnable" seed="622168569" result="Inconclusive" start-time="2020-02-06 04:11:20Z" end-time="2020-02-06 04:11:20Z" duration="0.001070" asserts="0">
                  <properties>
                    <property name="Description" value="Normal Piece Wrapping Around Becomes Blessed" />
                  </properties>
                  <reason>
                    <message><![CDATA[This test isn't written yet.]]></message>
                  </reason>
                  <output><![CDATA[Given I define board NewGame as:
  --- table step argument ---
  | New Game Board            |
  | Benediction v1: R-E2 B E8 |
  | R:D12E12k3F12             |
  | B:D78E78k9F78             |
-> done: SetupSteps.GivenIDefine("NewGame", <table>) (0.0s)
Given this test isn't written yet
-> error: This test isn't written yet.
]]></output>
                </test-case>
                <test-case id="0-1109" name="NormalPieceWrappingAroundOntoHomeBecomesKing" fullname="Testing.Specflow.Features.GameRules.WrapAroundRulesFeature.NormalPieceWrappingAroundOntoHomeBecomesKing" methodname="NormalPieceWrappingAroundOntoHomeBecomesKing" classname="Testing.Specflow.Features.GameRules.WrapAroundRulesFeature" runstate="Runnable" seed="1872493724" result="Inconclusive" start-time="2020-02-06 04:11:20Z" end-time="2020-02-06 04:11:20Z" duration="0.001045" asserts="0">
                  <properties>
                    <property name="Description" value="Normal Piece Wrapping Around Onto Home Becomes King" />
                  </properties>
                  <reason>
                    <message><![CDATA[This test isn't written yet.]]></message>
                  </reason>
                  <output><![CDATA[Given I define board NewGame as:
  --- table step argument ---
  | New Game Board            |
  | Benediction v1: R-E2 B E8 |
  | R:D12E12k3F12             |
  | B:D78E78k9F78             |
-> done: SetupSteps.GivenIDefine("NewGame", <table>) (0.0s)
Given this test isn't written yet
-> error: This test isn't written yet.
]]></output>
                </test-case>
                <test-case id="0-1114" name="RegularPieceWrappingAroundAndMergingCanFormAnyStackSize" fullname="Testing.Specflow.Features.GameRules.WrapAroundRulesFeature.RegularPieceWrappingAroundAndMergingCanFormAnyStackSize" methodname="RegularPieceWrappingAroundAndMergingCanFormAnyStackSize" classname="Testing.Specflow.Features.GameRules.WrapAroundRulesFeature" runstate="Runnable" seed="1544866743" result="Inconclusive" start-time="2020-02-06 04:11:20Z" end-time="2020-02-06 04:11:20Z" duration="0.001040" asserts="0">
                  <properties>
                    <property name="Description" value="Regular Piece Wrapping Around and Merging Can Form Any Stack Size" />
                  </properties>
                  <reason>
                    <message><![CDATA[This test isn't written yet.]]></message>
                  </reason>
                  <output><![CDATA[Given I define board NewGame as:
  --- table step argument ---
  | New Game Board            |
  | Benediction v1: R-E2 B E8 |
  | R:D12E12k3F12             |
  | B:D78E78k9F78             |
-> done: SetupSteps.GivenIDefine("NewGame", <table>) (0.0s)
Given this test isn't written yet
-> error: This test isn't written yet.
]]></output>
                </test-case>
                <test-case id="0-1120" name="RegularPieceWrappingAroundAndSplitMergingCanFormAnyStackSize" fullname="Testing.Specflow.Features.GameRules.WrapAroundRulesFeature.RegularPieceWrappingAroundAndSplitMergingCanFormAnyStackSize" methodname="RegularPieceWrappingAroundAndSplitMergingCanFormAnyStackSize" classname="Testing.Specflow.Features.GameRules.WrapAroundRulesFeature" runstate="Runnable" seed="971490947" result="Inconclusive" start-time="2020-02-06 04:11:20Z" end-time="2020-02-06 04:11:20Z" duration="0.001060" asserts="0">
                  <properties>
                    <property name="Description" value="Regular Piece Wrapping Around and Split Merging Can Form Any Stack Size" />
                  </properties>
                  <reason>
                    <message><![CDATA[This test isn't written yet.]]></message>
                  </reason>
                  <output><![CDATA[Given I define board NewGame as:
  --- table step argument ---
  | New Game Board            |
  | Benediction v1: R-E2 B E8 |
  | R:D12E12k3F12             |
  | B:D78E78k9F78             |
-> done: SetupSteps.GivenIDefine("NewGame", <table>) (0.0s)
Given this test isn't written yet
-> error: This test isn't written yet.
]]></output>
                </test-case>
                <test-case id="0-1117" name="RegularPieceWrappingAroundAndSplittingLeavesBless_CursePair" fullname="Testing.Specflow.Features.GameRules.WrapAroundRulesFeature.RegularPieceWrappingAroundAndSplittingLeavesBless_CursePair" methodname="RegularPieceWrappingAroundAndSplittingLeavesBless_CursePair" classname="Testing.Specflow.Features.GameRules.WrapAroundRulesFeature" runstate="Runnable" seed="1219421154" result="Inconclusive" start-time="2020-02-06 04:11:20Z" end-time="2020-02-06 04:11:20Z" duration="0.001089" asserts="0">
                  <properties>
                    <property name="Description" value="Regular Piece Wrapping Around and Splitting Leaves Bless-Curse Pair" />
                  </properties>
                  <reason>
                    <message><![CDATA[This test isn't written yet.]]></message>
                  </reason>
                  <output><![CDATA[Given I define board NewGame as:
  --- table step argument ---
  | New Game Board            |
  | Benediction v1: R-E2 B E8 |
  | R:D12E12k3F12             |
  | B:D78E78k9F78             |
-> done: SetupSteps.GivenIDefine("NewGame", <table>) (0.0s)
Given this test isn't written yet
-> error: This test isn't written yet.
]]></output>
                </test-case>
              </test-suite>
            </test-suite>
          </test-suite>
        </test-suite>
      </test-suite>
    </test-suite>
  </test-suite>
</test-run>