<?xml version="1.0" encoding="utf-8" standalone="no"?>
<test-run id="2" testcasecount="118" result="Passed" total="118" passed="115" failed="0" inconclusive="3" skipped="0" asserts="1106" engine-version="3.10.0.0" clr-version="4.0.30319.42000" start-time="2020-02-08 19:21:41Z" end-time="2020-02-08 19:21:45Z" duration="3.298497">
  <command-line><![CDATA["C:\ProgramData\chocolatey\lib\nunit-console-runner\tools\nunit3-console.exe" ..\..\src\Testing\Specflow\bin\Debug\Testing.Specflow.dll --result=report.txt;transform=..\..\..\nunit-transforms\nunit3-summary\text-report.xslt --result=report.html;transform=..\..\..\nunit-transforms\nunit3-summary\html-report.xslt --result=readme.md;transform=..\md-report.xslt --result=TestResult.xml]]></command-line>
  <test-suite type="Assembly" id="0-1130" name="Testing.Specflow.dll" fullname="F:\src\BenedictionGame\src\Testing\Specflow\bin\Debug\Testing.Specflow.dll" runstate="Runnable" testcasecount="118" result="Passed" start-time="2020-02-08 19:21:42Z" end-time="2020-02-08 19:21:45Z" duration="2.862098" total="118" passed="115" failed="0" warnings="0" inconclusive="3" skipped="0" asserts="1106">
    <environment framework-version="3.12.0.0" clr-version="4.0.30319.42000" os-version="Microsoft Windows NT 10.0.17134.0" platform="Win32NT" cwd="F:\src\BenedictionGame\testruns\latest" machine-name="SPENCER-VR" user="Oculus Rift" user-domain="SPENCER-VR" culture="en-US" uiculture="en-US" os-architecture="x64" />
    <settings>
      <setting name="DisposeRunners" value="True" />
      <setting name="WorkDirectory" value="F:\src\BenedictionGame\testruns\latest" />
      <setting name="ImageRuntimeVersion" value="4.0.30319" />
      <setting name="ImageTargetFrameworkName" value=".NETFramework,Version=v4.7.1" />
      <setting name="ImageRequiresX86" value="False" />
      <setting name="ImageRequiresDefaultAppDomainAssemblyResolver" value="False" />
      <setting name="NumberOfTestWorkers" value="12" />
    </settings>
    <properties>
      <property name="_PID" value="16864" />
      <property name="_APPDOMAIN" value="domain-" />
    </properties>
    <test-suite type="SetUpFixture" id="0-1000" name="[default namespace]" fullname="Testing_Specflow_NUnitAssemblyHooks" classname="Testing_Specflow_NUnitAssemblyHooks" runstate="Runnable" testcasecount="118" result="Passed" start-time="2020-02-08 19:21:42Z" end-time="2020-02-08 19:21:45Z" duration="2.845743" total="118" passed="115" failed="0" warnings="0" inconclusive="3" skipped="0" asserts="1106">
      <output><![CDATA[-> Loading plugin F:\src\BenedictionGame\src\Testing\Specflow\bin\Debug\TechTalk.SpecFlow.NUnit.SpecFlowPlugin.dll
-> Using default config
]]></output>
      <test-suite type="TestSuite" id="0-1131" name="Testing" fullname="Testing" runstate="Runnable" testcasecount="118" result="Passed" start-time="2020-02-08 19:21:42Z" end-time="2020-02-08 19:21:45Z" duration="2.235128" total="118" passed="115" failed="0" warnings="0" inconclusive="3" skipped="0" asserts="1106">
        <test-suite type="TestSuite" id="0-1132" name="Specflow" fullname="Testing.Specflow" runstate="Runnable" testcasecount="118" result="Passed" start-time="2020-02-08 19:21:42Z" end-time="2020-02-08 19:21:45Z" duration="2.235106" total="118" passed="115" failed="0" warnings="0" inconclusive="3" skipped="0" asserts="1106">
          <test-suite type="TestSuite" id="0-1133" name="Features" fullname="Testing.Specflow.Features" runstate="Runnable" testcasecount="118" result="Passed" start-time="2020-02-08 19:21:42Z" end-time="2020-02-08 19:21:45Z" duration="2.235099" total="118" passed="115" failed="0" warnings="0" inconclusive="3" skipped="0" asserts="1106">
            <test-suite type="TestSuite" id="0-1135" name="ExampleGames" fullname="Testing.Specflow.Features.ExampleGames" runstate="Runnable" testcasecount="1" result="Passed" start-time="2020-02-08 19:21:42Z" end-time="2020-02-08 19:21:43Z" duration="0.315196" total="1" passed="1" failed="0" warnings="0" inconclusive="0" skipped="0" asserts="261">
              <test-suite type="TestFixture" id="0-1128" name="AlekSamplesFeature" fullname="Testing.Specflow.Features.ExampleGames.AlekSamplesFeature" classname="Testing.Specflow.Features.ExampleGames.AlekSamplesFeature" runstate="Runnable" testcasecount="1" result="Passed" start-time="2020-02-08 19:21:42Z" end-time="2020-02-08 19:21:43Z" duration="0.314177" total="1" passed="1" failed="0" warnings="0" inconclusive="0" skipped="0" asserts="261">
                <properties>
                  <property name="Description" value="Alek Samples" />
                  <property name="Category" value="scenario-image-only" />
                </properties>
                <test-case id="0-1129" name="AlekSampleGame1" fullname="Testing.Specflow.Features.ExampleGames.AlekSamplesFeature.AlekSampleGame1" methodname="AlekSampleGame1" classname="Testing.Specflow.Features.ExampleGames.AlekSamplesFeature" runstate="Runnable" seed="1637046185" result="Passed" start-time="2020-02-08 19:21:42Z" end-time="2020-02-08 19:21:43Z" duration="0.252484" asserts="261">
                  <properties>
                    <property name="Description" value="Alek Sample Game 1" />
                  </properties>
                  <output><![CDATA[Given I define board NewGame as:
  --- table step argument ---
  | New Game Board            |
  | Benediction v1: R-E2 B E8 |
  | R:D12E12k3F12             |
  | B:D78E78k9F78             |
-> done: SetupSteps.GivenIDefine("NewGame", <table>) (0.0s)
Given I have board NewGame
Loaded board NewGame.
-> done: SetupSteps.GivenIHaveNamedBoard("NewGame") (0.0s)
When the following moves are performed:
  --- table step argument ---
  | RedAction1 | RedAction2 | BlueAction1 | BlueAction2 |
  | e3e4       | @e3        | f8+f7       | @f8         |
  | d1+d2      | @d1        | d7d6        | @d7         |
  | f1+f2      | @f1        | f7f5        | @f7         |
  | f2f4       | f4-1-f5    | d7+d6       | d6b4        |
  | d2f3       | @f2        | b4b2        | Bc2         |
  | f3h3       | f1+f2      | b2i5        | e9+f8       |
  | h3h5       | h5-1-i5    | @e9         | @d7         |
  | f4g4       | f2f4       | f8h6        | h6-1-i5     |
  | e3+e4      | h5i5       | h6i5        | @f8         |
  | f4d5       | e4e5       | e8+e9       | Bc7         |
  | e1+e2      | e2e4       | f7+e7       | e7e5        |
  | e4e5       | d5e6       | Be7         | @f7         |
  | e5c5       | Ba5        | d8+d7       | @d8         |
  | e6c6       | c6-1-d7    | d8d7        | @d8         |
  | c5b4       | c6d7       |             |             |
Accepted: e3e4
Accepted: @e3
Accepted: f8+f7
Accepted: @f8
Accepted: d1+d2
Accepted: @d1
Accepted: d7d6
Accepted: @d7
Accepted: f1+f2
Accepted: @f1
Accepted: f7f5
Accepted: @f7
Accepted: f2f4
Accepted: f4-1-f5
Accepted: d7+d6
Accepted: d6b4
Accepted: d2f3
Accepted: @f2
Accepted: b4b2
Accepted: Bc2
Accepted: f3h3
Accepted: f1+f2
Accepted: b2i5
Accepted: e9+f8
Accepted: h3h5
Accepted: h5-1-i5
Accepted: @e9
Accepted: @d7
Accepted: f4g4
Accepted: f2f4
Accepted: f8h6
Accepted: h6-1-i5
Accepted: e3+e4
Accepted: h5i5
Accepted: h6i5
Accepted: @f8
Accepted: f4d5
Accepted: e4e5
Accepted: e8+e9
Accepted: Bc7
Accepted: e1+e2
Accepted: e2e4
Accepted: f7+e7
Accepted: e7e5
Accepted: e4e5
Accepted: d5e6
Accepted: Be7
Accepted: @f7
Accepted: e5c5
Accepted: Ba5
Accepted: d8+d7
Accepted: @d8
Accepted: e6c6
Accepted: c6-1-d7
Accepted: d8d7
Accepted: @d8
Accepted: c5b4
Accepted: c6d7
-> done: ActionSteps.WhenTheFollowingMoves(<table>) (0.1s)
Then the following locations match:
  --- table step argument ---
  | Location | Contents | Size | Type   |
  | A5       | Block    |      |        |
  | C7       | Block    |      |        |
  | C2       | Block    |      |        |
  | E7       | Block    |      |        |
  | D1       | Red      | 1    | Normal |
  | B4       | Red      | 2    | King   |
  | D7       | Red      | 1    | Cursed |
  | F5       | Red      | 1    | Cursed |
  | G4       | Red      | 1    | Cursed |
  | D8       | Blue     | 1    | Normal |
  | E9       | Blue     | 2    | King   |
  | F7       | Blue     | 1    | Normal |
  | F8       | Blue     | 1    | Normal |
  | I5       | Blue     | 1    | Cursed |
A5 OK
C7 OK
C2 OK
E7 OK
D1 OK
B4 OK
D7 OK
F5 OK
G4 OK
D8 OK
E9 OK
F7 OK
F8 OK
I5 OK
-> done: ValidationSteps.ThenTheFollowingLocationsMatch(<table>) (0.0s)
![Board Snapshot](https://raw.githubusercontent.com/MichaelSpencerJr/BenedictionGame/master/testruns/images/fa0292c9-9df4-c4b7-986e-45d432ea12e9.png?raw=true)
]]></output>
                </test-case>
              </test-suite>
            </test-suite>
            <test-suite type="TestSuite" id="0-1134" name="GameRules" fullname="Testing.Specflow.Features.GameRules" runstate="Runnable" testcasecount="117" result="Passed" start-time="2020-02-08 19:21:42Z" end-time="2020-02-08 19:21:45Z" duration="2.235087" total="117" passed="114" failed="0" warnings="0" inconclusive="3" skipped="0" asserts="845">
              <test-suite type="TestFixture" id="0-1001" name="BlockRulesFeature" fullname="Testing.Specflow.Features.GameRules.BlockRulesFeature" classname="Testing.Specflow.Features.GameRules.BlockRulesFeature" runstate="Runnable" testcasecount="5" result="Passed" start-time="2020-02-08 19:21:43Z" end-time="2020-02-08 19:21:43Z" duration="0.056085" total="5" passed="5" failed="0" warnings="0" inconclusive="0" skipped="0" asserts="91">
                <properties>
                  <property name="Description" value="Block Rules" />
                  <property name="Category" value="every-change" />
                </properties>
                <test-case id="0-1002" name="BlockHappyPath" fullname="Testing.Specflow.Features.GameRules.BlockRulesFeature.BlockHappyPath" methodname="BlockHappyPath" classname="Testing.Specflow.Features.GameRules.BlockRulesFeature" runstate="Runnable" seed="303532072" result="Passed" start-time="2020-02-08 19:21:43Z" end-time="2020-02-08 19:21:43Z" duration="0.026398" asserts="5">
                  <properties>
                    <property name="Description" value="Block Happy Path" />
                  </properties>
                  <output><![CDATA[Given I define board NewGame as:
  --- table step argument ---
  | New Game Board            |
  | Benediction v1: R-E2 B E8 |
  | R:D12E12k3F12             |
  | B:D78E78k9F78             |
-> done: SetupSteps.GivenIDefine("NewGame", <table>) (0.0s)
Given I have board NewGame
![Board Snapshot](https://raw.githubusercontent.com/MichaelSpencerJr/BenedictionGame/master/testruns/images/b50cb248-3720-e98d-f5a2-c04c3545857a.png?raw=true)
Loaded board NewGame.
-> done: SetupSteps.GivenIHaveNamedBoard("NewGame") (0.0s)
When the red player blockades A1
Accepted: Ba1
-> done: ActionSteps.WhenIBlockade(Red, A1) (0.0s)
Then the action succeeds
-> done: ValidationSteps.ThenTheActionSucceeds() (0.0s)
And the board has blocks matching: A1
Successfully validated 1 block.
-> done: ValidationSteps.ThenTheBoardHasBlocksMatching("A1") (0.0s)
]]></output>
                </test-case>
                <test-case id="0-1003" name="BlockMaximum" fullname="Testing.Specflow.Features.GameRules.BlockRulesFeature.BlockMaximum" methodname="BlockMaximum" classname="Testing.Specflow.Features.GameRules.BlockRulesFeature" runstate="Runnable" seed="418654475" result="Passed" start-time="2020-02-08 19:21:43Z" end-time="2020-02-08 19:21:43Z" duration="0.021674" asserts="65">
                  <properties>
                    <property name="Description" value="Block Maximum" />
                    <property name="Category" value="scenario-image-only" />
                  </properties>
                  <output><![CDATA[Given I define board NewGame as:
  --- table step argument ---
  | New Game Board            |
  | Benediction v1: R-E2 B E8 |
  | R:D12E12k3F12             |
  | B:D78E78k9F78             |
-> done: SetupSteps.GivenIDefine("NewGame", <table>) (0.0s)
Given I have an empty E2 E8 board
Loaded empty game board with Red Home at E2 and Blue Home at E8
-> done: SetupSteps.GivenIHaveAnEmptyBoard(E2, E8) (0.0s)
When the following moves are performed:
  --- table step argument ---
  | RedAction1 | RedAction2 | BlueAction1 | BlueAction2 |
  | Be9        | Bb6        | Bd7         | Bf7         |
  | Bh6        | Ba4        | Bc5         | Be6         |
  | Bg5        | Bi4        | Bb3         | Bd4         |
  | Bf4        | Bh3        | Ba1         | Bc2         |
  | Be3        | Bg2        | Bi1         | Bd1         |
  | Bf1        |            |             |             |
Accepted: Be9
Accepted: Bb6
Accepted: Bd7
Accepted: Bf7
Accepted: Bh6
Accepted: Ba4
Accepted: Bc5
Accepted: Be6
Accepted: Bg5
Accepted: Bi4
Accepted: Bb3
Accepted: Bd4
Accepted: Bf4
Accepted: Bh3
Accepted: Ba1
Accepted: Bc2
Accepted: Be3
Accepted: Bg2
Accepted: Bi1
Accepted: Bd1
Accepted: Bf1
-> done: ActionSteps.WhenTheFollowingMoves(<table>) (0.0s)
Then the board has blocks matching: A14B36C25D147E369F147G25H36I14
Successfully validated 21 blocks.
-> done: ValidationSteps.ThenTheBoardHasBlocksMatching("A14B36C25D147E369...") (0.0s)
![Board Snapshot](https://raw.githubusercontent.com/MichaelSpencerJr/BenedictionGame/master/testruns/images/20875bc2-1002-a4e0-45d9-f2eb9dcc1296.png?raw=true)
]]></output>
                </test-case>
                <test-case id="0-1005" name="CannotBlockAdjacentAnotherBlock" fullname="Testing.Specflow.Features.GameRules.BlockRulesFeature.CannotBlockAdjacentAnotherBlock" methodname="CannotBlockAdjacentAnotherBlock" classname="Testing.Specflow.Features.GameRules.BlockRulesFeature" runstate="Runnable" seed="2111646116" result="Passed" start-time="2020-02-08 19:21:43Z" end-time="2020-02-08 19:21:43Z" duration="0.004767" asserts="7">
                  <properties>
                    <property name="Description" value="Cannot Block Adjacent Another Block" />
                  </properties>
                  <output><![CDATA[Given I define board NewGame as:
  --- table step argument ---
  | New Game Board            |
  | Benediction v1: R-E2 B E8 |
  | R:D12E12k3F12             |
  | B:D78E78k9F78             |
-> done: SetupSteps.GivenIDefine("NewGame", <table>) (0.0s)
Given I have an empty E2 E8 board
Loaded empty game board with Red Home at E2 and Blue Home at E8
-> done: SetupSteps.GivenIHaveAnEmptyBoard(E2, E8) (0.0s)
When the red player blocks e3
Accepted: Be3
-> done: ActionSteps.WhenIBlockade(Red, E3) (0.0s)
Then the action succeeds
-> done: ValidationSteps.ThenTheActionSucceeds() (0.0s)
When the red player blocks e4
Rejected: Be4: Cannot Block Adjacent Existing Block E3
-> done: ActionSteps.WhenIBlockade(Red, E4) (0.0s)
Then the action fails
Failed with: Cannot Block Adjacent Existing Block E3
-> done: ValidationSteps.ThenTheActionFails() (0.0s)
And the board has blocks matching: E3
Successfully validated 1 block.
-> done: ValidationSteps.ThenTheBoardHasBlocksMatching("E3") (0.0s)
]]></output>
                </test-case>
                <test-case id="0-1004" name="CannotBlockHomeSpace" fullname="Testing.Specflow.Features.GameRules.BlockRulesFeature.CannotBlockHomeSpace" methodname="CannotBlockHomeSpace" classname="Testing.Specflow.Features.GameRules.BlockRulesFeature" runstate="Runnable" seed="1605706922" result="Passed" start-time="2020-02-08 19:21:43Z" end-time="2020-02-08 19:21:43Z" duration="0.001305" asserts="8">
                  <properties>
                    <property name="Description" value="Cannot Block Home Space" />
                  </properties>
                  <output><![CDATA[Given I define board NewGame as:
  --- table step argument ---
  | New Game Board            |
  | Benediction v1: R-E2 B E8 |
  | R:D12E12k3F12             |
  | B:D78E78k9F78             |
-> done: SetupSteps.GivenIDefine("NewGame", <table>) (0.0s)
Given I have an empty E2 E8 board
Loaded empty game board with Red Home at E2 and Blue Home at E8
-> done: SetupSteps.GivenIHaveAnEmptyBoard(E2, E8) (0.0s)
When the red player blocks e2
Rejected: Be2: Cannot Block Red Home at Location E2
-> done: ActionSteps.WhenIBlockade(Red, E2) (0.0s)
Then the action fails
Failed with: Cannot Block Red Home at Location E2
-> done: ValidationSteps.ThenTheActionFails() (0.0s)
When the red player blocks e8
Rejected: Be8: Cannot Block Blue Home at Location E8
-> done: ActionSteps.WhenIBlockade(Red, E8) (0.0s)
Then the action fails
Failed with: Cannot Block Blue Home at Location E8
-> done: ValidationSteps.ThenTheActionFails() (0.0s)
]]></output>
                </test-case>
                <test-case id="0-1006" name="CannotBlockOccupiedSpace" fullname="Testing.Specflow.Features.GameRules.BlockRulesFeature.CannotBlockOccupiedSpace" methodname="CannotBlockOccupiedSpace" classname="Testing.Specflow.Features.GameRules.BlockRulesFeature" runstate="Runnable" seed="1328660659" result="Passed" start-time="2020-02-08 19:21:43Z" end-time="2020-02-08 19:21:43Z" duration="0.000993" asserts="6">
                  <properties>
                    <property name="Description" value="Cannot Block Occupied Space" />
                  </properties>
                  <output><![CDATA[Given I define board NewGame as:
  --- table step argument ---
  | New Game Board            |
  | Benediction v1: R-E2 B E8 |
  | R:D12E12k3F12             |
  | B:D78E78k9F78             |
-> done: SetupSteps.GivenIDefine("NewGame", <table>) (0.0s)
Given I have board NewGame
![Board Snapshot](https://raw.githubusercontent.com/MichaelSpencerJr/BenedictionGame/master/testruns/images/b50cb248-3720-e98d-f5a2-c04c3545857a.png?raw=true)
Loaded board NewGame.
-> done: SetupSteps.GivenIHaveNamedBoard("NewGame") (0.0s)
When the red player blockades e3
Rejected: Be3: Location E3 Not Empty
-> done: ActionSteps.WhenIBlockade(Red, E3) (0.0s)
Then the action fails
Failed with: Location E3 Not Empty
-> done: ValidationSteps.ThenTheActionFails() (0.0s)
]]></output>
                </test-case>
              </test-suite>
              <test-suite type="TestFixture" id="0-1007" name="BridgeRulesFeature" fullname="Testing.Specflow.Features.GameRules.BridgeRulesFeature" classname="Testing.Specflow.Features.GameRules.BridgeRulesFeature" runstate="Runnable" testcasecount="7" result="Passed" start-time="2020-02-08 19:21:43Z" end-time="2020-02-08 19:21:43Z" duration="0.180490" total="7" passed="7" failed="0" warnings="0" inconclusive="0" skipped="0" asserts="25">
                <properties>
                  <property name="Description" value="Bridge Rules" />
                  <property name="Category" value="every-change" />
                </properties>
                <test-case id="0-1013" name="BridgeCannotBlessCursedPieces" fullname="Testing.Specflow.Features.GameRules.BridgeRulesFeature.BridgeCannotBlessCursedPieces" methodname="BridgeCannotBlessCursedPieces" classname="Testing.Specflow.Features.GameRules.BridgeRulesFeature" runstate="Runnable" seed="2045380660" result="Passed" start-time="2020-02-08 19:21:43Z" end-time="2020-02-08 19:21:43Z" duration="0.026382" asserts="3">
                  <properties>
                    <property name="Description" value="Bridge Cannot Bless Cursed Pieces" />
                  </properties>
                  <output><![CDATA[Given I define board NewGame as:
  --- table step argument ---
  | New Game Board            |
  | Benediction v1: R-E2 B E8 |
  | R:D12E12k3F12             |
  | B:D78E78k9F78             |
-> done: SetupSteps.GivenIDefine("NewGame", <table>) (0.0s)
Given I load this board:
  --- table step argument ---
  | Board                         |
  | Benediction v1: R-E2 B E8     |
  | R:D12E12k3F6++G1c+2cH2c3c5c6c |
  | B:E8k                         |
![Board Snapshot](https://raw.githubusercontent.com/MichaelSpencerJr/BenedictionGame/master/testruns/images/814cb5e2-fc1a-36e5-5d1a-8c14a9e50781.png?raw=true)
-> done: SetupSteps.GivenILoad(<table>) (0.0s)
When the red player splits 2 pieces from f6 to h4
Accepted: f6-2-h4
-> done: ActionSteps.WhenISplit(Red, "2", F6, H4) (0.0s)
Then the action succeeds
-> done: ValidationSteps.ThenTheActionSucceeds() (0.0s)
And the board has red pieces matching: D12E12k3F6cG1c+2cH2c3c4b+5c6c
Successfully validated 13 Red pieces.
-> done: ValidationSteps.ThenTheBoardHasPiecesMatching(Red, "D12E12k3F6cG1c+2c...") (0.0s)
]]></output>
                </test-case>
                <test-case id="0-1008" name="BridgeHappyPath" fullname="Testing.Specflow.Features.GameRules.BridgeRulesFeature.BridgeHappyPath" methodname="BridgeHappyPath" classname="Testing.Specflow.Features.GameRules.BridgeRulesFeature" runstate="Runnable" seed="484431199" result="Passed" start-time="2020-02-08 19:21:43Z" end-time="2020-02-08 19:21:43Z" duration="0.025610" asserts="2">
                  <properties>
                    <property name="Description" value="Bridge Happy Path" />
                  </properties>
                  <output><![CDATA[Given I define board NewGame as:
  --- table step argument ---
  | New Game Board            |
  | Benediction v1: R-E2 B E8 |
  | R:D12E12k3F12             |
  | B:D78E78k9F78             |
-> done: SetupSteps.GivenIDefine("NewGame", <table>) (0.0s)
Given I load this board:
  --- table step argument ---
  | Board                     |
  | Benediction v1: R-E2 B E8 |
  | R:C2D13E12k4F124G4H4I45   |
  | B:A12B3C4D578E68k9F68G6   |
![Board Snapshot](https://raw.githubusercontent.com/MichaelSpencerJr/BenedictionGame/master/testruns/images/78ef14af-3123-d5a7-50c7-8f649cc50dcb.png?raw=true)
-> done: SetupSteps.GivenILoad(<table>) (0.0s)
When the red player moves the piece at d1 to c1
Accepted: d1c1
-> done: ActionSteps.WhenIMove(Red, D1, C1) (0.0s)
Then the board has red pieces matching: C1b2bD3bE12k4bF124bG4bH4bI4b5b
Successfully validated 13 Red pieces.
-> done: ValidationSteps.ThenTheBoardHasPiecesMatching(Red, "C1b2bD3bE12k4bF12...") (0.0s)
]]></output>
                </test-case>
                <test-case id="0-1009" name="BridgeMaximum" fullname="Testing.Specflow.Features.GameRules.BridgeRulesFeature.BridgeMaximum" methodname="BridgeMaximum" classname="Testing.Specflow.Features.GameRules.BridgeRulesFeature" runstate="Runnable" seed="1357684247" result="Passed" start-time="2020-02-08 19:21:43Z" end-time="2020-02-08 19:21:43Z" duration="0.032938" asserts="5">
                  <properties>
                    <property name="Description" value="Bridge Maximum" />
                  </properties>
                  <output><![CDATA[Given I define board NewGame as:
  --- table step argument ---
  | New Game Board            |
  | Benediction v1: R-E2 B E8 |
  | R:D12E12k3F12             |
  | B:D78E78k9F78             |
-> done: SetupSteps.GivenIDefine("NewGame", <table>) (0.0s)
Given I load this board:
  --- table step argument ---
  | Board                                   |
  | Benediction v1: R-E2 B E8               |
  | R:A14B245C246D468E2k468kF2467G246H24I23 |
  | B:E7k                                   |
![Board Snapshot](https://raw.githubusercontent.com/MichaelSpencerJr/BenedictionGame/master/testruns/images/d95525f1-17d2-eac0-1f5d-6cdb34d27096.png?raw=true)
-> done: SetupSteps.GivenILoad(<table>) (0.0s)
When the red player drops a new piece at d2
Accepted: @d2
-> done: ActionSteps.WhenIDrop(Red, D2) (0.0s)
Then the action succeeds
-> done: ValidationSteps.ThenTheActionSucceeds() (0.0s)
And the game is over and red has won
-> done: ValidationSteps.GameOver(Red) (0.0s)
And the board has red pieces matching: A1b4bB2b4b5bC2b4b6bD2b4b6b8bE2kb4b6b8kbF2b4b6b7bG2b4b6bH2b4bI2b3b
Successfully validated 27 Red pieces.
-> done: ValidationSteps.ThenTheBoardHasPiecesMatching(Red, "A1b4bB2b4b5bC2b4b...") (0.0s)
]]></output>
                </test-case>
                <test-case id="0-1010" name="BridgeWithWrongColorCriticalPiece" fullname="Testing.Specflow.Features.GameRules.BridgeRulesFeature.BridgeWithWrongColorCriticalPiece" methodname="BridgeWithWrongColorCriticalPiece" classname="Testing.Specflow.Features.GameRules.BridgeRulesFeature" runstate="Runnable" seed="140531299" result="Passed" start-time="2020-02-08 19:21:43Z" end-time="2020-02-08 19:21:43Z" duration="0.024637" asserts="4">
                  <properties>
                    <property name="Description" value="Bridge With Wrong Color Critical Piece" />
                  </properties>
                  <output><![CDATA[Given I define board NewGame as:
  --- table step argument ---
  | New Game Board            |
  | Benediction v1: R-E2 B E8 |
  | R:D12E12k3F12             |
  | B:D78E78k9F78             |
-> done: SetupSteps.GivenIDefine("NewGame", <table>) (0.0s)
Given I load this board:
  --- table step argument ---
  | Board                     |
  | Benediction v1: R E2 B-E8 |
  | R:D12E12k3F12G2H2356      |
  | B:E8kG4                   |
![Board Snapshot](https://raw.githubusercontent.com/MichaelSpencerJr/BenedictionGame/master/testruns/images/b3562125-3cee-c7e2-67c3-b4b411cfe6ec.png?raw=true)
-> done: SetupSteps.GivenILoad(<table>) (0.0s)
When the blue player moves the piece at g4 to h4
Accepted: g4h4
-> done: ActionSteps.WhenIMove(Blue, G4, H4) (0.0s)
Then the action succeeds
-> done: ValidationSteps.ThenTheActionSucceeds() (0.0s)
And the board has blue pieces matching: E8kH4
Successfully validated 2 Blue pieces.
-> done: ValidationSteps.ThenTheBoardHasPiecesMatching(Blue, "E8kH4") (0.0s)
And the board has red pieces matching: D12E12k3F12G2H2356
Successfully validated 12 Red pieces.
-> done: ValidationSteps.ThenTheBoardHasPiecesMatching(Red, "D12E12k3F12G2H2356") (0.0s)
]]></output>
                </test-case>
                <test-case id="0-1014" name="HomeDropCompletingBridgeWinsGame" fullname="Testing.Specflow.Features.GameRules.BridgeRulesFeature.HomeDropCompletingBridgeWinsGame" methodname="HomeDropCompletingBridgeWinsGame" classname="Testing.Specflow.Features.GameRules.BridgeRulesFeature" runstate="Runnable" seed="1433400960" result="Passed" start-time="2020-02-08 19:21:43Z" end-time="2020-02-08 19:21:43Z" duration="0.021604" asserts="5">
                  <properties>
                    <property name="Description" value="Home Drop Completing Bridge Wins Game" />
                  </properties>
                  <output><![CDATA[Given I define board NewGame as:
  --- table step argument ---
  | New Game Board            |
  | Benediction v1: R-E2 B E8 |
  | R:D12E12k3F12             |
  | B:D78E78k9F78             |
-> done: SetupSteps.GivenIDefine("NewGame", <table>) (0.0s)
Given I load this board:
  --- table step argument ---
  | Board                     |
  | Benediction v1: R-E2 B E8 |
  | R:A1kE1345F5G5H5I5        |
  | B:D78E78k9F78             |
![Board Snapshot](https://raw.githubusercontent.com/MichaelSpencerJr/BenedictionGame/master/testruns/images/5dbd8ef0-9411-39f4-eb9b-ddc996f39edf.png?raw=true)
-> done: SetupSteps.GivenILoad(<table>) (0.0s)
When the red player drops a new piece at e2
Accepted: @e2
-> done: ActionSteps.WhenIDrop(Red, E2) (0.0s)
Then the action succeeds
-> done: ValidationSteps.ThenTheActionSucceeds() (0.0s)
And the board has red pieces matching: A1kE1b2kb3b4b5bF5bG5bH5bI5b
Successfully validated 10 Red pieces.
-> done: ValidationSteps.ThenTheBoardHasPiecesMatching(Red, "A1kE1b2kb3b4b5bF5...") (0.0s)
And the game is over and red has won
-> done: ValidationSteps.GameOver(Red) (0.0s)
]]></output>
                </test-case>
                <test-case id="0-1011" name="SplitIntoBridgeAvoidsAllCursesIfSplitPiecesAdjacent" fullname="Testing.Specflow.Features.GameRules.BridgeRulesFeature.SplitIntoBridgeAvoidsAllCursesIfSplitPiecesAdjacent" methodname="SplitIntoBridgeAvoidsAllCursesIfSplitPiecesAdjacent" classname="Testing.Specflow.Features.GameRules.BridgeRulesFeature" runstate="Runnable" seed="605669813" result="Passed" start-time="2020-02-08 19:21:43Z" end-time="2020-02-08 19:21:43Z" duration="0.023836" asserts="3">
                  <properties>
                    <property name="Description" value="Split Into Bridge Avoids All Curses If Split Pieces Adjacent" />
                  </properties>
                  <output><![CDATA[Given I define board NewGame as:
  --- table step argument ---
  | New Game Board            |
  | Benediction v1: R-E2 B E8 |
  | R:D12E12k3F12             |
  | B:D78E78k9F78             |
-> done: SetupSteps.GivenIDefine("NewGame", <table>) (0.0s)
Given I load this board:
  --- table step argument ---
  | Board                     |
  | Benediction v1: R-E2 B E8 |
  | R:D12E12k3F12G25+H2356    |
  | B:E8k                     |
![Board Snapshot](https://raw.githubusercontent.com/MichaelSpencerJr/BenedictionGame/master/testruns/images/ff3696be-88c4-9dc3-f7b8-aed219f754b5.png?raw=true)
-> done: SetupSteps.GivenILoad(<table>) (0.0s)
When the red player splits 1 piece from g5 to h4
Accepted: g5-1-h4
-> done: ActionSteps.WhenISplit(Red, "1", G5, H4) (0.0s)
Then the action succeeds
-> done: ValidationSteps.ThenTheActionSucceeds() (0.0s)
And the board has red pieces matching: D1b2bE1b2kb3bF1b2bG2b5bH2b3b4b5b6b
Successfully validated 14 Red pieces.
-> done: ValidationSteps.ThenTheBoardHasPiecesMatching(Red, "D1b2bE1b2kb3bF1b2...") (0.0s)
]]></output>
                </test-case>
                <test-case id="0-1012" name="SplitIntoBridgeAvoidsTargetCurseIfTargetPieceAdjacent" fullname="Testing.Specflow.Features.GameRules.BridgeRulesFeature.SplitIntoBridgeAvoidsTargetCurseIfTargetPieceAdjacent" methodname="SplitIntoBridgeAvoidsTargetCurseIfTargetPieceAdjacent" classname="Testing.Specflow.Features.GameRules.BridgeRulesFeature" runstate="Runnable" seed="1884260032" result="Passed" start-time="2020-02-08 19:21:43Z" end-time="2020-02-08 19:21:43Z" duration="0.024862" asserts="3">
                  <properties>
                    <property name="Description" value="Split Into Bridge Avoids Target Curse If Target Piece Adjacent" />
                  </properties>
                  <output><![CDATA[Given I define board NewGame as:
  --- table step argument ---
  | New Game Board            |
  | Benediction v1: R-E2 B E8 |
  | R:D12E12k3F12             |
  | B:D78E78k9F78             |
-> done: SetupSteps.GivenIDefine("NewGame", <table>) (0.0s)
Given I load this board:
  --- table step argument ---
  | Board                     |
  | Benediction v1: R-E2 B E8 |
  | R:D12E12k3F126++G2H2356   |
  | B:E8k                     |
![Board Snapshot](https://raw.githubusercontent.com/MichaelSpencerJr/BenedictionGame/master/testruns/images/739759a2-cf38-4707-eaad-df778518d406.png?raw=true)
-> done: SetupSteps.GivenILoad(<table>) (0.0s)
When the red player splits 2 pieces from f6 to h4
Accepted: f6-2-h4
-> done: ActionSteps.WhenISplit(Red, "2", F6, H4) (0.0s)
Then the action succeeds
-> done: ValidationSteps.ThenTheActionSucceeds() (0.0s)
And the board has red pieces matching: D1b2bE1b2kb3bF1b2b6cG2bH2b3b4b+5b6b
Successfully validated 14 Red pieces.
-> done: ValidationSteps.ThenTheBoardHasPiecesMatching(Red, "D1b2bE1b2kb3bF1b2...") (0.0s)
]]></output>
                </test-case>
              </test-suite>
              <test-suite type="TestFixture" id="0-1015" name="DropRulesFeature" fullname="Testing.Specflow.Features.GameRules.DropRulesFeature" classname="Testing.Specflow.Features.GameRules.DropRulesFeature" runstate="Runnable" testcasecount="5" result="Passed" start-time="2020-02-08 19:21:43Z" end-time="2020-02-08 19:21:43Z" duration="0.053656" total="5" passed="5" failed="0" warnings="0" inconclusive="0" skipped="0" asserts="25">
                <properties>
                  <property name="Description" value="Drop Rules" />
                  <property name="Category" value="every-change" />
                </properties>
                <test-case id="0-1018" name="CannotDropOntoBlock" fullname="Testing.Specflow.Features.GameRules.DropRulesFeature.CannotDropOntoBlock" methodname="CannotDropOntoBlock" classname="Testing.Specflow.Features.GameRules.DropRulesFeature" runstate="Runnable" seed="900459925" result="Passed" start-time="2020-02-08 19:21:43Z" end-time="2020-02-08 19:21:43Z" duration="0.025383" asserts="4">
                  <properties>
                    <property name="Description" value="Cannot Drop Onto Block" />
                  </properties>
                  <output><![CDATA[Given I define board NewGame as:
  --- table step argument ---
  | New Game Board            |
  | Benediction v1: R-E2 B E8 |
  | R:D12E12k3F12             |
  | B:D78E78k9F78             |
-> done: SetupSteps.GivenIDefine("NewGame", <table>) (0.0s)
Given I load this board:
  --- table step argument ---
  | Board                     |
  | Benediction v1: R-E2 B E8 |
  | R:D12E12kF12              |
  | B:D78E78k9F78             |
  | X:E3                      |
![Board Snapshot](https://raw.githubusercontent.com/MichaelSpencerJr/BenedictionGame/master/testruns/images/05727d7d-a822-e663-e593-85887fdd5e22.png?raw=true)
-> done: SetupSteps.GivenILoad(<table>) (0.0s)
When the red player drops a new piece at e3
Rejected: @e3: Location E3 Not Empty
-> done: ActionSteps.WhenIDrop(Red, E3) (0.0s)
Then the action fails
Failed with: Location E3 Not Empty
-> done: ValidationSteps.ThenTheActionFails() (0.0s)
]]></output>
                </test-case>
                <test-case id="0-1019" name="CannotDropOntoOccupiedSpace" fullname="Testing.Specflow.Features.GameRules.DropRulesFeature.CannotDropOntoOccupiedSpace" methodname="CannotDropOntoOccupiedSpace" classname="Testing.Specflow.Features.GameRules.DropRulesFeature" runstate="Runnable" seed="172388280" result="Passed" start-time="2020-02-08 19:21:43Z" end-time="2020-02-08 19:21:43Z" duration="0.002735" asserts="6">
                  <properties>
                    <property name="Description" value="Cannot Drop Onto Occupied Space" />
                  </properties>
                  <output><![CDATA[Given I define board NewGame as:
  --- table step argument ---
  | New Game Board            |
  | Benediction v1: R-E2 B E8 |
  | R:D12E12k3F12             |
  | B:D78E78k9F78             |
-> done: SetupSteps.GivenIDefine("NewGame", <table>) (0.0s)
Given I have board NewGame
![Board Snapshot](https://raw.githubusercontent.com/MichaelSpencerJr/BenedictionGame/master/testruns/images/b50cb248-3720-e98d-f5a2-c04c3545857a.png?raw=true)
Loaded board NewGame.
-> done: SetupSteps.GivenIHaveNamedBoard("NewGame") (0.0s)
When the red player drops a new piece at e3
Rejected: @e3: Location E3 Not Empty
-> done: ActionSteps.WhenIDrop(Red, E3) (0.0s)
Then the action fails
Failed with: Location E3 Not Empty
-> done: ValidationSteps.ThenTheActionFails() (0.0s)
]]></output>
                </test-case>
                <test-case id="0-1017" name="CannotDropOutsideZone" fullname="Testing.Specflow.Features.GameRules.DropRulesFeature.CannotDropOutsideZone" methodname="CannotDropOutsideZone" classname="Testing.Specflow.Features.GameRules.DropRulesFeature" runstate="Runnable" seed="2098809401" result="Passed" start-time="2020-02-08 19:21:43Z" end-time="2020-02-08 19:21:43Z" duration="0.001296" asserts="6">
                  <properties>
                    <property name="Description" value="Cannot Drop Outside Zone" />
                  </properties>
                  <output><![CDATA[Given I define board NewGame as:
  --- table step argument ---
  | New Game Board            |
  | Benediction v1: R-E2 B E8 |
  | R:D12E12k3F12             |
  | B:D78E78k9F78             |
-> done: SetupSteps.GivenIDefine("NewGame", <table>) (0.0s)
Given I have board NewGame
![Board Snapshot](https://raw.githubusercontent.com/MichaelSpencerJr/BenedictionGame/master/testruns/images/b50cb248-3720-e98d-f5a2-c04c3545857a.png?raw=true)
Loaded board NewGame.
-> done: SetupSteps.GivenIHaveNamedBoard("NewGame") (0.0s)
When the red player drops a new piece at e5
Rejected: @e5: Drop Must Be Adjacent Your Home At E2
-> done: ActionSteps.WhenIDrop(Red, E5) (0.0s)
Then the action fails
Failed with: Drop Must Be Adjacent Your Home At E2
-> done: ValidationSteps.ThenTheActionFails() (0.0s)
]]></output>
                </test-case>
                <test-case id="0-1016" name="DropHappyPath" fullname="Testing.Specflow.Features.GameRules.DropRulesFeature.DropHappyPath" methodname="DropHappyPath" classname="Testing.Specflow.Features.GameRules.DropRulesFeature" runstate="Runnable" seed="753631377" result="Passed" start-time="2020-02-08 19:21:43Z" end-time="2020-02-08 19:21:43Z" duration="0.001722" asserts="6">
                  <properties>
                    <property name="Description" value="Drop Happy Path" />
                  </properties>
                  <output><![CDATA[Given I define board NewGame as:
  --- table step argument ---
  | New Game Board            |
  | Benediction v1: R-E2 B E8 |
  | R:D12E12k3F12             |
  | B:D78E78k9F78             |
-> done: SetupSteps.GivenIDefine("NewGame", <table>) (0.0s)
Given I have board NewGame
![Board Snapshot](https://raw.githubusercontent.com/MichaelSpencerJr/BenedictionGame/master/testruns/images/b50cb248-3720-e98d-f5a2-c04c3545857a.png?raw=true)
Loaded board NewGame.
-> done: SetupSteps.GivenIHaveNamedBoard("NewGame") (0.0s)
When the red player merges the piece at e3 into f2
Accepted: e3+f2
-> done: ActionSteps.WhenIMerge(Red, E3, F2) (0.0s)
Then the action succeeds
-> done: ValidationSteps.ThenTheActionSucceeds() (0.0s)
When the red player drops a new piece at e3
Accepted: @e3
-> done: ActionSteps.WhenIDrop(Red, E3) (0.0s)
Then the action succeeds
-> done: ValidationSteps.ThenTheActionSucceeds() (0.0s)
]]></output>
                </test-case>
                <test-case id="0-1020" name="HomeDropBecomesKing" fullname="Testing.Specflow.Features.GameRules.DropRulesFeature.HomeDropBecomesKing" methodname="HomeDropBecomesKing" classname="Testing.Specflow.Features.GameRules.DropRulesFeature" runstate="Runnable" seed="1906992712" result="Passed" start-time="2020-02-08 19:21:43Z" end-time="2020-02-08 19:21:43Z" duration="0.021855" asserts="3">
                  <properties>
                    <property name="Description" value="Home Drop Becomes King" />
                  </properties>
                  <output><![CDATA[Given I define board NewGame as:
  --- table step argument ---
  | New Game Board            |
  | Benediction v1: R-E2 B E8 |
  | R:D12E12k3F12             |
  | B:D78E78k9F78             |
-> done: SetupSteps.GivenIDefine("NewGame", <table>) (0.0s)
Given I load this board:
  --- table step argument ---
  | Board                     |
  | Benediction v1: R-E2 B E8 |
  | R:D12E13kF12              |
  | B:D78E78k9F78             |
![Board Snapshot](https://raw.githubusercontent.com/MichaelSpencerJr/BenedictionGame/master/testruns/images/e0431d0b-1adc-1d00-8381-6904a3edfbbc.png?raw=true)
-> done: SetupSteps.GivenILoad(<table>) (0.0s)
When the red player drops a new piece at e2
Accepted: @e2
-> done: ActionSteps.WhenIDrop(Red, E2) (0.0s)
Then the action succeeds
-> done: ValidationSteps.ThenTheActionSucceeds() (0.0s)
And the board has red pieces matching: D12E12k3kF12
Successfully validated 7 Red pieces.
-> done: ValidationSteps.ThenTheBoardHasPiecesMatching(Red, "D12E12k3kF12") (0.0s)
]]></output>
                </test-case>
              </test-suite>
              <test-suite type="TestFixture" id="0-1021" name="ExamplesFeature" fullname="Testing.Specflow.Features.GameRules.ExamplesFeature" classname="Testing.Specflow.Features.GameRules.ExamplesFeature" runstate="Runnable" testcasecount="22" result="Passed" start-time="2020-02-08 19:21:43Z" end-time="2020-02-08 19:21:43Z" duration="0.027189" total="22" passed="22" failed="0" warnings="0" inconclusive="0" skipped="0" asserts="238">
                <properties>
                  <property name="Description" value="Examples" />
                  <property name="Category" value="no-images" />
                </properties>
                <test-case id="0-1028" name="CannotBlockOwnKing" fullname="Testing.Specflow.Features.GameRules.ExamplesFeature.CannotBlockOwnKing" methodname="CannotBlockOwnKing" classname="Testing.Specflow.Features.GameRules.ExamplesFeature" runstate="Runnable" seed="1600146635" result="Passed" start-time="2020-02-08 19:21:43Z" end-time="2020-02-08 19:21:43Z" duration="0.002674" asserts="6">
                  <properties>
                    <property name="Description" value="Cannot Block Own King" />
                  </properties>
                  <output><![CDATA[Given I define board WeirdSituation1 as:
  --- table step argument ---
  | Any header here - the name doesn't matter |
  | Benediction v1: R E2 B-E8                 |
  | R:D1+2+E1k+2k+3k+F1k2G1k+2+               |
  | B:D6k+7k+8E7+8k+9k+F78k+H5+               |
  | X:B5C2D4E6F3H6I1                          |
-> done: SetupSteps.GivenIDefine("WeirdSituation1", <table>) (0.0s)
Given I have an empty E2 E8 board
Loaded empty game board with Red Home at E2 and Blue Home at E8
-> done: SetupSteps.GivenIHaveAnEmptyBoard(E2, E8) (0.0s)
When red does Be2
Rejected: Be2: Cannot Block Red Home at Location E2
-> done: ActionSteps.WhenDoes(Red, "Be2") (0.0s)
Then the action fails
Failed with: Cannot Block Red Home at Location E2
-> done: ValidationSteps.ThenTheActionFails() (0.0s)
]]></output>
                </test-case>
                <test-case id="0-1022" name="LoadAPreviouslyCreatedBoard" fullname="Testing.Specflow.Features.GameRules.ExamplesFeature.LoadAPreviouslyCreatedBoard" methodname="LoadAPreviouslyCreatedBoard" classname="Testing.Specflow.Features.GameRules.ExamplesFeature" runstate="Runnable" seed="372220310" result="Passed" start-time="2020-02-08 19:21:43Z" end-time="2020-02-08 19:21:43Z" duration="0.000816" asserts="2">
                  <properties>
                    <property name="Description" value="Load a Previously Created Board" />
                  </properties>
                  <output><![CDATA[Given I define board WeirdSituation1 as:
  --- table step argument ---
  | Any header here - the name doesn't matter |
  | Benediction v1: R E2 B-E8                 |
  | R:D1+2+E1k+2k+3k+F1k2G1k+2+               |
  | B:D6k+7k+8E7+8k+9k+F78k+H5+               |
  | X:B5C2D4E6F3H6I1                          |
-> done: SetupSteps.GivenIDefine("WeirdSituation1", <table>) (0.0s)
Given I have board WeirdSituation1
Loaded board WeirdSituation1.
-> done: SetupSteps.GivenIHaveNamedBoard("WeirdSituation1") (0.0s)
]]></output>
                </test-case>
                <test-case id="0-1024" name="LoadASavedBoard" fullname="Testing.Specflow.Features.GameRules.ExamplesFeature.LoadASavedBoard" methodname="LoadASavedBoard" classname="Testing.Specflow.Features.GameRules.ExamplesFeature" runstate="Runnable" seed="152849208" result="Passed" start-time="2020-02-08 19:21:43Z" end-time="2020-02-08 19:21:43Z" duration="0.000959" asserts="0">
                  <properties>
                    <property name="Description" value="Load a Saved Board" />
                  </properties>
                  <output><![CDATA[Given I define board WeirdSituation1 as:
  --- table step argument ---
  | Any header here - the name doesn't matter |
  | Benediction v1: R E2 B-E8                 |
  | R:D1+2+E1k+2k+3k+F1k2G1k+2+               |
  | B:D6k+7k+8E7+8k+9k+F78k+H5+               |
  | X:B5C2D4E6F3H6I1                          |
-> done: SetupSteps.GivenIDefine("WeirdSituation1", <table>) (0.0s)
Given I load this board:
  --- table step argument ---
  | Board                       |
  | Benediction v1: R E2 B-E8   |
  | R:D1+2+E1k+2k+3k+F1k2G1k+2+ |
  | B:D6k+7k+8E7+8k+9k+F78k+H5+ |
  | X:B5C2D4E6F3H6I1            |
-> done: SetupSteps.GivenILoad(<table>) (0.0s)
]]></output>
                </test-case>
                <test-case id="0-1029" name="MergeSplitMergeDoesntCreatePieces" fullname="Testing.Specflow.Features.GameRules.ExamplesFeature.MergeSplitMergeDoesntCreatePieces" methodname="MergeSplitMergeDoesntCreatePieces" classname="Testing.Specflow.Features.GameRules.ExamplesFeature" runstate="Runnable" seed="546799891" result="Passed" start-time="2020-02-08 19:21:43Z" end-time="2020-02-08 19:21:43Z" duration="0.001187" asserts="3">
                  <properties>
                    <property name="Description" value="Merge Split Merge Doesn't Create Pieces" />
                  </properties>
                  <output><![CDATA[Given I define board WeirdSituation1 as:
  --- table step argument ---
  | Any header here - the name doesn't matter |
  | Benediction v1: R E2 B-E8                 |
  | R:D1+2+E1k+2k+3k+F1k2G1k+2+               |
  | B:D6k+7k+8E7+8k+9k+F78k+H5+               |
  | X:B5C2D4E6F3H6I1                          |
-> done: SetupSteps.GivenIDefine("WeirdSituation1", <table>) (0.0s)
Given I load this board:
  --- table step argument ---
  | New Game Board            |
  | Benediction v1: R-E2 B E8 |
  | R:D12E12k3F12             |
  | B:D78E78k9F78             |
-> done: SetupSteps.GivenILoad(<table>) (0.0s)
When the red player merges the piece at f2 onto e3
Accepted: f2+e3
-> done: ActionSteps.WhenIMerge(Red, F2, E3) (0.0s)
And the red player splits 1 piece from e3 onto d2
Accepted: e3-1-d2
-> done: ActionSteps.WhenISplit(Red, "1", E3, D2) (0.0s)
Then the board has red pieces matching: D12+E12k3F1
Successfully validated 6 Red pieces.
-> done: ValidationSteps.ThenTheBoardHasPiecesMatching(Red, "D12+E12k3F1") (0.0s)
]]></output>
                </test-case>
                <test-suite type="ParameterizedMethod" id="0-1044" name="NoneOfTheseAreValidBlockLocations" fullname="Testing.Specflow.Features.GameRules.ExamplesFeature.NoneOfTheseAreValidBlockLocations" classname="Testing.Specflow.Features.GameRules.ExamplesFeature" runstate="Runnable" testcasecount="14" result="Passed" start-time="2020-02-08 19:21:43Z" end-time="2020-02-08 19:21:43Z" duration="0.008715" total="14" passed="14" failed="0" warnings="0" inconclusive="0" skipped="0" asserts="56">
                  <properties>
                    <property name="Description" value="None of These Are Valid Block Locations" />
                  </properties>
                  <test-case id="0-1030" name="NoneOfTheseAreValidBlockLocations(&quot;d1&quot;,null)" fullname="Testing.Specflow.Features.GameRules.ExamplesFeature.NoneOfTheseAreValidBlockLocations(&quot;d1&quot;,null)" methodname="NoneOfTheseAreValidBlockLocations" classname="Testing.Specflow.Features.GameRules.ExamplesFeature" runstate="Runnable" seed="1618594429" result="Passed" start-time="2020-02-08 19:21:43Z" end-time="2020-02-08 19:21:43Z" duration="0.001163" asserts="4">
                    <output><![CDATA[Given I define board WeirdSituation1 as:
  --- table step argument ---
  | Any header here - the name doesn't matter |
  | Benediction v1: R E2 B-E8                 |
  | R:D1+2+E1k+2k+3k+F1k2G1k+2+               |
  | B:D6k+7k+8E7+8k+9k+F78k+H5+               |
  | X:B5C2D4E6F3H6I1                          |
-> done: SetupSteps.GivenIDefine("WeirdSituation1", <table>) (0.0s)
Given I load this board:
  --- table step argument ---
  | New Game Board            |
  | Benediction v1: R-E2 B E8 |
  | R:D12E12k3F12             |
  | B:D78E78k9F78             |
-> done: SetupSteps.GivenILoad(<table>) (0.0s)
When the red player blockades d1
Rejected: Bd1: Location D1 Not Empty
-> done: ActionSteps.WhenIBlockade(Red, D1) (0.0s)
Then the action fails
Failed with: Location D1 Not Empty
-> done: ValidationSteps.ThenTheActionFails() (0.0s)
]]></output>
                  </test-case>
                  <test-case id="0-1031" name="NoneOfTheseAreValidBlockLocations(&quot;d2&quot;,null)" fullname="Testing.Specflow.Features.GameRules.ExamplesFeature.NoneOfTheseAreValidBlockLocations(&quot;d2&quot;,null)" methodname="NoneOfTheseAreValidBlockLocations" classname="Testing.Specflow.Features.GameRules.ExamplesFeature" runstate="Runnable" seed="653988757" result="Passed" start-time="2020-02-08 19:21:43Z" end-time="2020-02-08 19:21:43Z" duration="0.000411" asserts="4">
                    <output><![CDATA[Given I define board WeirdSituation1 as:
  --- table step argument ---
  | Any header here - the name doesn't matter |
  | Benediction v1: R E2 B-E8                 |
  | R:D1+2+E1k+2k+3k+F1k2G1k+2+               |
  | B:D6k+7k+8E7+8k+9k+F78k+H5+               |
  | X:B5C2D4E6F3H6I1                          |
-> done: SetupSteps.GivenIDefine("WeirdSituation1", <table>) (0.0s)
Given I load this board:
  --- table step argument ---
  | New Game Board            |
  | Benediction v1: R-E2 B E8 |
  | R:D12E12k3F12             |
  | B:D78E78k9F78             |
-> done: SetupSteps.GivenILoad(<table>) (0.0s)
When the red player blockades d2
Rejected: Bd2: Location D2 Not Empty
-> done: ActionSteps.WhenIBlockade(Red, D2) (0.0s)
Then the action fails
Failed with: Location D2 Not Empty
-> done: ValidationSteps.ThenTheActionFails() (0.0s)
]]></output>
                  </test-case>
                  <test-case id="0-1032" name="NoneOfTheseAreValidBlockLocations(&quot;e1&quot;,null)" fullname="Testing.Specflow.Features.GameRules.ExamplesFeature.NoneOfTheseAreValidBlockLocations(&quot;e1&quot;,null)" methodname="NoneOfTheseAreValidBlockLocations" classname="Testing.Specflow.Features.GameRules.ExamplesFeature" runstate="Runnable" seed="888894960" result="Passed" start-time="2020-02-08 19:21:43Z" end-time="2020-02-08 19:21:43Z" duration="0.000404" asserts="4">
                    <output><![CDATA[Given I define board WeirdSituation1 as:
  --- table step argument ---
  | Any header here - the name doesn't matter |
  | Benediction v1: R E2 B-E8                 |
  | R:D1+2+E1k+2k+3k+F1k2G1k+2+               |
  | B:D6k+7k+8E7+8k+9k+F78k+H5+               |
  | X:B5C2D4E6F3H6I1                          |
-> done: SetupSteps.GivenIDefine("WeirdSituation1", <table>) (0.0s)
Given I load this board:
  --- table step argument ---
  | New Game Board            |
  | Benediction v1: R-E2 B E8 |
  | R:D12E12k3F12             |
  | B:D78E78k9F78             |
-> done: SetupSteps.GivenILoad(<table>) (0.0s)
When the red player blockades e1
Rejected: Be1: Location E1 Not Empty
-> done: ActionSteps.WhenIBlockade(Red, E1) (0.0s)
Then the action fails
Failed with: Location E1 Not Empty
-> done: ValidationSteps.ThenTheActionFails() (0.0s)
]]></output>
                  </test-case>
                  <test-case id="0-1033" name="NoneOfTheseAreValidBlockLocations(&quot;e2&quot;,null)" fullname="Testing.Specflow.Features.GameRules.ExamplesFeature.NoneOfTheseAreValidBlockLocations(&quot;e2&quot;,null)" methodname="NoneOfTheseAreValidBlockLocations" classname="Testing.Specflow.Features.GameRules.ExamplesFeature" runstate="Runnable" seed="927853507" result="Passed" start-time="2020-02-08 19:21:43Z" end-time="2020-02-08 19:21:43Z" duration="0.000398" asserts="4">
                    <output><![CDATA[Given I define board WeirdSituation1 as:
  --- table step argument ---
  | Any header here - the name doesn't matter |
  | Benediction v1: R E2 B-E8                 |
  | R:D1+2+E1k+2k+3k+F1k2G1k+2+               |
  | B:D6k+7k+8E7+8k+9k+F78k+H5+               |
  | X:B5C2D4E6F3H6I1                          |
-> done: SetupSteps.GivenIDefine("WeirdSituation1", <table>) (0.0s)
Given I load this board:
  --- table step argument ---
  | New Game Board            |
  | Benediction v1: R-E2 B E8 |
  | R:D12E12k3F12             |
  | B:D78E78k9F78             |
-> done: SetupSteps.GivenILoad(<table>) (0.0s)
When the red player blockades e2
Rejected: Be2: Location E2 Not Empty
-> done: ActionSteps.WhenIBlockade(Red, E2) (0.0s)
Then the action fails
Failed with: Location E2 Not Empty
-> done: ValidationSteps.ThenTheActionFails() (0.0s)
]]></output>
                  </test-case>
                  <test-case id="0-1034" name="NoneOfTheseAreValidBlockLocations(&quot;e3&quot;,null)" fullname="Testing.Specflow.Features.GameRules.ExamplesFeature.NoneOfTheseAreValidBlockLocations(&quot;e3&quot;,null)" methodname="NoneOfTheseAreValidBlockLocations" classname="Testing.Specflow.Features.GameRules.ExamplesFeature" runstate="Runnable" seed="1379590259" result="Passed" start-time="2020-02-08 19:21:43Z" end-time="2020-02-08 19:21:43Z" duration="0.000367" asserts="4">
                    <output><![CDATA[Given I define board WeirdSituation1 as:
  --- table step argument ---
  | Any header here - the name doesn't matter |
  | Benediction v1: R E2 B-E8                 |
  | R:D1+2+E1k+2k+3k+F1k2G1k+2+               |
  | B:D6k+7k+8E7+8k+9k+F78k+H5+               |
  | X:B5C2D4E6F3H6I1                          |
-> done: SetupSteps.GivenIDefine("WeirdSituation1", <table>) (0.0s)
Given I load this board:
  --- table step argument ---
  | New Game Board            |
  | Benediction v1: R-E2 B E8 |
  | R:D12E12k3F12             |
  | B:D78E78k9F78             |
-> done: SetupSteps.GivenILoad(<table>) (0.0s)
When the red player blockades e3
Rejected: Be3: Location E3 Not Empty
-> done: ActionSteps.WhenIBlockade(Red, E3) (0.0s)
Then the action fails
Failed with: Location E3 Not Empty
-> done: ValidationSteps.ThenTheActionFails() (0.0s)
]]></output>
                  </test-case>
                  <test-case id="0-1035" name="NoneOfTheseAreValidBlockLocations(&quot;f1&quot;,null)" fullname="Testing.Specflow.Features.GameRules.ExamplesFeature.NoneOfTheseAreValidBlockLocations(&quot;f1&quot;,null)" methodname="NoneOfTheseAreValidBlockLocations" classname="Testing.Specflow.Features.GameRules.ExamplesFeature" runstate="Runnable" seed="1338853915" result="Passed" start-time="2020-02-08 19:21:43Z" end-time="2020-02-08 19:21:43Z" duration="0.000378" asserts="4">
                    <output><![CDATA[Given I define board WeirdSituation1 as:
  --- table step argument ---
  | Any header here - the name doesn't matter |
  | Benediction v1: R E2 B-E8                 |
  | R:D1+2+E1k+2k+3k+F1k2G1k+2+               |
  | B:D6k+7k+8E7+8k+9k+F78k+H5+               |
  | X:B5C2D4E6F3H6I1                          |
-> done: SetupSteps.GivenIDefine("WeirdSituation1", <table>) (0.0s)
Given I load this board:
  --- table step argument ---
  | New Game Board            |
  | Benediction v1: R-E2 B E8 |
  | R:D12E12k3F12             |
  | B:D78E78k9F78             |
-> done: SetupSteps.GivenILoad(<table>) (0.0s)
When the red player blockades f1
Rejected: Bf1: Location F1 Not Empty
-> done: ActionSteps.WhenIBlockade(Red, F1) (0.0s)
Then the action fails
Failed with: Location F1 Not Empty
-> done: ValidationSteps.ThenTheActionFails() (0.0s)
]]></output>
                  </test-case>
                  <test-case id="0-1036" name="NoneOfTheseAreValidBlockLocations(&quot;f2&quot;,null)" fullname="Testing.Specflow.Features.GameRules.ExamplesFeature.NoneOfTheseAreValidBlockLocations(&quot;f2&quot;,null)" methodname="NoneOfTheseAreValidBlockLocations" classname="Testing.Specflow.Features.GameRules.ExamplesFeature" runstate="Runnable" seed="1958154913" result="Passed" start-time="2020-02-08 19:21:43Z" end-time="2020-02-08 19:21:43Z" duration="0.000369" asserts="4">
                    <output><![CDATA[Given I define board WeirdSituation1 as:
  --- table step argument ---
  | Any header here - the name doesn't matter |
  | Benediction v1: R E2 B-E8                 |
  | R:D1+2+E1k+2k+3k+F1k2G1k+2+               |
  | B:D6k+7k+8E7+8k+9k+F78k+H5+               |
  | X:B5C2D4E6F3H6I1                          |
-> done: SetupSteps.GivenIDefine("WeirdSituation1", <table>) (0.0s)
Given I load this board:
  --- table step argument ---
  | New Game Board            |
  | Benediction v1: R-E2 B E8 |
  | R:D12E12k3F12             |
  | B:D78E78k9F78             |
-> done: SetupSteps.GivenILoad(<table>) (0.0s)
When the red player blockades f2
Rejected: Bf2: Location F2 Not Empty
-> done: ActionSteps.WhenIBlockade(Red, F2) (0.0s)
Then the action fails
Failed with: Location F2 Not Empty
-> done: ValidationSteps.ThenTheActionFails() (0.0s)
]]></output>
                  </test-case>
                  <test-case id="0-1037" name="NoneOfTheseAreValidBlockLocations(&quot;d7&quot;,null)" fullname="Testing.Specflow.Features.GameRules.ExamplesFeature.NoneOfTheseAreValidBlockLocations(&quot;d7&quot;,null)" methodname="NoneOfTheseAreValidBlockLocations" classname="Testing.Specflow.Features.GameRules.ExamplesFeature" runstate="Runnable" seed="1045485700" result="Passed" start-time="2020-02-08 19:21:43Z" end-time="2020-02-08 19:21:43Z" duration="0.000456" asserts="4">
                    <output><![CDATA[Given I define board WeirdSituation1 as:
  --- table step argument ---
  | Any header here - the name doesn't matter |
  | Benediction v1: R E2 B-E8                 |
  | R:D1+2+E1k+2k+3k+F1k2G1k+2+               |
  | B:D6k+7k+8E7+8k+9k+F78k+H5+               |
  | X:B5C2D4E6F3H6I1                          |
-> done: SetupSteps.GivenIDefine("WeirdSituation1", <table>) (0.0s)
Given I load this board:
  --- table step argument ---
  | New Game Board            |
  | Benediction v1: R-E2 B E8 |
  | R:D12E12k3F12             |
  | B:D78E78k9F78             |
-> done: SetupSteps.GivenILoad(<table>) (0.0s)
When the red player blockades d7
Rejected: Bd7: Location D7 Not Empty
-> done: ActionSteps.WhenIBlockade(Red, D7) (0.0s)
Then the action fails
Failed with: Location D7 Not Empty
-> done: ValidationSteps.ThenTheActionFails() (0.0s)
]]></output>
                  </test-case>
                  <test-case id="0-1038" name="NoneOfTheseAreValidBlockLocations(&quot;d8&quot;,null)" fullname="Testing.Specflow.Features.GameRules.ExamplesFeature.NoneOfTheseAreValidBlockLocations(&quot;d8&quot;,null)" methodname="NoneOfTheseAreValidBlockLocations" classname="Testing.Specflow.Features.GameRules.ExamplesFeature" runstate="Runnable" seed="1928117354" result="Passed" start-time="2020-02-08 19:21:43Z" end-time="2020-02-08 19:21:43Z" duration="0.000522" asserts="4">
                    <output><![CDATA[Given I define board WeirdSituation1 as:
  --- table step argument ---
  | Any header here - the name doesn't matter |
  | Benediction v1: R E2 B-E8                 |
  | R:D1+2+E1k+2k+3k+F1k2G1k+2+               |
  | B:D6k+7k+8E7+8k+9k+F78k+H5+               |
  | X:B5C2D4E6F3H6I1                          |
-> done: SetupSteps.GivenIDefine("WeirdSituation1", <table>) (0.0s)
Given I load this board:
  --- table step argument ---
  | New Game Board            |
  | Benediction v1: R-E2 B E8 |
  | R:D12E12k3F12             |
  | B:D78E78k9F78             |
-> done: SetupSteps.GivenILoad(<table>) (0.0s)
When the red player blockades d8
Rejected: Bd8: Location D8 Not Empty
-> done: ActionSteps.WhenIBlockade(Red, D8) (0.0s)
Then the action fails
Failed with: Location D8 Not Empty
-> done: ValidationSteps.ThenTheActionFails() (0.0s)
]]></output>
                  </test-case>
                  <test-case id="0-1039" name="NoneOfTheseAreValidBlockLocations(&quot;e7&quot;,null)" fullname="Testing.Specflow.Features.GameRules.ExamplesFeature.NoneOfTheseAreValidBlockLocations(&quot;e7&quot;,null)" methodname="NoneOfTheseAreValidBlockLocations" classname="Testing.Specflow.Features.GameRules.ExamplesFeature" runstate="Runnable" seed="2123739885" result="Passed" start-time="2020-02-08 19:21:43Z" end-time="2020-02-08 19:21:43Z" duration="0.000442" asserts="4">
                    <output><![CDATA[Given I define board WeirdSituation1 as:
  --- table step argument ---
  | Any header here - the name doesn't matter |
  | Benediction v1: R E2 B-E8                 |
  | R:D1+2+E1k+2k+3k+F1k2G1k+2+               |
  | B:D6k+7k+8E7+8k+9k+F78k+H5+               |
  | X:B5C2D4E6F3H6I1                          |
-> done: SetupSteps.GivenIDefine("WeirdSituation1", <table>) (0.0s)
Given I load this board:
  --- table step argument ---
  | New Game Board            |
  | Benediction v1: R-E2 B E8 |
  | R:D12E12k3F12             |
  | B:D78E78k9F78             |
-> done: SetupSteps.GivenILoad(<table>) (0.0s)
When the red player blockades e7
Rejected: Be7: Location E7 Not Empty
-> done: ActionSteps.WhenIBlockade(Red, E7) (0.0s)
Then the action fails
Failed with: Location E7 Not Empty
-> done: ValidationSteps.ThenTheActionFails() (0.0s)
]]></output>
                  </test-case>
                  <test-case id="0-1040" name="NoneOfTheseAreValidBlockLocations(&quot;e8&quot;,null)" fullname="Testing.Specflow.Features.GameRules.ExamplesFeature.NoneOfTheseAreValidBlockLocations(&quot;e8&quot;,null)" methodname="NoneOfTheseAreValidBlockLocations" classname="Testing.Specflow.Features.GameRules.ExamplesFeature" runstate="Runnable" seed="155833840" result="Passed" start-time="2020-02-08 19:21:43Z" end-time="2020-02-08 19:21:43Z" duration="0.000487" asserts="4">
                    <output><![CDATA[Given I define board WeirdSituation1 as:
  --- table step argument ---
  | Any header here - the name doesn't matter |
  | Benediction v1: R E2 B-E8                 |
  | R:D1+2+E1k+2k+3k+F1k2G1k+2+               |
  | B:D6k+7k+8E7+8k+9k+F78k+H5+               |
  | X:B5C2D4E6F3H6I1                          |
-> done: SetupSteps.GivenIDefine("WeirdSituation1", <table>) (0.0s)
Given I load this board:
  --- table step argument ---
  | New Game Board            |
  | Benediction v1: R-E2 B E8 |
  | R:D12E12k3F12             |
  | B:D78E78k9F78             |
-> done: SetupSteps.GivenILoad(<table>) (0.0s)
When the red player blockades e8
Rejected: Be8: Location E8 Not Empty
-> done: ActionSteps.WhenIBlockade(Red, E8) (0.0s)
Then the action fails
Failed with: Location E8 Not Empty
-> done: ValidationSteps.ThenTheActionFails() (0.0s)
]]></output>
                  </test-case>
                  <test-case id="0-1041" name="NoneOfTheseAreValidBlockLocations(&quot;e9&quot;,null)" fullname="Testing.Specflow.Features.GameRules.ExamplesFeature.NoneOfTheseAreValidBlockLocations(&quot;e9&quot;,null)" methodname="NoneOfTheseAreValidBlockLocations" classname="Testing.Specflow.Features.GameRules.ExamplesFeature" runstate="Runnable" seed="116094409" result="Passed" start-time="2020-02-08 19:21:43Z" end-time="2020-02-08 19:21:43Z" duration="0.000625" asserts="4">
                    <output><![CDATA[Given I define board WeirdSituation1 as:
  --- table step argument ---
  | Any header here - the name doesn't matter |
  | Benediction v1: R E2 B-E8                 |
  | R:D1+2+E1k+2k+3k+F1k2G1k+2+               |
  | B:D6k+7k+8E7+8k+9k+F78k+H5+               |
  | X:B5C2D4E6F3H6I1                          |
-> done: SetupSteps.GivenIDefine("WeirdSituation1", <table>) (0.0s)
Given I load this board:
  --- table step argument ---
  | New Game Board            |
  | Benediction v1: R-E2 B E8 |
  | R:D12E12k3F12             |
  | B:D78E78k9F78             |
-> done: SetupSteps.GivenILoad(<table>) (0.0s)
When the red player blockades e9
Rejected: Be9: Location E9 Not Empty
-> done: ActionSteps.WhenIBlockade(Red, E9) (0.0s)
Then the action fails
Failed with: Location E9 Not Empty
-> done: ValidationSteps.ThenTheActionFails() (0.0s)
]]></output>
                  </test-case>
                  <test-case id="0-1042" name="NoneOfTheseAreValidBlockLocations(&quot;f7&quot;,null)" fullname="Testing.Specflow.Features.GameRules.ExamplesFeature.NoneOfTheseAreValidBlockLocations(&quot;f7&quot;,null)" methodname="NoneOfTheseAreValidBlockLocations" classname="Testing.Specflow.Features.GameRules.ExamplesFeature" runstate="Runnable" seed="1934885158" result="Passed" start-time="2020-02-08 19:21:43Z" end-time="2020-02-08 19:21:43Z" duration="0.000539" asserts="4">
                    <output><![CDATA[Given I define board WeirdSituation1 as:
  --- table step argument ---
  | Any header here - the name doesn't matter |
  | Benediction v1: R E2 B-E8                 |
  | R:D1+2+E1k+2k+3k+F1k2G1k+2+               |
  | B:D6k+7k+8E7+8k+9k+F78k+H5+               |
  | X:B5C2D4E6F3H6I1                          |
-> done: SetupSteps.GivenIDefine("WeirdSituation1", <table>) (0.0s)
Given I load this board:
  --- table step argument ---
  | New Game Board            |
  | Benediction v1: R-E2 B E8 |
  | R:D12E12k3F12             |
  | B:D78E78k9F78             |
-> done: SetupSteps.GivenILoad(<table>) (0.0s)
When the red player blockades f7
Rejected: Bf7: Location F7 Not Empty
-> done: ActionSteps.WhenIBlockade(Red, F7) (0.0s)
Then the action fails
Failed with: Location F7 Not Empty
-> done: ValidationSteps.ThenTheActionFails() (0.0s)
]]></output>
                  </test-case>
                  <test-case id="0-1043" name="NoneOfTheseAreValidBlockLocations(&quot;f8&quot;,null)" fullname="Testing.Specflow.Features.GameRules.ExamplesFeature.NoneOfTheseAreValidBlockLocations(&quot;f8&quot;,null)" methodname="NoneOfTheseAreValidBlockLocations" classname="Testing.Specflow.Features.GameRules.ExamplesFeature" runstate="Runnable" seed="1460925399" result="Passed" start-time="2020-02-08 19:21:43Z" end-time="2020-02-08 19:21:43Z" duration="0.001794" asserts="4">
                    <output><![CDATA[Given I define board WeirdSituation1 as:
  --- table step argument ---
  | Any header here - the name doesn't matter |
  | Benediction v1: R E2 B-E8                 |
  | R:D1+2+E1k+2k+3k+F1k2G1k+2+               |
  | B:D6k+7k+8E7+8k+9k+F78k+H5+               |
  | X:B5C2D4E6F3H6I1                          |
-> done: SetupSteps.GivenIDefine("WeirdSituation1", <table>) (0.0s)
Given I load this board:
  --- table step argument ---
  | New Game Board            |
  | Benediction v1: R-E2 B E8 |
  | R:D12E12k3F12             |
  | B:D78E78k9F78             |
-> done: SetupSteps.GivenILoad(<table>) (0.0s)
When the red player blockades f8
Rejected: Bf8: Location F8 Not Empty
-> done: ActionSteps.WhenIBlockade(Red, F8) (0.0s)
Then the action fails
Failed with: Location F8 Not Empty
-> done: ValidationSteps.ThenTheActionFails() (0.0s)
]]></output>
                  </test-case>
                </test-suite>
                <test-case id="0-1025" name="PerformSomeMoves" fullname="Testing.Specflow.Features.GameRules.ExamplesFeature.PerformSomeMoves" methodname="PerformSomeMoves" classname="Testing.Specflow.Features.GameRules.ExamplesFeature" runstate="Runnable" seed="1076480565" result="Passed" start-time="2020-02-08 19:21:43Z" end-time="2020-02-08 19:21:43Z" duration="0.001914" asserts="6">
                  <properties>
                    <property name="Description" value="Perform Some Moves" />
                  </properties>
                  <output><![CDATA[Given I define board WeirdSituation1 as:
  --- table step argument ---
  | Any header here - the name doesn't matter |
  | Benediction v1: R E2 B-E8                 |
  | R:D1+2+E1k+2k+3k+F1k2G1k+2+               |
  | B:D6k+7k+8E7+8k+9k+F78k+H5+               |
  | X:B5C2D4E6F3H6I1                          |
-> done: SetupSteps.GivenIDefine("WeirdSituation1", <table>) (0.0s)
Given I load this board:
  --- table step argument ---
  | New Game Board            |
  | Benediction v1: R-E2 B E8 |
  | R:D12E12k3F12             |
  | B:D78E78k9F78             |
-> done: SetupSteps.GivenILoad(<table>) (0.0s)
When the red player moves the piece at e3 to e4
Accepted: e3e4
-> done: ActionSteps.WhenIMove(Red, E3, E4) (0.0s)
When the red player drops a new piece at e3
Accepted: @e3
-> done: ActionSteps.WhenIDrop(Red, E3) (0.0s)
When the blue player blockades c2
Accepted: Bc2
-> done: ActionSteps.WhenIBlockade(Blue, C2) (0.0s)
When the blue player merges the piece at f7 into e7
Accepted: f7+e7
-> done: ActionSteps.WhenIMerge(Blue, F7, E7) (0.0s)
When the red player merges the piece at e4 into e3
Accepted: e4+e3
-> done: ActionSteps.WhenIMerge(Red, E4, E3) (0.0s)
When the red player splits 1 piece from e3 onto d2
Accepted: e3-1-d2
-> done: ActionSteps.WhenISplit(Red, "1", E3, D2) (0.0s)
]]></output>
                </test-case>
                <test-case id="0-1026" name="PerformSomeMoves_ShortNotation" fullname="Testing.Specflow.Features.GameRules.ExamplesFeature.PerformSomeMoves_ShortNotation" methodname="PerformSomeMoves_ShortNotation" classname="Testing.Specflow.Features.GameRules.ExamplesFeature" runstate="Runnable" seed="1944781468" result="Passed" start-time="2020-02-08 19:21:43Z" end-time="2020-02-08 19:21:43Z" duration="0.001776" asserts="22">
                  <properties>
                    <property name="Description" value="Perform Some Moves - Short Notation" />
                  </properties>
                  <output><![CDATA[Given I define board WeirdSituation1 as:
  --- table step argument ---
  | Any header here - the name doesn't matter |
  | Benediction v1: R E2 B-E8                 |
  | R:D1+2+E1k+2k+3k+F1k2G1k+2+               |
  | B:D6k+7k+8E7+8k+9k+F78k+H5+               |
  | X:B5C2D4E6F3H6I1                          |
-> done: SetupSteps.GivenIDefine("WeirdSituation1", <table>) (0.0s)
Given I load this board:
  --- table step argument ---
  | New Game Board            |
  | Benediction v1: R-E2 B E8 |
  | R:D12E12k3F12             |
  | B:D78E78k9F78             |
-> done: SetupSteps.GivenILoad(<table>) (0.0s)
When red does e3e4
Accepted: e3e4
-> done: ActionSteps.WhenDoes(Red, "e3e4") (0.0s)
When red does @e3
Accepted: @e3
-> done: ActionSteps.WhenDoes(Red, "@e3") (0.0s)
When blue does Bc2
Accepted: Bc2
-> done: ActionSteps.WhenDoes(Blue, "Bc2") (0.0s)
When blue does f7+e7
Accepted: f7+e7
-> done: ActionSteps.WhenDoes(Blue, "f7+e7") (0.0s)
When red does e4+e3
Accepted: e4+e3
-> done: ActionSteps.WhenDoes(Red, "e4+e3") (0.0s)
When red does e3-1-d2
Accepted: e3-1-d2
-> done: ActionSteps.WhenDoes(Red, "e3-1-d2") (0.0s)
]]></output>
                </test-case>
                <test-case id="0-1027" name="PerformSomeMoves_TableNotation" fullname="Testing.Specflow.Features.GameRules.ExamplesFeature.PerformSomeMoves_TableNotation" methodname="PerformSomeMoves_TableNotation" classname="Testing.Specflow.Features.GameRules.ExamplesFeature" runstate="Runnable" seed="775652777" result="Passed" start-time="2020-02-08 19:21:43Z" end-time="2020-02-08 19:21:43Z" duration="0.006339" asserts="141">
                  <properties>
                    <property name="Description" value="Perform Some Moves - Table Notation" />
                  </properties>
                  <output><![CDATA[Given I define board WeirdSituation1 as:
  --- table step argument ---
  | Any header here - the name doesn't matter |
  | Benediction v1: R E2 B-E8                 |
  | R:D1+2+E1k+2k+3k+F1k2G1k+2+               |
  | B:D6k+7k+8E7+8k+9k+F78k+H5+               |
  | X:B5C2D4E6F3H6I1                          |
-> done: SetupSteps.GivenIDefine("WeirdSituation1", <table>) (0.0s)
Given I load this board:
  --- table step argument ---
  | New Game Board            |
  | Benediction v1: R-E2 B E8 |
  | R:D12E12k3F12             |
  | B:D78E78k9F78             |
-> done: SetupSteps.GivenILoad(<table>) (0.0s)
When the following moves are performed:
  --- table step argument ---
  | RedAction1 | RedAction2 | BlueAction1 | BlueAction2 |
  | f1+f2      | f2-1-g2    | e8+e9       | Bi3         |
  | e3+d2      | Bb5        | f7+f8       | f8f7        |
  | d2c1       | e1f1       | Ba2         | f7-1-g7     |
  | e2e3       | d1e1       | Bf8         | f7g6        |
  | Bg1        | Bb1        | Bd4         | d7+e7       |
  | f1+e1      | f2e2       | @d7         | d7+d8       |
  | @f2        | f2+e2      | @d7         | @e8         |
  | @f2        | e3+f2      | e8+d7       | @e8         |
  | @d1        | @e3        | @f7         | f7+e8       |
  | @f1        | @d2        | @f7         | Bd6         |
Accepted: f1+f2
Accepted: f2-1-g2
Accepted: e8+e9
Accepted: Bi3
Accepted: e3+d2
Accepted: Bb5
Accepted: f7+f8
Accepted: f8f7
Accepted: d2c1
Accepted: e1f1
Accepted: Ba2
Accepted: f7-1-g7
Accepted: e2e3
Accepted: d1e1
Accepted: Bf8
Accepted: f7g6
Accepted: Bg1
Accepted: Bb1
Accepted: Bd4
Accepted: d7+e7
Accepted: f1+e1
Accepted: f2e2
Accepted: @d7
Accepted: d7+d8
Accepted: @f2
Accepted: f2+e2
Accepted: @d7
Accepted: @e8
Accepted: @f2
Accepted: e3+f2
Accepted: e8+d7
Accepted: @e8
Accepted: @d1
Accepted: @e3
Accepted: @f7
Accepted: f7+e8
Accepted: @f1
Accepted: @d2
Accepted: @f7
Accepted: Bd6
-> done: ActionSteps.WhenTheFollowingMoves(<table>) (0.0s)
]]></output>
                </test-case>
                <test-case id="0-1023" name="StartFromAnEmptyBoard" fullname="Testing.Specflow.Features.GameRules.ExamplesFeature.StartFromAnEmptyBoard" methodname="StartFromAnEmptyBoard" classname="Testing.Specflow.Features.GameRules.ExamplesFeature" runstate="Runnable" seed="206367714" result="Passed" start-time="2020-02-08 19:21:43Z" end-time="2020-02-08 19:21:43Z" duration="0.001999" asserts="2">
                  <properties>
                    <property name="Description" value="Start From an Empty Board" />
                  </properties>
                  <output><![CDATA[Given I define board WeirdSituation1 as:
  --- table step argument ---
  | Any header here - the name doesn't matter |
  | Benediction v1: R E2 B-E8                 |
  | R:D1+2+E1k+2k+3k+F1k2G1k+2+               |
  | B:D6k+7k+8E7+8k+9k+F78k+H5+               |
  | X:B5C2D4E6F3H6I1                          |
-> done: SetupSteps.GivenIDefine("WeirdSituation1", <table>) (0.0s)
Given I have an empty E2 E8 board
Loaded empty game board with Red Home at E2 and Blue Home at E8
-> done: SetupSteps.GivenIHaveAnEmptyBoard(E2, E8) (0.0s)
And I add this red piece: E3k+
-> done: SetupSteps.GivenIAddPieces(Red, "E3k+") (0.0s)
And I add these blue pieces: D45+E56k7F5++++6+b+++7+++++
-> done: SetupSteps.GivenIAddPieces(Blue, "D45+E56k7F5++++6+...") (0.0s)
]]></output>
                </test-case>
              </test-suite>
              <test-suite type="TestFixture" id="0-1045" name="MergeRulesFeature" fullname="Testing.Specflow.Features.GameRules.MergeRulesFeature" classname="Testing.Specflow.Features.GameRules.MergeRulesFeature" runstate="Runnable" testcasecount="14" result="Passed" start-time="2020-02-08 19:21:43Z" end-time="2020-02-08 19:21:43Z" duration="0.292294" total="14" passed="14" failed="0" warnings="0" inconclusive="0" skipped="0" asserts="82">
                <properties>
                  <property name="Description" value="Merge Rules" />
                  <property name="Category" value="every-change" />
                </properties>
                <test-case id="0-1059" name="CannotMergeAboveStackSizeFifteen" fullname="Testing.Specflow.Features.GameRules.MergeRulesFeature.CannotMergeAboveStackSizeFifteen" methodname="CannotMergeAboveStackSizeFifteen" classname="Testing.Specflow.Features.GameRules.MergeRulesFeature" runstate="Runnable" seed="635569671" result="Passed" start-time="2020-02-08 19:21:43Z" end-time="2020-02-08 19:21:43Z" duration="0.037261" asserts="20">
                  <properties>
                    <property name="Description" value="Cannot Merge Above Stack Size Fifteen" />
                  </properties>
                  <output><![CDATA[Given I define board NewGame as:
  --- table step argument ---
  | New Game Board            |
  | Benediction v1: R-E2 B E8 |
  | R:D12E12k3F12             |
  | B:D78E78k9F78             |
-> done: SetupSteps.GivenIDefine("NewGame", <table>) (0.0s)
Given I load this board
  --- table step argument ---
  | Board                                                       |
  | Benediction v1: R-E2 B E8                                   |
  | R:D1b+++++++++++++2b++++++++++++++E1+2k3b+++++++F12b+++++++ |
  | B:D78E78k9F78                                               |
![Board Snapshot](https://raw.githubusercontent.com/MichaelSpencerJr/BenedictionGame/master/testruns/images/b27181cc-4da3-da5d-d8d1-f617dc82b43a.png?raw=true)
-> done: SetupSteps.GivenILoad(<table>) (0.0s)
When the red player merges the piece at f2 into e3
Rejected: f2+e3: Merging Stacks Size 8 and 8 Exceeds 15 Max
-> done: ActionSteps.WhenIMerge(Red, F2, E3) (0.0s)
Then the action fails
Failed with: Merging Stacks Size 8 and 8 Exceeds 15 Max
-> done: ValidationSteps.ThenTheActionFails() (0.0s)
When the red player merges the piece at d2 into e2
Rejected: d2+e2: Merging Stacks Size 15 and 1 Exceeds 15 Max
-> done: ActionSteps.WhenIMerge(Red, D2, E2) (0.0s)
Then the action fails
Failed with: Merging Stacks Size 15 and 1 Exceeds 15 Max
-> done: ValidationSteps.ThenTheActionFails() (0.0s)
When the red player merges the piece at d2 into e3
Rejected: d2+e3: Merging Stacks Size 15 and 8 Exceeds 15 Max
-> done: ActionSteps.WhenIMerge(Red, D2, E3) (0.0s)
Then the action fails
Failed with: Merging Stacks Size 15 and 8 Exceeds 15 Max
-> done: ValidationSteps.ThenTheActionFails() (0.0s)
When the red player merges the piece at d2 into d1
Rejected: d2+d1: Merging Stacks Size 15 and 14 Exceeds 15 Max
-> done: ActionSteps.WhenIMerge(Red, D2, D1) (0.0s)
Then the action fails
Failed with: Merging Stacks Size 15 and 14 Exceeds 15 Max
-> done: ValidationSteps.ThenTheActionFails() (0.0s)
When the red player merges the piece at d1 into e1
Rejected: d1+e1: Merging Stacks Size 14 and 2 Exceeds 15 Max
-> done: ActionSteps.WhenIMerge(Red, D1, E1) (0.0s)
Then the action fails
Failed with: Merging Stacks Size 14 and 2 Exceeds 15 Max
-> done: ValidationSteps.ThenTheActionFails() (0.0s)
]]></output>
                </test-case>
                <test-case id="0-1053" name="CannotMergeCursedAndCursed" fullname="Testing.Specflow.Features.GameRules.MergeRulesFeature.CannotMergeCursedAndCursed" methodname="CannotMergeCursedAndCursed" classname="Testing.Specflow.Features.GameRules.MergeRulesFeature" runstate="Runnable" seed="1054104921" result="Passed" start-time="2020-02-08 19:21:43Z" end-time="2020-02-08 19:21:43Z" duration="0.025593" asserts="4">
                  <properties>
                    <property name="Description" value="Cannot Merge Cursed and Cursed" />
                  </properties>
                  <output><![CDATA[Given I define board NewGame as:
  --- table step argument ---
  | New Game Board            |
  | Benediction v1: R-E2 B E8 |
  | R:D12E12k3F12             |
  | B:D78E78k9F78             |
-> done: SetupSteps.GivenIDefine("NewGame", <table>) (0.0s)
Given I load this board
  --- table step argument ---
  | Board                     |
  | Benediction v1: R-E2 B E8 |
  | R:D12E12k3F1c2c           |
  | B:D78E78k9F78             |
![Board Snapshot](https://raw.githubusercontent.com/MichaelSpencerJr/BenedictionGame/master/testruns/images/b53c4abd-3ff0-0046-c86c-c16cf82ad695.png?raw=true)
-> done: SetupSteps.GivenILoad(<table>) (0.0s)
When the red player merges the piece at f2 into f1
Rejected: f2+f1: Cursed Pieces Can Only Merge With Blessed Pieces
-> done: ActionSteps.WhenIMerge(Red, F2, F1) (0.0s)
Then the action fails
Failed with: Cursed Pieces Can Only Merge With Blessed Pieces
-> done: ValidationSteps.ThenTheActionFails() (0.0s)
]]></output>
                </test-case>
                <test-case id="0-1057" name="CannotMergeCursedAndKing" fullname="Testing.Specflow.Features.GameRules.MergeRulesFeature.CannotMergeCursedAndKing" methodname="CannotMergeCursedAndKing" classname="Testing.Specflow.Features.GameRules.MergeRulesFeature" runstate="Runnable" seed="587049489" result="Passed" start-time="2020-02-08 19:21:43Z" end-time="2020-02-08 19:21:43Z" duration="0.021809" asserts="4">
                  <properties>
                    <property name="Description" value="Cannot Merge Cursed and King" />
                  </properties>
                  <output><![CDATA[Given I define board NewGame as:
  --- table step argument ---
  | New Game Board            |
  | Benediction v1: R-E2 B E8 |
  | R:D12E12k3F12             |
  | B:D78E78k9F78             |
-> done: SetupSteps.GivenIDefine("NewGame", <table>) (0.0s)
Given I load this board
  --- table step argument ---
  | Board                     |
  | Benediction v1: R-E2 B E8 |
  | R:D12E12k3F12c            |
  | B:D78E78k9F78             |
![Board Snapshot](https://raw.githubusercontent.com/MichaelSpencerJr/BenedictionGame/master/testruns/images/7702661f-3c93-feed-fda8-45ce88ada492.png?raw=true)
-> done: SetupSteps.GivenILoad(<table>) (0.0s)
When the red player merges the piece at f2 into e2
Rejected: f2+e2: Cursed Pieces Can Only Merge With Blessed Pieces
[...]
                  <output><![CDATA[Given I define board NewGame as:
  --- table step argument ---
  | New Game Board            |
  | Benediction v1: R-E2 B E8 |
  | R:D12E12k3F12             |
  | B:D78E78k9F78             |
-> done: SetupSteps.GivenIDefine("NewGame", <table>) (0.0s)
Given I load this board:
  --- table step argument ---
  | Board                     |
  | Benediction v1: R-E2 B E8 |
  | R:D12E12k3F12G7c+++       |
  | B:D78E78k9F78             |
![Board Snapshot](https://raw.githubusercontent.com/MichaelSpencerJr/BenedictionGame/master/testruns/images/14834f1a-0949-c832-9dfe-9169816ff274.png?raw=true)
-> done: SetupSteps.GivenILoad(<table>) (0.0s)
When the red player splits 2 pieces from g7 onto g1
Accepted: g7-2-g1
-> done: ActionSteps.WhenISplit(Red, "2", G7, G1) (0.0s)
Then the action succeeds
-> done: ValidationSteps.ThenTheActionSucceeds() (0.0s)
And there should be a red cursed two-stack on g7
-> done: ValidationSteps.ThenThereShouldBeCursed(Red, "two", G7) (0.0s)
And there should be a red cursed two-stack on g1
-> done: ValidationSteps.ThenThereShouldBeCursed(Red, "two", G1) (0.0s)
]]></output>
                </test-case>
                <test-case id="0-1110" name="CursedPieceWrappingAroundOntoHomeBecomesKing" fullname="Testing.Specflow.Features.GameRules.WrapAroundRulesFeature.CursedPieceWrappingAroundOntoHomeBecomesKing" methodname="CursedPieceWrappingAroundOntoHomeBecomesKing" classname="Testing.Specflow.Features.GameRules.WrapAroundRulesFeature" runstate="Runnable" seed="189654167" result="Passed" start-time="2020-02-08 19:21:44Z" end-time="2020-02-08 19:21:44Z" duration="0.024609" asserts="3">
                  <properties>
                    <property name="Description" value="Cursed Piece Wrapping Around Onto Home Becomes King" />
                  </properties>
                  <output><![CDATA[Given I define board NewGame as:
  --- table step argument ---
  | New Game Board            |
  | Benediction v1: R-E2 B E8 |
  | R:D12E12k3F12             |
  | B:D78E78k9F78             |
-> done: SetupSteps.GivenIDefine("NewGame", <table>) (0.0s)
Given I load this board
  --- table step argument ---
  | Board                     |
  | Benediction v1: R-E2 B E8 |
  | R:D1+3E3k+7c9c+           |
  | B:B4C3+6c7cD68G5k         |
![Board Snapshot](https://raw.githubusercontent.com/MichaelSpencerJr/BenedictionGame/master/testruns/images/d973474a-a16c-9a07-4e99-2bb1e850a26d.png?raw=true)
-> done: SetupSteps.GivenILoad(<table>) (0.0s)
When the red player moves the piece at e9 to e2
Accepted: e9e2
-> done: ActionSteps.WhenIMove(Red, E9, E2) (0.0s)
Then the action succeeds
-> done: ValidationSteps.ThenTheActionSucceeds() (0.0s)
And the board has red pieces matching: D1+3E2k+3k+7c
Successfully validated 5 Red pieces.
-> done: ValidationSteps.ThenTheBoardHasPiecesMatching(Red, "D1+3E2k+3k+7c") (0.0s)
]]></output>
                </test-case>
                <test-case id="0-1107" name="CursedPieceWrappingAroundRemainsCursed" fullname="Testing.Specflow.Features.GameRules.WrapAroundRulesFeature.CursedPieceWrappingAroundRemainsCursed" methodname="CursedPieceWrappingAroundRemainsCursed" classname="Testing.Specflow.Features.GameRules.WrapAroundRulesFeature" runstate="Runnable" seed="1364427745" result="Passed" start-time="2020-02-08 19:21:44Z" end-time="2020-02-08 19:21:44Z" duration="0.022246" asserts="6">
                  <properties>
                    <property name="Description" value="Cursed Piece Wrapping Around Remains Cursed" />
                  </properties>
                  <output><![CDATA[Given I define board NewGame as:
  --- table step argument ---
  | New Game Board            |
  | Benediction v1: R-E2 B E8 |
  | R:D12E12k3F12             |
  | B:D78E78k9F78             |
-> done: SetupSteps.GivenIDefine("NewGame", <table>) (0.0s)
Given I have board NewGame
![Board Snapshot](https://raw.githubusercontent.com/MichaelSpencerJr/BenedictionGame/master/testruns/images/b50cb248-3720-e98d-f5a2-c04c3545857a.png?raw=true)
Loaded board NewGame.
-> done: SetupSteps.GivenIHaveNamedBoard("NewGame") (0.0s)
And I add this red piece: I5c
![Board Snapshot](https://raw.githubusercontent.com/MichaelSpencerJr/BenedictionGame/master/testruns/images/b58cce8c-0fb0-0879-1fcd-45fcc2b5395d.png?raw=true)
-> done: SetupSteps.GivenIAddPieces(Red, "I5c") (0.0s)
When the red player moves the piece at i5 to a1
Accepted: i5a1
-> done: ActionSteps.WhenIMove(Red, I5, A1) (0.0s)
Then the action succeeds
-> done: ValidationSteps.ThenTheActionSucceeds() (0.0s)
And the board has red pieces matching: A1cD12E12k3F12
Successfully validated 8 Red pieces.
-> done: ValidationSteps.ThenTheBoardHasPiecesMatching(Red, "A1cD12E12k3F12") (0.0s)
]]></output>
                </test-case>
                <test-case id="0-1127" name="KingStackWrappingAroundAndSplitMergingOntoPieceRemainsBlessedAndWinsGame" fullname="Testing.Specflow.Features.GameRules.WrapAroundRulesFeature.KingStackWrappingAroundAndSplitMergingOntoPieceRemainsBlessedAndWinsGame" methodname="KingStackWrappingAroundAndSplitMergingOntoPieceRemainsBlessedAndWinsGame" classname="Testing.Specflow.Features.GameRules.WrapAroundRulesFeature" runstate="Runnable" seed="1628755111" result="Inconclusive" start-time="2020-02-08 19:21:44Z" end-time="2020-02-08 19:21:44Z" duration="0.003774" asserts="0">
                  <properties>
                    <property name="Description" value="King Stack Wrapping Around and Split Merging Onto Piece Remains Blessed and Wins Game" />
                  </properties>
                  <output><![CDATA[Given I define board NewGame as:
  --- table step argument ---
  | New Game Board            |
  | Benediction v1: R-E2 B E8 |
  | R:D12E12k3F12             |
  | B:D78E78k9F78             |
-> done: SetupSteps.GivenIDefine("NewGame", <table>) (0.0s)
Given this test isn't written yet
-> error: 
]]></output>
                </test-case>
                <test-case id="0-1126" name="KingWrappingAroundAndMergingOntoPieceRemainsBlessedAndWinsGame" fullname="Testing.Specflow.Features.GameRules.WrapAroundRulesFeature.KingWrappingAroundAndMergingOntoPieceRemainsBlessedAndWinsGame" methodname="KingWrappingAroundAndMergingOntoPieceRemainsBlessedAndWinsGame" classname="Testing.Specflow.Features.GameRules.WrapAroundRulesFeature" runstate="Runnable" seed="1226929871" result="Inconclusive" start-time="2020-02-08 19:21:44Z" end-time="2020-02-08 19:21:44Z" duration="0.002027" asserts="0">
                  <properties>
                    <property name="Description" value="King Wrapping Around And Merging Onto Piece Remains Blessed and Wins Game" />
                  </properties>
                  <output><![CDATA[Given I define board NewGame as:
  --- table step argument ---
  | New Game Board            |
  | Benediction v1: R-E2 B E8 |
  | R:D12E12k3F12             |
  | B:D78E78k9F78             |
-> done: SetupSteps.GivenIDefine("NewGame", <table>) (0.0s)
Given this test isn't written yet
-> error: 
]]></output>
                </test-case>
                <test-case id="0-1115" name="KingWrappingAroundOntoHomeWinsGame" fullname="Testing.Specflow.Features.GameRules.WrapAroundRulesFeature.KingWrappingAroundOntoHomeWinsGame" methodname="KingWrappingAroundOntoHomeWinsGame" classname="Testing.Specflow.Features.GameRules.WrapAroundRulesFeature" runstate="Runnable" seed="885884827" result="Passed" start-time="2020-02-08 19:21:44Z" end-time="2020-02-08 19:21:44Z" duration="0.030952" asserts="4">
                  <properties>
                    <property name="Description" value="King Wrapping Around Onto Home Wins Game" />
                  </properties>
                  <output><![CDATA[Given I define board NewGame as:
  --- table step argument ---
  | New Game Board            |
  | Benediction v1: R-E2 B E8 |
  | R:D12E12k3F12             |
  | B:D78E78k9F78             |
-> done: SetupSteps.GivenIDefine("NewGame", <table>) (0.0s)
Given I load this board
  --- table step argument ---
  | Board                     |
  | Benediction v1: R=E2 B E8 |
  | R:E7+8k++                 |
  | B:B3+6+C1k2k              |
  | X:A35B2D46                |
![Board Snapshot](https://raw.githubusercontent.com/MichaelSpencerJr/BenedictionGame/master/testruns/images/539e5cea-5e4f-6fae-2925-ff3447268740.png?raw=true)
-> done: SetupSteps.GivenILoad(<table>) (0.0s)
When the red player moves the piece on e8 to e2
Accepted: e8e2
-> done: ActionSteps.WhenIMove(Red, E8, E2) (0.0s)
Then the action succeeds
-> done: ValidationSteps.ThenTheActionSucceeds() (0.0s)
And the game is over and red has won
-> done: ValidationSteps.GameOver(Red) (0.0s)
]]></output>
                </test-case>
                <test-case id="0-1114" name="KingWrappingAroundOntoRegularSpaceWinsGame" fullname="Testing.Specflow.Features.GameRules.WrapAroundRulesFeature.KingWrappingAroundOntoRegularSpaceWinsGame" methodname="KingWrappingAroundOntoRegularSpaceWinsGame" classname="Testing.Specflow.Features.GameRules.WrapAroundRulesFeature" runstate="Runnable" seed="1505942849" result="Passed" start-time="2020-02-08 19:21:44Z" end-time="2020-02-08 19:21:44Z" duration="0.021380" asserts="4">
                  <properties>
                    <property name="Description" value="King Wrapping Around Onto Regular Space Wins Game" />
                  </properties>
                  <output><![CDATA[Given I define board NewGame as:
  --- table step argument ---
  | New Game Board            |
  | Benediction v1: R-E2 B E8 |
  | R:D12E12k3F12             |
  | B:D78E78k9F78             |
-> done: SetupSteps.GivenIDefine("NewGame", <table>) (0.0s)
Given I load this board
  --- table step argument ---
  | Board                     |
  | Benediction v1: R E2 B-E8 |
  | R:E7+H5k++                |
  | B:B6+C1k2k3+              |
  | X:A35B2D4                 |
![Board Snapshot](https://raw.githubusercontent.com/MichaelSpencerJr/BenedictionGame/master/testruns/images/29ed879d-c90c-0446-8e3a-c0dc90933b77.png?raw=true)
-> done: SetupSteps.GivenILoad(<table>) (0.0s)
When the blue player moves the piece on c1 to c7
Accepted: c1c7
-> done: ActionSteps.WhenIMove(Blue, C1, C7) (0.0s)
Then the action succeeds
-> done: ValidationSteps.ThenTheActionSucceeds() (0.0s)
And the game is over and blue has won
-> done: ValidationSteps.GameOver(Blue) (0.0s)
]]></output>
                </test-case>
                <test-case id="0-1108" name="NormalPieceWrappingAroundBecomesBlessed" fullname="Testing.Specflow.Features.GameRules.WrapAroundRulesFeature.NormalPieceWrappingAroundBecomesBlessed" methodname="NormalPieceWrappingAroundBecomesBlessed" classname="Testing.Specflow.Features.GameRules.WrapAroundRulesFeature" runstate="Runnable" seed="1634385680" result="Passed" start-time="2020-02-08 19:21:44Z" end-time="2020-02-08 19:21:44Z" duration="0.026846" asserts="6">
                  <properties>
                    <property name="Description" value="Normal Piece Wrapping Around Becomes Blessed" />
                  </properties>
                  <output><![CDATA[Given I define board NewGame as:
  --- table step argument ---
  | New Game Board            |
  | Benediction v1: R-E2 B E8 |
  | R:D12E12k3F12             |
  | B:D78E78k9F78             |
-> done: SetupSteps.GivenIDefine("NewGame", <table>) (0.0s)
Given I have board NewGame
![Board Snapshot](https://raw.githubusercontent.com/MichaelSpencerJr/BenedictionGame/master/testruns/images/b50cb248-3720-e98d-f5a2-c04c3545857a.png?raw=true)
Loaded board NewGame.
-> done: SetupSteps.GivenIHaveNamedBoard("NewGame") (0.0s)
And I add this red piece: I5
![Board Snapshot](https://raw.githubusercontent.com/MichaelSpencerJr/BenedictionGame/master/testruns/images/a1573ad0-761c-3260-c032-2f426d00808a.png?raw=true)
-> done: SetupSteps.GivenIAddPieces(Red, "I5") (0.0s)
When the red player moves the piece at i5 to a1
Accepted: i5a1
-> done: ActionSteps.WhenIMove(Red, I5, A1) (0.0s)
Then the action succeeds
-> done: ValidationSteps.ThenTheActionSucceeds() (0.0s)
And the board has red pieces matching: A1bD12E12k3F12
Successfully validated 8 Red pieces.
-> done: ValidationSteps.ThenTheBoardHasPiecesMatching(Red, "A1bD12E12k3F12") (0.0s)
]]></output>
                </test-case>
                <test-case id="0-1111" name="NormalPieceWrappingAroundOntoHomeBecomesKing" fullname="Testing.Specflow.Features.GameRules.WrapAroundRulesFeature.NormalPieceWrappingAroundOntoHomeBecomesKing" methodname="NormalPieceWrappingAroundOntoHomeBecomesKing" classname="Testing.Specflow.Features.GameRules.WrapAroundRulesFeature" runstate="Runnable" seed="220346557" result="Passed" start-time="2020-02-08 19:21:44Z" end-time="2020-02-08 19:21:44Z" duration="0.031081" asserts="3">
                  <properties>
                    <property name="Description" value="Normal Piece Wrapping Around Onto Home Becomes King" />
                  </properties>
                  <output><![CDATA[Given I define board NewGame as:
  --- table step argument ---
  | New Game Board            |
  | Benediction v1: R-E2 B E8 |
  | R:D12E12k3F12             |
  | B:D78E78k9F78             |
-> done: SetupSteps.GivenIDefine("NewGame", <table>) (0.0s)
Given I load this board
  --- table step argument ---
  | Board                     |
  | Benediction v1: R E2 B-E8 |
  | R:E2k+3k+47cG4+           |
  | B:B4C6c7cD678E1+H4k       |
  | X:G3                      |
![Board Snapshot](https://raw.githubusercontent.com/MichaelSpencerJr/BenedictionGame/master/testruns/images/a1f2b0ad-7167-6a41-119f-db58b3102384.png?raw=true)
-> done: SetupSteps.GivenILoad(<table>) (0.0s)
When the blue player moves the piece at e1 to e8
Accepted: e1e8
-> done: ActionSteps.WhenIMove(Blue, E1, E8) (0.0s)
Then the action succeeds
-> done: ValidationSteps.ThenTheActionSucceeds() (0.0s)
And the board has blue pieces matching B4C6c7cD678E8k+H4k
Successfully validated 8 Blue pieces.
-> done: ValidationSteps.ThenTheBoardHasPiecesMatching(Blue, "B4C6c7cD678E8k+H4k") (0.0s)
]]></output>
                </test-case>
                <test-case id="0-1117" name="RegularPieceWrappingAroundAndMergingCanFormAnyStackSize" fullname="Testing.Specflow.Features.GameRules.WrapAroundRulesFeature.RegularPieceWrappingAroundAndMergingCanFormAnyStackSize" methodname="RegularPieceWrappingAroundAndMergingCanFormAnyStackSize" classname="Testing.Specflow.Features.GameRules.WrapAroundRulesFeature" runstate="Runnable" seed="112203528" result="Passed" start-time="2020-02-08 19:21:44Z" end-time="2020-02-08 19:21:44Z" duration="0.029985" asserts="8">
                  <properties>
                    <property name="Description" value="Regular Piece Wrapping Around and Merging Can Form Any Stack Size" />
                  </properties>
                  <output><![CDATA[Given I define board NewGame as:
  --- table step argument ---
  | New Game Board            |
  | Benediction v1: R-E2 B E8 |
  | R:D12E12k3F12             |
  | B:D78E78k9F78             |
-> done: SetupSteps.GivenIDefine("NewGame", <table>) (0.0s)
Given I load this board:
  --- table step argument ---
  | Board                      |
  | Benediction v1: R-E2 B E8  |
  | R:A2c++D12E12k3F12G1+7H6++ |
  | B:D78E78k9F78              |
![Board Snapshot](https://raw.githubusercontent.com/MichaelSpencerJr/BenedictionGame/master/testruns/images/efee6de3-9e9c-985e-0628-cdc038d37d8b.png?raw=true)
-> done: SetupSteps.GivenILoad(<table>) (0.0s)
When the red player merges the piece at g7 onto g1
Accepted: g7+g1
-> done: ActionSteps.WhenIMerge(Red, G7, G1) (0.0s)
Then the action succeeds
-> done: ValidationSteps.ThenTheActionSucceeds() (0.0s)
And there should be a red three-stack on g1
-> done: ValidationSteps.ThenThereShouldBe(Red, "three", G1) (0.0s)
When the red player merges the piece at h6 onto a2
Accepted: h6+a2
-> done: ActionSteps.WhenIMerge(Red, H6, A2) (0.0s)
Then the action succeeds
-> done: ValidationSteps.ThenTheActionSucceeds() (0.0s)
And there should be a red six-stack on a2
-> done: ValidationSteps.ThenThereShouldBe(Red, "six", A2) (0.0s)
]]></output>
                </test-case>
                <test-case id="0-1124" name="RegularPieceWrappingAroundAndSplitMergingCanFormAnyStackSize" fullname="Testing.Specflow.Features.GameRules.WrapAroundRulesFeature.RegularPieceWrappingAroundAndSplitMergingCanFormAnyStackSize" methodname="RegularPieceWrappingAroundAndSplitMergingCanFormAnyStackSize" classname="Testing.Specflow.Features.GameRules.WrapAroundRulesFeature" runstate="Runnable" seed="1011286350" result="Passed" start-time="2020-02-08 19:21:44Z" end-time="2020-02-08 19:21:45Z" duration="0.023509" asserts="6">
                  <properties>
                    <property name="Description" value="Regular Piece Wrapping Around and Split Merging Can Form Any Stack Size" />
                  </properties>
                  <output><![CDATA[Given I define board NewGame as:
  --- table step argument ---
  | New Game Board            |
  | Benediction v1: R-E2 B E8 |
  | R:D12E12k3F12             |
  | B:D78E78k9F78             |
-> done: SetupSteps.GivenIDefine("NewGame", <table>) (0.0s)
Given I load this board:
  --- table step argument ---
  | Board                     |
  | Benediction v1: R-E2 B E8 |
  | R:A1+D12E12k3F12I5+       |
  | B:D78E78k9F78             |
![Board Snapshot](https://raw.githubusercontent.com/MichaelSpencerJr/BenedictionGame/master/testruns/images/8de9cecb-7517-e470-faee-b8ed424e74e4.png?raw=true)
-> done: SetupSteps.GivenILoad(<table>) (0.0s)
When the red player splits 1 piece from i5 onto a1
Accepted: i5-1-a1
-> done: ActionSteps.WhenISplit(Red, "1", I5, A1) (0.0s)
Then the action succeeds
-> done: ValidationSteps.ThenTheActionSucceeds() (0.0s)
And there should be a red one-stack on i5
-> done: ValidationSteps.ThenThereShouldBe(Red, "one", I5) (0.0s)
And there should be a red three-stack on a1
-> done: ValidationSteps.ThenThereShouldBe(Red, "three", A1) (0.0s)
]]></output>
                </test-case>
                <test-case id="0-1120" name="RegularPieceWrappingAroundAndSplittingLeavesBless_CursePair" fullname="Testing.Specflow.Features.GameRules.WrapAroundRulesFeature.RegularPieceWrappingAroundAndSplittingLeavesBless_CursePair" methodname="RegularPieceWrappingAroundAndSplittingLeavesBless_CursePair" classname="Testing.Specflow.Features.GameRules.WrapAroundRulesFeature" runstate="Runnable" seed="2109232413" result="Passed" start-time="2020-02-08 19:21:45Z" end-time="2020-02-08 19:21:45Z" duration="0.021267" asserts="6">
                  <properties>
                    <property name="Description" value="Regular Piece Wrapping Around and Splitting Leaves Bless-Curse Pair" />
                  </properties>
                  <output><![CDATA[Given I define board NewGame as:
  --- table step argument ---
  | New Game Board            |
  | Benediction v1: R-E2 B E8 |
  | R:D12E12k3F12             |
  | B:D78E78k9F78             |
-> done: SetupSteps.GivenIDefine("NewGame", <table>) (0.0s)
Given I load this board:
  --- table step argument ---
  | Board                     |
  | Benediction v1: R-E2 B E8 |
  | R:D12E12k3F12G7+++        |
  | B:D78E78k9F78             |
![Board Snapshot](https://raw.githubusercontent.com/MichaelSpencerJr/BenedictionGame/master/testruns/images/ae297736-9a54-9011-f334-4c1856a8fd9e.png?raw=true)
-> done: SetupSteps.GivenILoad(<table>) (0.0s)
When the red player splits 2 pieces from g7 onto g1
Accepted: g7-2-g1
-> done: ActionSteps.WhenISplit(Red, "2", G7, G1) (0.0s)
Then the action succeeds
-> done: ValidationSteps.ThenTheActionSucceeds() (0.0s)
And there should be a red cursed two-stack on g7
-> done: ValidationSteps.ThenThereShouldBeCursed(Red, "two", G7) (0.0s)
And there should be a red blessed two-stack on g1
-> done: ValidationSteps.ThenThereShouldBeBlessed(Red, "two", G1) (0.0s)
]]></output>
                </test-case>
              </test-suite>
            </test-suite>
          </test-suite>
        </test-suite>
      </test-suite>
    </test-suite>
  </test-suite>
</test-run>